#
# There is insufficient memory for the Java Runtime Environment to continue.
# Native memory allocation (malloc) failed to allocate 262160 bytes. Error detail: Chunk::new
# Possible reasons:
#   The system is out of physical RAM or swap space
#   This process is running with CompressedOops enabled, and the Java Heap may be blocking the growth of the native heap
# Possible solutions:
#   Reduce memory load on the system
#   Increase physical memory or swap space
#   Check if swap backing store is full
#   Decrease Java heap size (-Xmx/-Xms)
#   Decrease number of Java threads
#   Decrease Java thread stack sizes (-Xss)
#   Set larger code cache with -XX:ReservedCodeCacheSize=
#   JVM is running with Unscaled Compressed Oops mode in which the Java heap is
#     placed in the first 4GB address space. The Java Heap base address is the
#     maximum limit for the native heap growth. Please use -XX:HeapBaseMinAddress
#     to set the Java Heap base and to place the Java Heap above 4GB virtual address.
# This output file may be truncated or incomplete.
#
#  Out of Memory Error (arena.cpp:168), pid=2384, tid=9824
#
# JRE version: OpenJDK Runtime Environment Temurin-21.0.7+6 (21.0.7+6) (build 21.0.7+6-LTS)
# Java VM: OpenJDK 64-Bit Server VM Temurin-21.0.7+6 (21.0.7+6-LTS, mixed mode, sharing, tiered, compressed oops, compressed class ptrs, g1 gc, windows-amd64)
# No core dump will be written. Minidumps are not enabled by default on client versions of Windows
#

---------------  S U M M A R Y ------------

Command Line: -Xmx64m -Xms64m -Dorg.gradle.appname=gradlew org.gradle.wrapper.GradleWrapperMain app:installDebug -PreactNativeDevServerPort=8081

Host: AMD A9-9425 RADEON R5, 5 COMPUTE CORES 2C+3G   , 2 cores, 3G,  Windows 11 , 64 bit Build 22000 (10.0.22000.2538)
Time: Wed Oct  8 21:32:06 2025 E. Africa Standard Time elapsed time: 447.990534 seconds (0d 0h 7m 27s)

---------------  T H R E A D  ---------------

Current thread (0x000001f16ec6e0d0):  JavaThread "C2 CompilerThread0" daemon [_thread_in_native, id=9824, stack(0x000000a199000000,0x000000a199100000) (1024K)]


Current CompileTask:
C2:447992 2289       4       org.gradle.internal.logging.console.WorkInProgressRenderer::renderNow (351 bytes)

Stack: [0x000000a199000000,0x000000a199100000]
Native frames: (J=compiled Java code, j=interpreted, Vv=VM code, C=native code)
V  [jvm.dll+0x6ce119]
V  [jvm.dll+0x8a84a1]
V  [jvm.dll+0x8aa9ce]
V  [jvm.dll+0x8ab0b3]
V  [jvm.dll+0x27f8a6]
V  [jvm.dll+0xc507d]
V  [jvm.dll+0xc55b3]
V  [jvm.dll+0xc51a5]
V  [jvm.dll+0x6f522f]
V  [jvm.dll+0x3b33f6]
V  [jvm.dll+0x3b3bd2]
V  [jvm.dll+0x3209af]
V  [jvm.dll+0x690087]
V  [jvm.dll+0x13681c]
V  [jvm.dll+0x3928e4]
V  [jvm.dll+0x6ebcbe]
V  [jvm.dll+0x6eaf95]
V  [jvm.dll+0x6e638a]
V  [jvm.dll+0x6e0553]
V  [jvm.dll+0x6dfc6e]
V  [jvm.dll+0x6ddd5c]
V  [jvm.dll+0x1ca64c]
V  [jvm.dll+0x2f1e7c]
V  [jvm.dll+0x6e8562]
V  [jvm.dll+0x6e0553]
V  [jvm.dll+0x6dfc6e]
V  [jvm.dll+0x6ddd5c]
V  [jvm.dll+0x1ca64c]
V  [jvm.dll+0x2f1e7c]
V  [jvm.dll+0x6e8562]
V  [jvm.dll+0x6e0553]
V  [jvm.dll+0x6dfc6e]
V  [jvm.dll+0x6ddd5c]
V  [jvm.dll+0x1ca64c]
V  [jvm.dll+0x1cb1cc]
V  [jvm.dll+0x1cb1cc]
V  [jvm.dll+0x2f1e7c]
V  [jvm.dll+0x6e8562]
V  [jvm.dll+0x6e0553]
V  [jvm.dll+0x6dfc6e]
V  [jvm.dll+0x6ddd5c]
V  [jvm.dll+0x1ca64c]
V  [jvm.dll+0x246c3e]
V  [jvm.dll+0x1c760e]
V  [jvm.dll+0x25695a]
V  [jvm.dll+0x254efa]
V  [jvm.dll+0x3f03f6]
V  [jvm.dll+0x851f6b]
V  [jvm.dll+0x6cc7dd]
C  [ucrtbase.dll+0x26c0c]
C  [KERNEL32.DLL+0x153e0]
C  [ntdll.dll+0x485b]


---------------  P R O C E S S  ---------------

Threads class SMR info:
_java_thread_list=0x000001f173097d50, length=12, elements={
0x000001f155467700, 0x000001f16ec65300, 0x000001f16ec66ec0, 0x000001f16ec68920,
0x000001f16ec69370, 0x000001f16ec69dc0, 0x000001f16ec6c820, 0x000001f16ec6e0d0,
0x000001f16ec94a30, 0x000001f173044420, 0x000001f17304ec70, 0x000001f173887450
}

Java Threads: ( => current thread )
  0x000001f155467700 JavaThread "main"                              [_thread_in_native, id=1096, stack(0x000000a198200000,0x000000a198300000) (1024K)]
  0x000001f16ec65300 JavaThread "Reference Handler"          daemon [_thread_blocked, id=348, stack(0x000000a198a00000,0x000000a198b00000) (1024K)]
  0x000001f16ec66ec0 JavaThread "Finalizer"                  daemon [_thread_blocked, id=9936, stack(0x000000a198b00000,0x000000a198c00000) (1024K)]
  0x000001f16ec68920 JavaThread "Signal Dispatcher"          daemon [_thread_blocked, id=5476, stack(0x000000a198c00000,0x000000a198d00000) (1024K)]
  0x000001f16ec69370 JavaThread "Attach Listener"            daemon [_thread_blocked, id=8460, stack(0x000000a198d00000,0x000000a198e00000) (1024K)]
  0x000001f16ec69dc0 JavaThread "Service Thread"             daemon [_thread_blocked, id=9408, stack(0x000000a198e00000,0x000000a198f00000) (1024K)]
  0x000001f16ec6c820 JavaThread "Monitor Deflation Thread"   daemon [_thread_blocked, id=5452, stack(0x000000a198f00000,0x000000a199000000) (1024K)]
=>0x000001f16ec6e0d0 JavaThread "C2 CompilerThread0"         daemon [_thread_in_native, id=9824, stack(0x000000a199000000,0x000000a199100000) (1024K)]
  0x000001f16ec94a30 JavaThread "C1 CompilerThread0"         daemon [_thread_blocked, id=9816, stack(0x000000a199100000,0x000000a199200000) (1024K)]
  0x000001f173044420 JavaThread "Notification Thread"        daemon [_thread_blocked, id=6660, stack(0x000000a199200000,0x000000a199300000) (1024K)]
  0x000001f17304ec70 JavaThread "Common-Cleaner"             daemon [_thread_blocked, id=6568, stack(0x000000a199300000,0x000000a199400000) (1024K)]
  0x000001f173887450 JavaThread "pool-1-thread-1"                   [_thread_blocked, id=6360, stack(0x000000a199500000,0x000000a199600000) (1024K)]
Total: 12

Other Threads:
  0x000001f15553c0e0 VMThread "VM Thread"                           [id=7292, stack(0x000000a198900000,0x000000a198a00000) (1024K)]
  0x000001f16ec4a9f0 WatcherThread "VM Periodic Task Thread"        [id=7584, stack(0x000000a198800000,0x000000a198900000) (1024K)]
  0x000001f155484cb0 WorkerThread "GC Thread#0"                     [id=4788, stack(0x000000a198300000,0x000000a198400000) (1024K)]
  0x000001f1732c8900 WorkerThread "GC Thread#1"                     [id=9796, stack(0x000000a199400000,0x000000a199500000) (1024K)]
  0x000001f155486640 ConcurrentGCThread "G1 Main Marker"            [id=7156, stack(0x000000a198400000,0x000000a198500000) (1024K)]
  0x000001f1554872f0 WorkerThread "G1 Conc#0"                       [id=8832, stack(0x000000a198500000,0x000000a198600000) (1024K)]
  0x000001f1554d4c30 ConcurrentGCThread "G1 Refine#0"               [id=6236, stack(0x000000a198600000,0x000000a198700000) (1024K)]
  0x000001f1554d6420 ConcurrentGCThread "G1 Service"                [id=3860, stack(0x000000a198700000,0x000000a198800000) (1024K)]
Total: 8

Threads with active compile tasks:
C2 CompilerThread0  448326 2289       4       org.gradle.internal.logging.console.WorkInProgressRenderer::renderNow (351 bytes)
Total: 1

VM state: not at safepoint (normal execution)

VM Mutex/Monitor currently owned by a thread: None

Heap address: 0x00000000fc000000, size: 64 MB, Compressed Oops mode: 32-bit

CDS archive(s) mapped at: [0x000001f100000000-0x000001f100c80000-0x000001f100c80000), size 13107200, SharedBaseAddress: 0x000001f100000000, ArchiveRelocationMode: 1.
Compressed class space mapped at: 0x000001f101000000-0x000001f141000000, reserved size: 1073741824
Narrow klass base: 0x000001f100000000, Narrow klass shift: 0, Narrow klass range: 0x100000000

GC Precious Log:
 CardTable entry size: 512
 Card Set container configuration: InlinePtr #cards 5 size 8 Array Of Cards #cards 12 size 40 Howl #buckets 4 coarsen threshold 1843 Howl Bitmap #cards 512 size 80 coarsen threshold 460 Card regions per heap region 1 cards per card region 2048
 CPUs: 2 total, 2 available
 Memory: 3983M
 Large Page Support: Disabled
 NUMA Support: Disabled
 Compressed Oops: Enabled (32-bit)
 Heap Region Size: 1M
 Heap Min Capacity: 64M
 Heap Initial Capacity: 64M
 Heap Max Capacity: 64M
 Pre-touch: Disabled
 Parallel Workers: 2
 Concurrent Workers: 1
 Concurrent Refinement Workers: 2
 Periodic GC: Disabled

Heap:
 garbage-first heap   total 65536K, used 16112K [0x00000000fc000000, 0x0000000100000000)
  region size 1024K, 9 young (9216K), 5 survivors (5120K)
 Metaspace       used 10135K, committed 10496K, reserved 1114112K
  class space    used 1302K, committed 1472K, reserved 1048576K

Heap Regions: E=young(eden), S=young(survivor), O=old, HS=humongous(starts), HC=humongous(continues), CS=collection set, F=free, TAMS=top-at-mark-start, PB=parsable bottom
|   0|0x00000000fc000000, 0x00000000fc100000, 0x00000000fc100000|100%| O|  |TAMS 0x00000000fc000000| PB 0x00000000fc000000| Untracked 
|   1|0x00000000fc100000, 0x00000000fc200000, 0x00000000fc200000|100%| O|  |TAMS 0x00000000fc100000| PB 0x00000000fc100000| Untracked 
|   2|0x00000000fc200000, 0x00000000fc300000, 0x00000000fc300000|100%|HS|  |TAMS 0x00000000fc200000| PB 0x00000000fc200000| Complete 
|   3|0x00000000fc300000, 0x00000000fc400000, 0x00000000fc400000|100%|HC|  |TAMS 0x00000000fc300000| PB 0x00000000fc300000| Complete 
|   4|0x00000000fc400000, 0x00000000fc500000, 0x00000000fc500000|100%|HC|  |TAMS 0x00000000fc400000| PB 0x00000000fc400000| Complete 
|   5|0x00000000fc500000, 0x00000000fc600000, 0x00000000fc600000|100%| O|  |TAMS 0x00000000fc500000| PB 0x00000000fc500000| Untracked 
|   6|0x00000000fc600000, 0x00000000fc700000, 0x00000000fc700000|100%| O|  |TAMS 0x00000000fc600000| PB 0x00000000fc600000| Untracked 
|   7|0x00000000fc700000, 0x00000000fc7bc0c0, 0x00000000fc800000| 73%| O|  |TAMS 0x00000000fc700000| PB 0x00000000fc700000| Untracked 
|   8|0x00000000fc800000, 0x00000000fc800000, 0x00000000fc900000|  0%| F|  |TAMS 0x00000000fc800000| PB 0x00000000fc800000| Untracked 
|   9|0x00000000fc900000, 0x00000000fc900000, 0x00000000fca00000|  0%| F|  |TAMS 0x00000000fc900000| PB 0x00000000fc900000| Untracked 
|  10|0x00000000fca00000, 0x00000000fca00000, 0x00000000fcb00000|  0%| F|  |TAMS 0x00000000fca00000| PB 0x00000000fca00000| Untracked 
|  11|0x00000000fcb00000, 0x00000000fcb00000, 0x00000000fcc00000|  0%| F|  |TAMS 0x00000000fcb00000| PB 0x00000000fcb00000| Untracked 
|  12|0x00000000fcc00000, 0x00000000fcc00000, 0x00000000fcd00000|  0%| F|  |TAMS 0x00000000fcc00000| PB 0x00000000fcc00000| Untracked 
|  13|0x00000000fcd00000, 0x00000000fcd00000, 0x00000000fce00000|  0%| F|  |TAMS 0x00000000fcd00000| PB 0x00000000fcd00000| Untracked 
|  14|0x00000000fce00000, 0x00000000fce00000, 0x00000000fcf00000|  0%| F|  |TAMS 0x00000000fce00000| PB 0x00000000fce00000| Untracked 
|  15|0x00000000fcf00000, 0x00000000fcf00000, 0x00000000fd000000|  0%| F|  |TAMS 0x00000000fcf00000| PB 0x00000000fcf00000| Untracked 
|  16|0x00000000fd000000, 0x00000000fd000000, 0x00000000fd100000|  0%| F|  |TAMS 0x00000000fd000000| PB 0x00000000fd000000| Untracked 
|  17|0x00000000fd100000, 0x00000000fd100000, 0x00000000fd200000|  0%| F|  |TAMS 0x00000000fd100000| PB 0x00000000fd100000| Untracked 
|  18|0x00000000fd200000, 0x00000000fd200000, 0x00000000fd300000|  0%| F|  |TAMS 0x00000000fd200000| PB 0x00000000fd200000| Untracked 
|  19|0x00000000fd300000, 0x00000000fd300000, 0x00000000fd400000|  0%| F|  |TAMS 0x00000000fd300000| PB 0x00000000fd300000| Untracked 
|  20|0x00000000fd400000, 0x00000000fd400000, 0x00000000fd500000|  0%| F|  |TAMS 0x00000000fd400000| PB 0x00000000fd400000| Untracked 
|  21|0x00000000fd500000, 0x00000000fd600000, 0x00000000fd600000|100%| S|CS|TAMS 0x00000000fd500000| PB 0x00000000fd500000| Complete 
|  22|0x00000000fd600000, 0x00000000fd700000, 0x00000000fd700000|100%| S|CS|TAMS 0x00000000fd600000| PB 0x00000000fd600000| Complete 
|  23|0x00000000fd700000, 0x00000000fd800000, 0x00000000fd800000|100%| S|CS|TAMS 0x00000000fd700000| PB 0x00000000fd700000| Complete 
|  24|0x00000000fd800000, 0x00000000fd900000, 0x00000000fd900000|100%| S|CS|TAMS 0x00000000fd800000| PB 0x00000000fd800000| Complete 
|  25|0x00000000fd900000, 0x00000000fda00000, 0x00000000fda00000|100%| S|CS|TAMS 0x00000000fd900000| PB 0x00000000fd900000| Complete 
|  26|0x00000000fda00000, 0x00000000fda00000, 0x00000000fdb00000|  0%| F|  |TAMS 0x00000000fda00000| PB 0x00000000fda00000| Untracked 
|  27|0x00000000fdb00000, 0x00000000fdb00000, 0x00000000fdc00000|  0%| F|  |TAMS 0x00000000fdb00000| PB 0x00000000fdb00000| Untracked 
|  28|0x00000000fdc00000, 0x00000000fdc00000, 0x00000000fdd00000|  0%| F|  |TAMS 0x00000000fdc00000| PB 0x00000000fdc00000| Untracked 
|  29|0x00000000fdd00000, 0x00000000fdd00000, 0x00000000fde00000|  0%| F|  |TAMS 0x00000000fdd00000| PB 0x00000000fdd00000| Untracked 
|  30|0x00000000fde00000, 0x00000000fde00000, 0x00000000fdf00000|  0%| F|  |TAMS 0x00000000fde00000| PB 0x00000000fde00000| Untracked 
|  31|0x00000000fdf00000, 0x00000000fdf00000, 0x00000000fe000000|  0%| F|  |TAMS 0x00000000fdf00000| PB 0x00000000fdf00000| Untracked 
|  32|0x00000000fe000000, 0x00000000fe000000, 0x00000000fe100000|  0%| F|  |TAMS 0x00000000fe000000| PB 0x00000000fe000000| Untracked 
|  33|0x00000000fe100000, 0x00000000fe100000, 0x00000000fe200000|  0%| F|  |TAMS 0x00000000fe100000| PB 0x00000000fe100000| Untracked 
|  34|0x00000000fe200000, 0x00000000fe200000, 0x00000000fe300000|  0%| F|  |TAMS 0x00000000fe200000| PB 0x00000000fe200000| Untracked 
|  35|0x00000000fe300000, 0x00000000fe300000, 0x00000000fe400000|  0%| F|  |TAMS 0x00000000fe300000| PB 0x00000000fe300000| Untracked 
|  36|0x00000000fe400000, 0x00000000fe400000, 0x00000000fe500000|  0%| F|  |TAMS 0x00000000fe400000| PB 0x00000000fe400000| Untracked 
|  37|0x00000000fe500000, 0x00000000fe500000, 0x00000000fe600000|  0%| F|  |TAMS 0x00000000fe500000| PB 0x00000000fe500000| Untracked 
|  38|0x00000000fe600000, 0x00000000fe600000, 0x00000000fe700000|  0%| F|  |TAMS 0x00000000fe600000| PB 0x00000000fe600000| Untracked 
|  39|0x00000000fe700000, 0x00000000fe700000, 0x00000000fe800000|  0%| F|  |TAMS 0x00000000fe700000| PB 0x00000000fe700000| Untracked 
|  40|0x00000000fe800000, 0x00000000fe800000, 0x00000000fe900000|  0%| F|  |TAMS 0x00000000fe800000| PB 0x00000000fe800000| Untracked 
|  41|0x00000000fe900000, 0x00000000fe900000, 0x00000000fea00000|  0%| F|  |TAMS 0x00000000fe900000| PB 0x00000000fe900000| Untracked 
|  42|0x00000000fea00000, 0x00000000fea00000, 0x00000000feb00000|  0%| F|  |TAMS 0x00000000fea00000| PB 0x00000000fea00000| Untracked 
|  43|0x00000000feb00000, 0x00000000feb00000, 0x00000000fec00000|  0%| F|  |TAMS 0x00000000feb00000| PB 0x00000000feb00000| Untracked 
|  44|0x00000000fec00000, 0x00000000fec00000, 0x00000000fed00000|  0%| F|  |TAMS 0x00000000fec00000| PB 0x00000000fec00000| Untracked 
|  45|0x00000000fed00000, 0x00000000fed00000, 0x00000000fee00000|  0%| F|  |TAMS 0x00000000fed00000| PB 0x00000000fed00000| Untracked 
|  46|0x00000000fee00000, 0x00000000fee00000, 0x00000000fef00000|  0%| F|  |TAMS 0x00000000fee00000| PB 0x00000000fee00000| Untracked 
|  47|0x00000000fef00000, 0x00000000fef00000, 0x00000000ff000000|  0%| F|  |TAMS 0x00000000fef00000| PB 0x00000000fef00000| Untracked 
|  48|0x00000000ff000000, 0x00000000ff000000, 0x00000000ff100000|  0%| F|  |TAMS 0x00000000ff000000| PB 0x00000000ff000000| Untracked 
|  49|0x00000000ff100000, 0x00000000ff100000, 0x00000000ff200000|  0%| F|  |TAMS 0x00000000ff100000| PB 0x00000000ff100000| Untracked 
|  50|0x00000000ff200000, 0x00000000ff200000, 0x00000000ff300000|  0%| F|  |TAMS 0x00000000ff200000| PB 0x00000000ff200000| Untracked 
|  51|0x00000000ff300000, 0x00000000ff300000, 0x00000000ff400000|  0%| F|  |TAMS 0x00000000ff300000| PB 0x00000000ff300000| Untracked 
|  52|0x00000000ff400000, 0x00000000ff400000, 0x00000000ff500000|  0%| F|  |TAMS 0x00000000ff400000| PB 0x00000000ff400000| Untracked 
|  53|0x00000000ff500000, 0x00000000ff500000, 0x00000000ff600000|  0%| F|  |TAMS 0x00000000ff500000| PB 0x00000000ff500000| Untracked 
|  54|0x00000000ff600000, 0x00000000ff600000, 0x00000000ff700000|  0%| F|  |TAMS 0x00000000ff600000| PB 0x00000000ff600000| Untracked 
|  55|0x00000000ff700000, 0x00000000ff700000, 0x00000000ff800000|  0%| F|  |TAMS 0x00000000ff700000| PB 0x00000000ff700000| Untracked 
|  56|0x00000000ff800000, 0x00000000ff800000, 0x00000000ff900000|  0%| F|  |TAMS 0x00000000ff800000| PB 0x00000000ff800000| Untracked 
|  57|0x00000000ff900000, 0x00000000ff900000, 0x00000000ffa00000|  0%| F|  |TAMS 0x00000000ff900000| PB 0x00000000ff900000| Untracked 
|  58|0x00000000ffa00000, 0x00000000ffa00000, 0x00000000ffb00000|  0%| F|  |TAMS 0x00000000ffa00000| PB 0x00000000ffa00000| Untracked 
|  59|0x00000000ffb00000, 0x00000000ffb00000, 0x00000000ffc00000|  0%| F|  |TAMS 0x00000000ffb00000| PB 0x00000000ffb00000| Untracked 
|  60|0x00000000ffc00000, 0x00000000ffceae30, 0x00000000ffd00000| 91%| E|  |TAMS 0x00000000ffc00000| PB 0x00000000ffc00000| Complete 
|  61|0x00000000ffd00000, 0x00000000ffe00000, 0x00000000ffe00000|100%| E|CS|TAMS 0x00000000ffd00000| PB 0x00000000ffd00000| Complete 
|  62|0x00000000ffe00000, 0x00000000fff00000, 0x00000000fff00000|100%| E|CS|TAMS 0x00000000ffe00000| PB 0x00000000ffe00000| Complete 
|  63|0x00000000fff00000, 0x0000000100000000, 0x0000000100000000|100%| E|CS|TAMS 0x00000000fff00000| PB 0x00000000fff00000| Complete 

Card table byte_map: [0x000001f155070000,0x000001f155090000] _byte_map_base: 0x000001f154890000

Marking Bits: (CMBitMap*) 0x000001f1554853b0
 Bits: [0x000001f155090000, 0x000001f155190000)

Polling page: 0x000001f153500000

Metaspace:

Usage:
  Non-class:      8.63 MB used.
      Class:      1.27 MB used.
       Both:      9.90 MB used.

Virtual space:
  Non-class space:       64.00 MB reserved,       8.81 MB ( 14%) committed,  1 nodes.
      Class space:        1.00 GB reserved,       1.44 MB ( <1%) committed,  1 nodes.
             Both:        1.06 GB reserved,      10.25 MB ( <1%) committed. 

Chunk freelists:
   Non-Class:  6.34 MB
       Class:  14.51 MB
        Both:  20.86 MB

MaxMetaspaceSize: unlimited
CompressedClassSpaceSize: 1.00 GB
Initial GC threshold: 21.00 MB
Current GC threshold: 21.00 MB
CDS: on
 - commit_granule_bytes: 65536.
 - commit_granule_words: 8192.
 - virtual_space_node_default_size: 8388608.
 - enlarge_chunks_in_place: 1.
 - use_allocation_guard: 0.


Internal statistics:

num_allocs_failed_limit: 0.
num_arena_births: 304.
num_arena_deaths: 0.
num_vsnodes_births: 2.
num_vsnodes_deaths: 0.
num_space_committed: 164.
num_space_uncommitted: 0.
num_chunks_returned_to_freelist: 0.
num_chunks_taken_from_freelist: 632.
num_chunk_merges: 0.
num_chunk_splits: 391.
num_chunks_enlarged: 258.
num_inconsistent_stats: 0.

CodeHeap 'non-profiled nmethods': size=120064Kb used=943Kb max_used=943Kb free=119120Kb
 bounds [0x000001f165630000, 0x000001f1658a0000, 0x000001f16cb70000]
CodeHeap 'profiled nmethods': size=120000Kb used=4271Kb max_used=4271Kb free=115728Kb
 bounds [0x000001f15db70000, 0x000001f15dfa0000, 0x000001f1650a0000]
CodeHeap 'non-nmethods': size=5696Kb used=1403Kb max_used=1426Kb free=4293Kb
 bounds [0x000001f1650a0000, 0x000001f165310000, 0x000001f165630000]
 total_blobs=2781 nmethods=2283 adapters=404
 compilation: enabled
              stopped_count=0, restarted_count=0
 full_count=0

Compilation events (20 events):
Event: 401.545 Thread 0x000001f16ec94a30 nmethod 2279 0x000001f15df99e10 code [0x000001f15df99fe0, 0x000001f15df9a348]
Event: 401.545 Thread 0x000001f16ec94a30 2280       3       com.google.common.collect.Lists$ReverseList::size (10 bytes)
Event: 401.545 Thread 0x000001f16ec94a30 nmethod 2280 0x000001f15df9a490 code [0x000001f15df9a640, 0x000001f15df9a818]
Event: 401.545 Thread 0x000001f16ec94a30 2281       3       java.util.ArrayList::listIterator (15 bytes)
Event: 401.547 Thread 0x000001f16ec94a30 nmethod 2281 0x000001f15df9a910 code [0x000001f15df9ab00, 0x000001f15df9b048]
Event: 401.547 Thread 0x000001f16ec94a30 2282       3       org.gradle.internal.logging.console.DefaultColorMap$ForegroundColor::off (9 bytes)
Event: 401.552 Thread 0x000001f16ec94a30 nmethod 2282 0x000001f15df9b210 code [0x000001f15df9b420, 0x000001f15df9ba60]
Event: 408.110 Thread 0x000001f16ec6e0d0 2283       4       java.util.ArrayList::<init> (61 bytes)
Event: 408.118 Thread 0x000001f16ec6e0d0 nmethod 2283 0x000001f165715310 code [0x000001f1657154a0, 0x000001f165715820]
Event: 418.749 Thread 0x000001f16ec6e0d0 2284       4       java.lang.ThreadLocal::get (35 bytes)
Event: 418.768 Thread 0x000001f16ec6e0d0 nmethod 2284 0x000001f165715910 code [0x000001f165715ac0, 0x000001f165715c68]
Event: 420.545 Thread 0x000001f16ec6e0d0 2285       4       java.util.AbstractList::equals (117 bytes)
Event: 420.595 Thread 0x000001f16ec6e0d0 nmethod 2285 0x000001f165715e10 code [0x000001f1657160a0, 0x000001f165716b78]
Event: 424.534 Thread 0x000001f16ec6e0d0 2286       4       com.google.common.collect.RegularImmutableList::size (6 bytes)
Event: 424.534 Thread 0x000001f16ec6e0d0 nmethod 2286 0x000001f165717510 code [0x000001f1657176a0, 0x000001f165717740]
Event: 425.842 Thread 0x000001f16ec6e0d0 2287       4       org.gradle.internal.logging.console.DefaultWorkInProgressFormatter::format (102 bytes)
Event: 426.188 Thread 0x000001f16ec6e0d0 nmethod 2287 0x000001f165717810 code [0x000001f165717bc0, 0x000001f16571a5a0]
Event: 436.552 Thread 0x000001f16ec6e0d0 2288       4       org.gradle.internal.logging.console.DefaultAnsiExecutor::positionCursorAt (181 bytes)
Event: 436.565 Thread 0x000001f16ec6e0d0 nmethod 2288 0x000001f16571b890 code [0x000001f16571ba60, 0x000001f16571bce0]
Event: 447.845 Thread 0x000001f16ec6e0d0 2289       4       org.gradle.internal.logging.console.WorkInProgressRenderer::renderNow (351 bytes)

GC Heap History (8 events):
Event: 3.238 GC heap before
{Heap before GC invocations=0 (full 0):
 garbage-first heap   total 65536K, used 6144K [0x00000000fc000000, 0x0000000100000000)
  region size 1024K, 6 young (6144K), 0 survivors (0K)
 Metaspace       used 1536K, committed 1728K, reserved 1114112K
  class space    used 147K, committed 256K, reserved 1048576K
}
Event: 3.255 GC heap after
{Heap after GC invocations=1 (full 0):
 garbage-first heap   total 65536K, used 1256K [0x00000000fc000000, 0x0000000100000000)
  region size 1024K, 1 young (1024K), 1 survivors (1024K)
 Metaspace       used 1536K, committed 1728K, reserved 1114112K
  class space    used 147K, committed 256K, reserved 1048576K
}
Event: 3.671 GC heap before
{Heap before GC invocations=1 (full 0):
 garbage-first heap   total 65536K, used 6376K [0x00000000fc000000, 0x0000000100000000)
  region size 1024K, 7 young (7168K), 1 survivors (1024K)
 Metaspace       used 1571K, committed 1792K, reserved 1114112K
  class space    used 147K, committed 256K, reserved 1048576K
}
Event: 3.676 GC heap after
{Heap after GC invocations=2 (full 0):
 garbage-first heap   total 65536K, used 1672K [0x00000000fc000000, 0x0000000100000000)
  region size 1024K, 1 young (1024K), 1 survivors (1024K)
 Metaspace       used 1571K, committed 1792K, reserved 1114112K
  class space    used 147K, committed 256K, reserved 1048576K
}
Event: 4.599 GC heap before
{Heap before GC invocations=2 (full 0):
 garbage-first heap   total 65536K, used 13960K [0x00000000fc000000, 0x0000000100000000)
  region size 1024K, 14 young (14336K), 1 survivors (1024K)
 Metaspace       used 1710K, committed 1856K, reserved 1114112K
  class space    used 149K, committed 256K, reserved 1048576K
}
Event: 4.606 GC heap after
{Heap after GC invocations=3 (full 0):
 garbage-first heap   total 65536K, used 2953K [0x00000000fc000000, 0x0000000100000000)
  region size 1024K, 2 young (2048K), 2 survivors (2048K)
 Metaspace       used 1710K, committed 1856K, reserved 1114112K
  class space    used 149K, committed 256K, reserved 1048576K
}
Event: 257.547 GC heap before
{Heap before GC invocations=3 (full 0):
 garbage-first heap   total 65536K, used 42889K [0x00000000fc000000, 0x0000000100000000)
  region size 1024K, 38 young (38912K), 2 survivors (2048K)
 Metaspace       used 10112K, committed 10496K, reserved 1114112K
  class space    used 1302K, committed 1472K, reserved 1048576K
}
Event: 258.191 GC heap after
{Heap after GC invocations=4 (full 0):
 garbage-first heap   total 65536K, used 13040K [0x00000000fc000000, 0x0000000100000000)
  region size 1024K, 5 young (5120K), 5 survivors (5120K)
 Metaspace       used 10112K, committed 10496K, reserved 1114112K
  class space    used 1302K, committed 1472K, reserved 1048576K
}

Dll operation events (13 events):
Event: 0.066 Loaded shared library C:\Program Files\Eclipse Adoptium\jdk-21.0.7.6-hotspot\bin\java.dll
Event: 0.440 Loaded shared library C:\Program Files\Eclipse Adoptium\jdk-21.0.7.6-hotspot\bin\jsvml.dll
Event: 0.627 Loaded shared library C:\Program Files\Eclipse Adoptium\jdk-21.0.7.6-hotspot\bin\net.dll
Event: 0.635 Loaded shared library C:\Program Files\Eclipse Adoptium\jdk-21.0.7.6-hotspot\bin\nio.dll
Event: 1.833 Loaded shared library C:\Program Files\Eclipse Adoptium\jdk-21.0.7.6-hotspot\bin\zip.dll
Event: 1.862 Loaded shared library C:\Program Files\Eclipse Adoptium\jdk-21.0.7.6-hotspot\bin\verify.dll
Event: 4.189 Loaded shared library C:\Program Files\Eclipse Adoptium\jdk-21.0.7.6-hotspot\bin\jimage.dll
Event: 7.019 Loaded shared library C:\Program Files\Eclipse Adoptium\jdk-21.0.7.6-hotspot\bin\management.dll
Event: 7.035 Loaded shared library C:\Program Files\Eclipse Adoptium\jdk-21.0.7.6-hotspot\bin\management_ext.dll
Event: 7.448 Loaded shared library C:\Users\Asia\.gradle\native\1def1411415f61bf3af743bc5b6707747c0891f09f0c88961ee8f79bc544acac\windows-amd64\native-platform.dll
Event: 8.177 Loaded shared library C:\Users\Asia\.gradle\native\jansi\1.18\windows64\jansi.dll
Event: 9.786 Loaded shared library C:\Program Files\Eclipse Adoptium\jdk-21.0.7.6-hotspot\bin\extnet.dll
Event: 12.334 Loaded shared library C:\Program Files\Eclipse Adoptium\jdk-21.0.7.6-hotspot\bin\sunmscapi.dll

Deoptimization events (20 events):
Event: 109.342 Thread 0x000001f173887450 DEOPT PACKING pc=0x000001f1656c21e4 sp=0x000000a1995fe850
Event: 109.342 Thread 0x000001f173887450 DEOPT UNPACKING pc=0x000001f1650f46a2 sp=0x000000a1995fe820 mode 2
Event: 109.343 Thread 0x000001f173887450 Uncommon trap: trap_request=0xffffff45 fr.pc=0x000001f165649e9c relative=0x00000000000001fc
Event: 109.343 Thread 0x000001f173887450 Uncommon trap: reason=unstable_if action=reinterpret pc=0x000001f165649e9c method=java.lang.String.indexOf(II)I @ 4 c2
Event: 109.343 Thread 0x000001f173887450 DEOPT PACKING pc=0x000001f165649e9c sp=0x000000a1995fe350
Event: 109.343 Thread 0x000001f173887450 DEOPT UNPACKING pc=0x000001f1650f46a2 sp=0x000000a1995fe2f0 mode 2
Event: 109.343 Thread 0x000001f173887450 Uncommon trap: trap_request=0xffffff45 fr.pc=0x000001f1656890b0 relative=0x0000000000000550
Event: 109.343 Thread 0x000001f173887450 Uncommon trap: reason=unstable_if action=reinterpret pc=0x000001f1656890b0 method=java.lang.AbstractStringBuilder.inflateIfNeededFor(Ljava/lang/String;)V @ 14 c2
Event: 109.343 Thread 0x000001f173887450 DEOPT PACKING pc=0x000001f1656890b0 sp=0x000000a1995fe130
Event: 109.344 Thread 0x000001f173887450 DEOPT UNPACKING pc=0x000001f1650f46a2 sp=0x000000a1995fe028 mode 2
Event: 109.344 Thread 0x000001f173887450 Uncommon trap: trap_request=0xffffff45 fr.pc=0x000001f1656cec24 relative=0x00000000000004e4
Event: 109.344 Thread 0x000001f173887450 Uncommon trap: reason=unstable_if action=reinterpret pc=0x000001f1656cec24 method=java.lang.AbstractStringBuilder.isLatin1()Z @ 10 c2
Event: 109.344 Thread 0x000001f173887450 DEOPT PACKING pc=0x000001f1656cec24 sp=0x000000a1995fe4e0
Event: 109.344 Thread 0x000001f173887450 DEOPT UNPACKING pc=0x000001f1650f46a2 sp=0x000000a1995fe368 mode 2
Event: 109.344 Thread 0x000001f173887450 Uncommon trap: trap_request=0xffffff45 fr.pc=0x000001f1656525a4 relative=0x0000000000000264
Event: 109.344 Thread 0x000001f173887450 Uncommon trap: reason=unstable_if action=reinterpret pc=0x000001f1656525a4 method=java.lang.String.getChars(II[CI)V @ 24 c2
Event: 109.344 Thread 0x000001f173887450 DEOPT PACKING pc=0x000001f1656525a4 sp=0x000000a1995fe440
Event: 109.344 Thread 0x000001f173887450 DEOPT UNPACKING pc=0x000001f1650f46a2 sp=0x000000a1995fe3d8 mode 2
Event: 378.808 Thread 0x000001f173887450 DEOPT PACKING pc=0x000001f15df04d7e sp=0x000000a1995fe610
Event: 378.813 Thread 0x000001f173887450 DEOPT UNPACKING pc=0x000001f1650f4e42 sp=0x000000a1995fda80 mode 0

Classes loaded (20 events):
Event: 70.375 Loading class jdk/internal/logger/LazyLoggers
Event: 70.379 Loading class jdk/internal/logger/LazyLoggers done
Event: 70.379 Loading class jdk/internal/logger/LazyLoggers$1
Event: 70.385 Loading class jdk/internal/logger/LazyLoggers$1 done
Event: 70.386 Loading class jdk/internal/logger/LazyLoggers$LazyLoggerFactories
Event: 70.387 Loading class jdk/internal/logger/LazyLoggers$LazyLoggerFactories done
Event: 70.389 Loading class jdk/internal/logger/LoggerFinderLoader
Event: 70.390 Loading class jdk/internal/logger/LoggerFinderLoader done
Event: 70.392 Loading class jdk/internal/logger/LoggerFinderLoader$TemporaryLoggerFinder
Event: 70.392 Loading class jdk/internal/logger/LoggerFinderLoader$TemporaryLoggerFinder done
Event: 70.394 Loading class sun/util/logging/internal/LoggingProviderImpl$JULWrapper
Event: 70.398 Loading class sun/util/logging/PlatformLogger$ConfigurableBridge$LoggerConfiguration
Event: 70.413 Loading class sun/util/logging/PlatformLogger$ConfigurableBridge$LoggerConfiguration done
Event: 70.413 Loading class sun/util/logging/internal/LoggingProviderImpl$JULWrapper done
Event: 70.415 Loading class java/io/ObjectInputFilter$Config$BuiltinFilterFactory
Event: 70.419 Loading class java/io/ObjectInputFilter$Config$BuiltinFilterFactory done
Event: 70.419 Loading class jdk/internal/access/JavaObjectInputFilterAccess
Event: 70.419 Loading class jdk/internal/access/JavaObjectInputFilterAccess done
Event: 70.420 Loading class java/lang/System$Logger$Level
Event: 70.423 Loading class java/lang/System$Logger$Level done

Classes unloaded (0 events):
No events

Classes redefined (0 events):
No events

Internal exceptions (20 events):
Event: 10.517 Thread 0x000001f155467700 Exception <a 'java/lang/NoSuchMethodError'{0x00000000fe55dc70}: 'java.lang.Object java.lang.invoke.DirectMethodHandle$Holder.invokeStatic(java.lang.Object, java.lang.Object, java.lang.Object, java.lang.Object, java.lang.Object, java.lang.Object, java.lang.Object, java.lang.Object, java.lang.Object, java.lang.Object, java.lang.Object, java.lang.Object, java.lang.Object, java.lang.Object, java.lang.Object, java.lang.Object)'> (0x00000000fe55dc70) 
thrown [s\src\hotspot\share\interpreter\linkResolver.cpp, lin
Event: 10.557 Thread 0x000001f155467700 Exception <a 'java/lang/NoSuchMethodError'{0x00000000fe584290}: 'java.lang.Object java.lang.invoke.DirectMethodHandle$Holder.invokeStatic(java.lang.Object, java.lang.Object, java.lang.Object, java.lang.Object, java.lang.Object, java.lang.Object, java.lang.Object, java.lang.Object, java.lang.Object, java.lang.Object, java.lang.Object, java.lang.Object, java.lang.Object, java.lang.Object, java.lang.Object, java.lang.Object, java.lang.Object)'> (0x00000000fe584290) 
thrown [s\src\hotspot\share\interpreter\lin
Event: 10.604 Thread 0x000001f155467700 Exception <a 'java/lang/NoSuchMethodError'{0x00000000fe5aba88}: 'java.lang.Object java.lang.invoke.DirectMethodHandle$Holder.invokeStatic(java.lang.Object, java.lang.Object, java.lang.Object, java.lang.Object, java.lang.Object, java.lang.Object, java.lang.Object, java.lang.Object, java.lang.Object, java.lang.Object, java.lang.Object, java.lang.Object, java.lang.Object, java.lang.Object, java.lang.Object, java.lang.Object, java.lang.Object, java.lang.Object)'> (0x00000000fe5aba88) 
thrown [s\src\hotspot\sha
Event: 10.646 Thread 0x000001f155467700 Exception <a 'java/lang/NoSuchMethodError'{0x00000000fe5d4548}: 'java.lang.Object java.lang.invoke.DirectMethodHandle$Holder.invokeStatic(java.lang.Object, java.lang.Object, java.lang.Object, java.lang.Object, java.lang.Object, java.lang.Object, java.lang.Object, java.lang.Object, java.lang.Object, java.lang.Object, java.lang.Object, java.lang.Object, java.lang.Object, java.lang.Object, java.lang.Object, java.lang.Object, java.lang.Object, java.lang.Object, java.lang.Object)'> (0x00000000fe5d4548) 
thrown 
Event: 10.694 Thread 0x000001f155467700 Exception <a 'java/lang/NoSuchMethodError'{0x00000000fe5fe3c8}: 'java.lang.Object java.lang.invoke.DirectMethodHandle$Holder.invokeStatic(java.lang.Object, java.lang.Object, java.lang.Object, java.lang.Object, java.lang.Object, java.lang.Object, java.lang.Object, java.lang.Object, java.lang.Object, java.lang.Object, java.lang.Object, java.lang.Object, java.lang.Object, java.lang.Object, java.lang.Object, java.lang.Object, java.lang.Object, java.lang.Object, java.lang.Object, java.lang.Object)'> (0x00000000
Event: 10.728 Thread 0x000001f155467700 Exception <a 'java/lang/NoSuchMethodError'{0x00000000fe429590}: 'java.lang.Object java.lang.invoke.DirectMethodHandle$Holder.invokeStatic(java.lang.Object, java.lang.Object, java.lang.Object, java.lang.Object, java.lang.Object, java.lang.Object, java.lang.Object, java.lang.Object, java.lang.Object, java.lang.Object, java.lang.Object, java.lang.Object, java.lang.Object, java.lang.Object, java.lang.Object, java.lang.Object, java.lang.Object, java.lang.Object, java.lang.Object, java.lang.Object, java.lang.Obj
Event: 10.752 Thread 0x000001f155467700 Exception <a 'java/lang/NoSuchMethodError'{0x00000000fe454e58}: 'java.lang.Object java.lang.invoke.DirectMethodHandle$Holder.invokeStatic(java.lang.Object, java.lang.Object, java.lang.Object, java.lang.Object, java.lang.Object, java.lang.Object, java.lang.Object, java.lang.Object, java.lang.Object, java.lang.Object, java.lang.Object, java.lang.Object, java.lang.Object, java.lang.Object, java.lang.Object, java.lang.Object, java.lang.Object, java.lang.Object, java.lang.Object, java.lang.Object, java.lang.Obj
Event: 10.794 Thread 0x000001f155467700 Exception <a 'java/lang/NoSuchMethodError'{0x00000000fe481630}: 'java.lang.Object java.lang.invoke.DirectMethodHandle$Holder.invokeStatic(java.lang.Object, java.lang.Object, java.lang.Object, java.lang.Object, java.lang.Object, java.lang.Object, java.lang.Object, java.lang.Object, java.lang.Object, java.lang.Object, java.lang.Object, java.lang.Object, java.lang.Object, java.lang.Object, java.lang.Object, java.lang.Object, java.lang.Object, java.lang.Object, java.lang.Object, java.lang.Object, java.lang.Obj
Event: 10.832 Thread 0x000001f155467700 Exception <a 'java/lang/NoSuchMethodError'{0x00000000fe4ae4f8}: 'java.lang.Object java.lang.invoke.DirectMethodHandle$Holder.invokeStatic(java.lang.Object, java.lang.Object, java.lang.Object, java.lang.Object, java.lang.Object, java.lang.Object, java.lang.Object, java.lang.Object, java.lang.Object, java.lang.Object, java.lang.Object, java.lang.Object, java.lang.Object, java.lang.Object, java.lang.Object, java.lang.Object, java.lang.Object, java.lang.Object, java.lang.Object, java.lang.Object, java.lang.Obj
Event: 10.876 Thread 0x000001f155467700 Exception <a 'java/lang/NoSuchMethodError'{0x00000000fe4dd018}: 'java.lang.Object java.lang.invoke.DirectMethodHandle$Holder.invokeStatic(java.lang.Object, java.lang.Object, java.lang.Object, java.lang.Object, java.lang.Object, java.lang.Object, java.lang.Object, java.lang.Object, java.lang.Object, java.lang.Object, java.lang.Object, java.lang.Object, java.lang.Object, java.lang.Object, java.lang.Object, java.lang.Object, java.lang.Object, java.lang.Object, java.lang.Object, java.lang.Object, java.lang.Obj
Event: 10.982 Thread 0x000001f155467700 Exception <a 'java/lang/NoSuchMethodError'{0x00000000fe301d30}: 'java.lang.Object java.lang.invoke.DirectMethodHandle$Holder.invokeSpecial(java.lang.Object, java.lang.Object, java.lang.Object, java.lang.Object, java.lang.Object, java.lang.Object, java.lang.Object, java.lang.Object, java.lang.Object, java.lang.Object, java.lang.Object, java.lang.Object, java.lang.Object, java.lang.Object, java.lang.Object, java.lang.Object, java.lang.Object, java.lang.Object, java.lang.Object, java.lang.Object, java.lang.Ob
Event: 11.007 Thread 0x000001f155467700 Exception <a 'java/lang/NoSuchMethodError'{0x00000000fe3177c8}: 'java.lang.Object java.lang.invoke.DirectMethodHandle$Holder.newInvokeSpecial(java.lang.Object, java.lang.Object, java.lang.Object, java.lang.Object, java.lang.Object, java.lang.Object, java.lang.Object, java.lang.Object, java.lang.Object, java.lang.Object, java.lang.Object, java.lang.Object, java.lang.Object, java.lang.Object, java.lang.Object, java.lang.Object, java.lang.Object, java.lang.Object, java.lang.Object, java.lang.Object, java.lang
Event: 11.013 Thread 0x000001f155467700 Exception <a 'java/lang/NoSuchMethodError'{0x00000000fe31d9c0}: 'java.lang.Object java.lang.invoke.Invokers$Holder.linkToTargetMethod(java.lang.Object, java.lang.Object, java.lang.Object, java.lang.Object, java.lang.Object, java.lang.Object, java.lang.Object, java.lang.Object, java.lang.Object, java.lang.Object, java.lang.Object, java.lang.Object, java.lang.Object, java.lang.Object, java.lang.Object, java.lang.Object, java.lang.Object, java.lang.Object, java.lang.Object, java.lang.Object, java.lang.Object,
Event: 11.014 Thread 0x000001f155467700 Exception <a 'java/lang/NoSuchMethodError'{0x00000000fe322a80}: 'java.lang.Object java.lang.invoke.DirectMethodHandle$Holder.invokeVirtual(java.lang.Object, java.lang.Object, java.lang.Object, java.lang.Object, java.lang.Object, java.lang.Object, java.lang.Object, java.lang.Object, java.lang.Object, java.lang.Object)'> (0x00000000fe322a80) 
thrown [s\src\hotspot\share\interpreter\linkResolver.cpp, line 773]
Event: 11.170 Thread 0x000001f155467700 Exception <a 'java/lang/NoSuchMethodError'{0x00000000fe218960}: 'java.lang.Object java.lang.invoke.DirectMethodHandle$Holder.invokeVirtual(java.lang.Object, java.lang.Object, java.lang.Object, java.lang.Object, java.lang.Object, java.lang.Object, java.lang.Object, java.lang.Object, java.lang.Object)'> (0x00000000fe218960) 
thrown [s\src\hotspot\share\interpreter\linkResolver.cpp, line 773]
Event: 11.306 Thread 0x000001f155467700 Exception <a 'java/lang/NoSuchMethodError'{0x00000000fe130c88}: 'java.lang.Object java.lang.invoke.DirectMethodHandle$Holder.invokeVirtual(java.lang.Object, java.lang.Object, java.lang.Object, java.lang.Object, java.lang.Object, java.lang.Object, java.lang.Object, java.lang.Object)'> (0x00000000fe130c88) 
thrown [s\src\hotspot\share\interpreter\linkResolver.cpp, line 773]
Event: 11.441 Thread 0x000001f155467700 Exception <a 'java/lang/NoSuchMethodError'{0x00000000fe1bd830}: 'java.lang.Object java.lang.invoke.DirectMethodHandle$Holder.invokeStaticInit(java.lang.Object, int, int, int, int)'> (0x00000000fe1bd830) 
thrown [s\src\hotspot\share\interpreter\linkResolver.cpp, line 773]
Event: 11.612 Thread 0x000001f155467700 Exception <a 'java/lang/NoSuchMethodError'{0x00000000fe1e0630}: 'java.lang.Object java.lang.invoke.DirectMethodHandle$Holder.invokeStaticInit(java.lang.Object, java.lang.Object, int, int, int, int)'> (0x00000000fe1e0630) 
thrown [s\src\hotspot\share\interpreter\linkResolver.cpp, line 773]
Event: 11.924 Thread 0x000001f155467700 Implicit null exception at 0x000001f16567d220 to 0x000001f16567d86c
Event: 11.939 Thread 0x000001f155467700 Exception <a 'java/lang/NoSuchMethodError'{0x00000000fe0b7658}: 'void java.lang.invoke.DirectMethodHandle$Holder.invokeInterface(java.lang.Object, java.lang.Object, java.lang.Object)'> (0x00000000fe0b7658) 
thrown [s\src\hotspot\share\interpreter\linkResolver.cpp, line 773]

ZGC Phase Switch (0 events):
No events

VM Operations (20 events):
Event: 384.406 Executing VM operation: Cleanup
Event: 384.406 Executing VM operation: Cleanup done
Event: 390.450 Executing VM operation: Cleanup
Event: 390.450 Executing VM operation: Cleanup done
Event: 391.456 Executing VM operation: Cleanup
Event: 391.456 Executing VM operation: Cleanup done
Event: 394.565 Executing VM operation: Cleanup
Event: 394.565 Executing VM operation: Cleanup done
Event: 395.590 Executing VM operation: Cleanup
Event: 395.590 Executing VM operation: Cleanup done
Event: 403.011 Executing VM operation: Cleanup
Event: 403.012 Executing VM operation: Cleanup done
Event: 421.084 Executing VM operation: HandshakeAllThreads (HandshakeForDeflation)
Event: 421.084 Executing VM operation: HandshakeAllThreads (HandshakeForDeflation) done
Event: 421.084 Executing VM operation: RendezvousGCThreads
Event: 421.084 Executing VM operation: RendezvousGCThreads done
Event: 426.152 Executing VM operation: Cleanup
Event: 426.152 Executing VM operation: Cleanup done
Event: 434.193 Executing VM operation: Cleanup
Event: 434.193 Executing VM operation: Cleanup done

Memory protections (0 events):
No events

Nmethod flushes (0 events):
No events

Events (12 events):
Event: 0.300 Thread 0x000001f155467700 Thread added: 0x000001f155467700
Event: 0.423 Thread 0x000001f155467700 Thread added: 0x000001f16ec65300
Event: 0.423 Thread 0x000001f155467700 Thread added: 0x000001f16ec66ec0
Event: 0.424 Thread 0x000001f155467700 Thread added: 0x000001f16ec68920
Event: 0.424 Thread 0x000001f155467700 Thread added: 0x000001f16ec69370
Event: 0.424 Thread 0x000001f155467700 Thread added: 0x000001f16ec69dc0
Event: 0.425 Thread 0x000001f155467700 Thread added: 0x000001f16ec6c820
Event: 0.426 Thread 0x000001f155467700 Thread added: 0x000001f16ec6e0d0
Event: 0.431 Thread 0x000001f155467700 Thread added: 0x000001f16ec94a30
Event: 0.601 Thread 0x000001f155467700 Thread added: 0x000001f173044420
Event: 0.609 Thread 0x000001f155467700 Thread added: 0x000001f17304ec70
Event: 8.636 Thread 0x000001f155467700 Thread added: 0x000001f173887450


Dynamic libraries:
0x00007ff6b5610000 - 0x00007ff6b561e000 	C:\Program Files\Eclipse Adoptium\jdk-21.0.7.6-hotspot\bin\java.exe
0x00007ffab6ac0000 - 0x00007ffab6cc9000 	C:\Windows\SYSTEM32\ntdll.dll
0x00007ffab5a20000 - 0x00007ffab5add000 	C:\Windows\System32\KERNEL32.DLL
0x00007ffab4580000 - 0x00007ffab4904000 	C:\Windows\System32\KERNELBASE.dll
0x00007ffab42c0000 - 0x00007ffab43d1000 	C:\Windows\System32\ucrtbase.dll
0x00007ffa70670000 - 0x00007ffa70688000 	C:\Program Files\Eclipse Adoptium\jdk-21.0.7.6-hotspot\bin\jli.dll
0x00007ffab57d0000 - 0x00007ffab597d000 	C:\Windows\System32\USER32.dll
0x00007ffab41f0000 - 0x00007ffab4216000 	C:\Windows\System32\win32u.dll
0x00007ffab5cb0000 - 0x00007ffab5cda000 	C:\Windows\System32\GDI32.dll
0x00007ffab43e0000 - 0x00007ffab44fe000 	C:\Windows\System32\gdi32full.dll
0x00007ffab4220000 - 0x00007ffab42bd000 	C:\Windows\System32\msvcp_win.dll
0x00007ffa70650000 - 0x00007ffa7066e000 	C:\Program Files\Eclipse Adoptium\jdk-21.0.7.6-hotspot\bin\VCRUNTIME140.dll
0x00007ffaa29e0000 - 0x00007ffaa2c85000 	C:\Windows\WinSxS\amd64_microsoft.windows.common-controls_6595b64144ccf1df_6.0.22000.120_none_9d947278b86cc467\COMCTL32.dll
0x00007ffab5470000 - 0x00007ffab5513000 	C:\Windows\System32\msvcrt.dll
0x00007ffab49a0000 - 0x00007ffab49d1000 	C:\Windows\System32\IMM32.DLL
0x00007ffa987f0000 - 0x00007ffa987fc000 	C:\Program Files\Eclipse Adoptium\jdk-21.0.7.6-hotspot\bin\vcruntime140_1.dll
0x00007ffa705c0000 - 0x00007ffa7064d000 	C:\Program Files\Eclipse Adoptium\jdk-21.0.7.6-hotspot\bin\msvcp140.dll
0x00007ffa6f830000 - 0x00007ffa705c0000 	C:\Program Files\Eclipse Adoptium\jdk-21.0.7.6-hotspot\bin\server\jvm.dll
0x00007ffab5bf0000 - 0x00007ffab5c9e000 	C:\Windows\System32\ADVAPI32.dll
0x00007ffab5980000 - 0x00007ffab5a1e000 	C:\Windows\System32\sechost.dll
0x00007ffab6070000 - 0x00007ffab6191000 	C:\Windows\System32\RPCRT4.dll
0x00007ffab5fa0000 - 0x00007ffab600f000 	C:\Windows\System32\WS2_32.dll
0x00007ffab3c80000 - 0x00007ffab3ccd000 	C:\Windows\SYSTEM32\POWRPROF.dll
0x00007ffaadb60000 - 0x00007ffaadb93000 	C:\Windows\SYSTEM32\WINMM.dll
0x00007ffaad7e0000 - 0x00007ffaad7ea000 	C:\Windows\SYSTEM32\VERSION.dll
0x00007ffab3c30000 - 0x00007ffab3c43000 	C:\Windows\SYSTEM32\UMPDC.dll
0x00007ffab2fc0000 - 0x00007ffab2fd8000 	C:\Windows\SYSTEM32\kernel.appcore.dll
0x00007ffa97b30000 - 0x00007ffa97b3a000 	C:\Program Files\Eclipse Adoptium\jdk-21.0.7.6-hotspot\bin\jimage.dll
0x00007ffa9cda0000 - 0x00007ffa9cfc1000 	C:\Windows\SYSTEM32\DBGHELP.DLL
0x00007ffa9b5e0000 - 0x00007ffa9b611000 	C:\Windows\SYSTEM32\dbgcore.DLL
0x00007ffab4500000 - 0x00007ffab457f000 	C:\Windows\System32\bcryptPrimitives.dll
0x00007ffa6f810000 - 0x00007ffa6f82f000 	C:\Program Files\Eclipse Adoptium\jdk-21.0.7.6-hotspot\bin\java.dll
0x00007ffab6290000 - 0x00007ffab6a55000 	C:\Windows\System32\SHELL32.dll
0x00007ffab2020000 - 0x00007ffab2882000 	C:\Windows\SYSTEM32\windows.storage.dll
0x00007ffab49e0000 - 0x00007ffab4d56000 	C:\Windows\System32\combase.dll
0x00007ffab1eb0000 - 0x00007ffab2017000 	C:\Windows\SYSTEM32\wintypes.dll
0x00007ffab56e0000 - 0x00007ffab57ca000 	C:\Windows\System32\SHCORE.dll
0x00007ffab6010000 - 0x00007ffab606d000 	C:\Windows\System32\shlwapi.dll
0x00007ffab3e80000 - 0x00007ffab3ea5000 	C:\Windows\SYSTEM32\profapi.dll
0x00007ffa6f730000 - 0x00007ffa6f807000 	C:\Program Files\Eclipse Adoptium\jdk-21.0.7.6-hotspot\bin\jsvml.dll
0x00007ffa8f950000 - 0x00007ffa8f960000 	C:\Program Files\Eclipse Adoptium\jdk-21.0.7.6-hotspot\bin\net.dll
0x00007ffaad1c0000 - 0x00007ffaad2d4000 	C:\Windows\SYSTEM32\WINHTTP.dll
0x00007ffab3470000 - 0x00007ffab34d7000 	C:\Windows\system32\mswsock.dll
0x00007ffa6f710000 - 0x00007ffa6f726000 	C:\Program Files\Eclipse Adoptium\jdk-21.0.7.6-hotspot\bin\nio.dll
0x00007ffa6f6f0000 - 0x00007ffa6f708000 	C:\Program Files\Eclipse Adoptium\jdk-21.0.7.6-hotspot\bin\zip.dll
0x00007ffa8c990000 - 0x00007ffa8c9a0000 	C:\Program Files\Eclipse Adoptium\jdk-21.0.7.6-hotspot\bin\verify.dll
0x00007ffaa2da0000 - 0x00007ffaa2daa000 	C:\Program Files\Eclipse Adoptium\jdk-21.0.7.6-hotspot\bin\management.dll
0x00007ffa8c030000 - 0x00007ffa8c03b000 	C:\Program Files\Eclipse Adoptium\jdk-21.0.7.6-hotspot\bin\management_ext.dll
0x00007ffab5ae0000 - 0x00007ffab5ae8000 	C:\Windows\System32\PSAPI.DLL
0x00007ffa7a710000 - 0x00007ffa7a737000 	C:\Users\Asia\.gradle\native\1def1411415f61bf3af743bc5b6707747c0891f09f0c88961ee8f79bc544acac\windows-amd64\native-platform.dll
0x00007ffaa5a60000 - 0x00007ffaa5a6a000 	C:\Users\Asia\.gradle\native\jansi\1.18\windows64\jansi.dll
0x00007ffab2ae0000 - 0x00007ffab2b0d000 	C:\Windows\SYSTEM32\IPHLPAPI.DLL
0x00007ffab5ca0000 - 0x00007ffab5ca9000 	C:\Windows\System32\NSI.dll
0x00007ffa9e8f0000 - 0x00007ffa9e8f9000 	C:\Program Files\Eclipse Adoptium\jdk-21.0.7.6-hotspot\bin\extnet.dll
0x00007ffab36b0000 - 0x00007ffab36c8000 	C:\Windows\SYSTEM32\CRYPTSP.dll
0x00007ffab2f20000 - 0x00007ffab2f55000 	C:\Windows\system32\rsaenh.dll
0x00007ffab3560000 - 0x00007ffab358c000 	C:\Windows\SYSTEM32\USERENV.dll
0x00007ffab38a0000 - 0x00007ffab38c7000 	C:\Windows\SYSTEM32\bcrypt.dll
0x00007ffab36d0000 - 0x00007ffab36dc000 	C:\Windows\SYSTEM32\CRYPTBASE.dll
0x00007ffaa9e20000 - 0x00007ffaa9e2e000 	C:\Program Files\Eclipse Adoptium\jdk-21.0.7.6-hotspot\bin\sunmscapi.dll
0x00007ffab4080000 - 0x00007ffab41e2000 	C:\Windows\System32\CRYPT32.dll
0x00007ffab3870000 - 0x00007ffab3898000 	C:\Windows\SYSTEM32\ncrypt.dll
0x00007ffab3830000 - 0x00007ffab3867000 	C:\Windows\SYSTEM32\NTASN1.dll
0x00007ffaa8520000 - 0x00007ffaa8528000 	C:\Windows\system32\wshunix.dll

dbghelp: loaded successfully - version: 4.0.5 - missing functions: none
symbol engine: initialized successfully - sym options: 0x614 - pdb path: .;C:\Program Files\Eclipse Adoptium\jdk-21.0.7.6-hotspot\bin;C:\Windows\SYSTEM32;C:\Windows\WinSxS\amd64_microsoft.windows.common-controls_6595b64144ccf1df_6.0.22000.120_none_9d947278b86cc467;C:\Program Files\Eclipse Adoptium\jdk-21.0.7.6-hotspot\bin\server;C:\Users\Asia\.gradle\native\1def1411415f61bf3af743bc5b6707747c0891f09f0c88961ee8f79bc544acac\windows-amd64;C:\Users\Asia\.gradle\native\jansi\1.18\windows64

VM Arguments:
jvm_args: -Xmx64m -Xms64m -Dorg.gradle.appname=gradlew 
java_command: org.gradle.wrapper.GradleWrapperMain app:installDebug -PreactNativeDevServerPort=8081
java_class_path (initial): D:\BodaGo-Apps\DriverApp\android\\gradle\wrapper\gradle-wrapper.jar
Launcher Type: SUN_STANDARD

[Global flags]
     intx CICompilerCount                          = 2                                         {product} {ergonomic}
     uint ConcGCThreads                            = 1                                         {product} {ergonomic}
     uint G1ConcRefinementThreads                  = 2                                         {product} {ergonomic}
   size_t G1HeapRegionSize                         = 1048576                                   {product} {ergonomic}
    uintx GCDrainStackTargetSize                   = 64                                        {product} {ergonomic}
   size_t InitialHeapSize                          = 67108864                                  {product} {command line}
   size_t MarkStackSize                            = 4194304                                   {product} {ergonomic}
   size_t MaxHeapSize                              = 67108864                                  {product} {command line}
   size_t MaxNewSize                               = 39845888                                  {product} {ergonomic}
   size_t MinHeapDeltaBytes                        = 1048576                                   {product} {ergonomic}
   size_t MinHeapSize                              = 67108864                                  {product} {command line}
    uintx NonNMethodCodeHeapSize                   = 5826188                                {pd product} {ergonomic}
    uintx NonProfiledCodeHeapSize                  = 122916026                              {pd product} {ergonomic}
    uintx ProfiledCodeHeapSize                     = 122916026                              {pd product} {ergonomic}
    uintx ReservedCodeCacheSize                    = 251658240                              {pd product} {ergonomic}
     bool SegmentedCodeCache                       = true                                      {product} {ergonomic}
   size_t SoftMaxHeapSize                          = 67108864                               {manageable} {ergonomic}
     bool UseCompressedOops                        = true                           {product lp64_product} {ergonomic}
     bool UseG1GC                                  = true                                      {product} {ergonomic}
     bool UseLargePagesIndividualAllocation        = false                                  {pd product} {ergonomic}

Logging:
Log output configuration:
 #0: stdout all=warning uptime,level,tags foldmultilines=false
 #1: stderr all=off uptime,level,tags foldmultilines=false

Environment Variables:
JAVA_HOME=C:\Program Files\Eclipse Adoptium\jdk-21.0.7.6-hotspot
CLASSPATH=D:\BodaGo-Apps\DriverApp\android\\gradle\wrapper\gradle-wrapper.jar
PATH=D:\BodaGo-Apps\DriverApp\node_modules\.bin;D:\BodaGo-Apps\DriverApp\android\node_modules\.bin;D:\BodaGo-Apps\DriverApp\node_modules\.bin;D:\BodaGo-Apps\node_modules\.bin;D:\node_modules\.bin;C:\Program Files\nodejs\node_modules\npm\node_modules\@npmcli\run-script\lib\node-gyp-bin;C:\Program Files\Eclipse Adoptium\jdk-21.0.7.6-hotspot\bin;C:\Windows\system32;C:\Windows;C:\Windows\System32\Wbem;C:\Windows\System32\WindowsPowerShell\v1.0\;C:\Windows\System32\OpenSSH\;C:\Users\Asia\AppData\Local\nvm;C:\nvm4w\nodejs;C:\Program Files\Eclipse Adoptium\jdk-21.0.7.6-hotspot\bin;C:\Program Files\Git\cmd;C:\Program Files\GitHub CLI\;C:\Program Files\nodejs\;C:\Users\Asia\AppData\Local\Microsoft\WindowsApps;C:\Users\Asia\AppData\Local\Programs\Microsoft VS Code\bin;C:\Users\Asia\AppData\Local\nvm;C:\nvm4w\nodejs;C:\Users\Asia\AppData\Roaming\npm
USERNAME=Asia
OS=Windows_NT
PROCESSOR_IDENTIFIER=AMD64 Family 21 Model 112 Stepping 0, AuthenticAMD
TMP=C:\Users\Asia\AppData\Local\Temp
TEMP=C:\Users\Asia\AppData\Local\Temp




Periodic native trim disabled

---------------  S Y S T E M  ---------------

OS:
 Windows 11 , 64 bit Build 22000 (10.0.22000.2538)
OS uptime: 0 days 2:13 hours

CPU: total 2 (initial active 2) (2 cores per cpu, 1 threads per core) family 21 model 112 stepping 0 microcode 0x0, cx8, cmov, fxsr, mmx, 3dnowpref, sse, sse2, sse3, ssse3, sse4a, sse4.1, sse4.2, popcnt, lzcnt, tsc, tscinvbit, avx, avx2, aes, clmul, bmi1, bmi2, fma, vzeroupper, clflush, rdtscp, f16c
Processor Information for the first 2 processors :
  Max Mhz: 3100, Current Mhz: 2800, Mhz Limit: 2790

Memory: 4k page, system-wide physical 3983M (262M free)
TotalPageFile size 11430M (AvailPageFile size 4M)
current process WorkingSet (physical memory assigned to process): 26M, peak: 98M
current process commit charge ("private bytes"): 158M, peak: 159M

vm_info: OpenJDK 64-Bit Server VM (21.0.7+6-LTS) for windows-amd64 JRE (21.0.7+6-LTS), built on 2025-04-15T00:00:00Z by "admin" with MS VC++ 17.7 (VS2022)

END.
