#
# There is insufficient memory for the Java Runtime Environment to continue.
# Native memory allocation (malloc) failed to allocate 32744 bytes. Error detail: Chunk::new
# Possible reasons:
#   The system is out of physical RAM or swap space
#   This process is running with CompressedOops enabled, and the Java Heap may be blocking the growth of the native heap
# Possible solutions:
#   Reduce memory load on the system
#   Increase physical memory or swap space
#   Check if swap backing store is full
#   Decrease Java heap size (-Xmx/-Xms)
#   Decrease number of Java threads
#   Decrease Java thread stack sizes (-Xss)
#   Set larger code cache with -XX:ReservedCodeCacheSize=
#   JVM is running with Unscaled Compressed Oops mode in which the Java heap is
#     placed in the first 4GB address space. The Java Heap base address is the
#     maximum limit for the native heap growth. Please use -XX:HeapBaseMinAddress
#     to set the Java Heap base and to place the Java Heap above 4GB virtual address.
# This output file may be truncated or incomplete.
#
#  Out of Memory Error (arena.cpp:168), pid=6196, tid=6472
#
# JRE version: OpenJDK Runtime Environment Temurin-21.0.7+6 (21.0.7+6) (build 21.0.7+6-LTS)
# Java VM: OpenJDK 64-Bit Server VM Temurin-21.0.7+6 (21.0.7+6-LTS, mixed mode, sharing, tiered, compressed oops, compressed class ptrs, g1 gc, windows-amd64)
# No core dump will be written. Minidumps are not enabled by default on client versions of Windows
#

---------------  S U M M A R Y ------------

Command Line: -Xmx64m -Xms64m -Dorg.gradle.appname=gradlew org.gradle.wrapper.GradleWrapperMain app:installDebug -PreactNativeDevServerPort=8081

Host: AMD A9-9425 RADEON R5, 5 COMPUTE CORES 2C+3G   , 2 cores, 3G,  Windows 11 , 64 bit Build 22000 (10.0.22000.2538)
Time: Mon Oct  6 22:14:02 2025 E. Africa Standard Time elapsed time: 552.238274 seconds (0d 0h 9m 12s)

---------------  T H R E A D  ---------------

Current thread (0x0000023ce206e2b0):  JavaThread "C2 CompilerThread0" daemon [_thread_in_native, id=6472, stack(0x00000059a4500000,0x00000059a4600000) (1024K)]


Current CompileTask:
C2:552239 2288 %     4       com.esotericsoftware.kryo.io.Input::readUtf8 @ 30 (90 bytes)

Stack: [0x00000059a4500000,0x00000059a4600000]
Native frames: (J=compiled Java code, j=interpreted, Vv=VM code, C=native code)
V  [jvm.dll+0x6ce119]
V  [jvm.dll+0x8a84a1]
V  [jvm.dll+0x8aa9ce]
V  [jvm.dll+0x8ab0b3]
V  [jvm.dll+0x27f8a6]
V  [jvm.dll+0xc507d]
V  [jvm.dll+0xc55b3]
V  [jvm.dll+0x13e9cf]
V  [jvm.dll+0x65d805]
V  [jvm.dll+0x65bd5e]
V  [jvm.dll+0x247975]
V  [jvm.dll+0x2470cf]
V  [jvm.dll+0x1c760e]
V  [jvm.dll+0x25695a]
V  [jvm.dll+0x254efa]
V  [jvm.dll+0x3f03f6]
V  [jvm.dll+0x851f6b]
V  [jvm.dll+0x6cc7dd]
C  [ucrtbase.dll+0x26c0c]
C  [KERNEL32.DLL+0x153e0]
C  [ntdll.dll+0x485b]


---------------  P R O C E S S  ---------------

Threads class SMR info:
_java_thread_list=0x0000023ce2cdb360, length=12, elements={
0x0000023cc8867700, 0x0000023ce2063fe0, 0x0000023ce2065640, 0x0000023ce20685f0,
0x0000023ce2069910, 0x0000023ce206cae0, 0x0000023ce206d530, 0x0000023ce206e2b0,
0x0000023ce20d94f0, 0x0000023ce21a90d0, 0x0000023ce21ad900, 0x0000023ce2cce460
}

Java Threads: ( => current thread )
  0x0000023cc8867700 JavaThread "main"                              [_thread_in_native, id=5372, stack(0x00000059a3600000,0x00000059a3700000) (1024K)]
  0x0000023ce2063fe0 JavaThread "Reference Handler"          daemon [_thread_blocked, id=344, stack(0x00000059a3f00000,0x00000059a4000000) (1024K)]
  0x0000023ce2065640 JavaThread "Finalizer"                  daemon [_thread_blocked, id=4348, stack(0x00000059a4000000,0x00000059a4100000) (1024K)]
  0x0000023ce20685f0 JavaThread "Signal Dispatcher"          daemon [_thread_blocked, id=7260, stack(0x00000059a4100000,0x00000059a4200000) (1024K)]
  0x0000023ce2069910 JavaThread "Attach Listener"            daemon [_thread_blocked, id=8096, stack(0x00000059a4200000,0x00000059a4300000) (1024K)]
  0x0000023ce206cae0 JavaThread "Service Thread"             daemon [_thread_blocked, id=1768, stack(0x00000059a4300000,0x00000059a4400000) (1024K)]
  0x0000023ce206d530 JavaThread "Monitor Deflation Thread"   daemon [_thread_blocked, id=10264, stack(0x00000059a4400000,0x00000059a4500000) (1024K)]
=>0x0000023ce206e2b0 JavaThread "C2 CompilerThread0"         daemon [_thread_in_native, id=6472, stack(0x00000059a4500000,0x00000059a4600000) (1024K)]
  0x0000023ce20d94f0 JavaThread "C1 CompilerThread0"         daemon [_thread_blocked, id=2916, stack(0x00000059a4600000,0x00000059a4700000) (1024K)]
  0x0000023ce21a90d0 JavaThread "Notification Thread"        daemon [_thread_blocked, id=8536, stack(0x00000059a4700000,0x00000059a4800000) (1024K)]
  0x0000023ce21ad900 JavaThread "Common-Cleaner"             daemon [_thread_blocked, id=3208, stack(0x00000059a4800000,0x00000059a4900000) (1024K)]
  0x0000023ce2cce460 JavaThread "pool-1-thread-1"                   [_thread_in_native, id=9032, stack(0x00000059a4a00000,0x00000059a4b00000) (1024K)]
Total: 12

Other Threads:
  0x0000023cc893a700 VMThread "VM Thread"                           [id=8548, stack(0x00000059a3e00000,0x00000059a3f00000) (1024K)]
  0x0000023cc892ba00 WatcherThread "VM Periodic Task Thread"        [id=8572, stack(0x00000059a3d00000,0x00000059a3e00000) (1024K)]
  0x0000023cc8884cb0 WorkerThread "GC Thread#0"                     [id=7080, stack(0x00000059a3800000,0x00000059a3900000) (1024K)]
  0x0000023ce243e130 WorkerThread "GC Thread#1"                     [id=10860, stack(0x00000059a4900000,0x00000059a4a00000) (1024K)]
  0x0000023cc8886490 ConcurrentGCThread "G1 Main Marker"            [id=9380, stack(0x00000059a3900000,0x00000059a3a00000) (1024K)]
  0x0000023cc8886f90 WorkerThread "G1 Conc#0"                       [id=10812, stack(0x00000059a3a00000,0x00000059a3b00000) (1024K)]
  0x0000023cc88d5eb0 ConcurrentGCThread "G1 Refine#0"               [id=10760, stack(0x00000059a3b00000,0x00000059a3c00000) (1024K)]
  0x0000023cc88d6a20 ConcurrentGCThread "G1 Service"                [id=5492, stack(0x00000059a3c00000,0x00000059a3d00000) (1024K)]
Total: 8

Threads with active compile tasks:
C2 CompilerThread0  552368 2288 %     4       com.esotericsoftware.kryo.io.Input::readUtf8 @ 30 (90 bytes)
Total: 1

VM state: not at safepoint (normal execution)

VM Mutex/Monitor currently owned by a thread: None

Heap address: 0x00000000fc000000, size: 64 MB, Compressed Oops mode: 32-bit

CDS archive(s) mapped at: [0x0000023c80000000-0x0000023c80c80000-0x0000023c80c80000), size 13107200, SharedBaseAddress: 0x0000023c80000000, ArchiveRelocationMode: 1.
Compressed class space mapped at: 0x0000023c81000000-0x0000023cc1000000, reserved size: 1073741824
Narrow klass base: 0x0000023c80000000, Narrow klass shift: 0, Narrow klass range: 0x100000000

GC Precious Log:
 CardTable entry size: 512
 Card Set container configuration: InlinePtr #cards 5 size 8 Array Of Cards #cards 12 size 40 Howl #buckets 4 coarsen threshold 1843 Howl Bitmap #cards 512 size 80 coarsen threshold 460 Card regions per heap region 1 cards per card region 2048
 CPUs: 2 total, 2 available
 Memory: 3983M
 Large Page Support: Disabled
 NUMA Support: Disabled
 Compressed Oops: Enabled (32-bit)
 Heap Region Size: 1M
 Heap Min Capacity: 64M
 Heap Initial Capacity: 64M
 Heap Max Capacity: 64M
 Pre-touch: Disabled
 Parallel Workers: 2
 Concurrent Workers: 1
 Concurrent Refinement Workers: 2
 Periodic GC: Disabled

Heap:
 garbage-first heap   total 65536K, used 19248K [0x00000000fc000000, 0x0000000100000000)
  region size 1024K, 12 young (12288K), 5 survivors (5120K)
 Metaspace       used 10144K, committed 10496K, reserved 1114112K
  class space    used 1304K, committed 1472K, reserved 1048576K

Heap Regions: E=young(eden), S=young(survivor), O=old, HS=humongous(starts), HC=humongous(continues), CS=collection set, F=free, TAMS=top-at-mark-start, PB=parsable bottom
|   0|0x00000000fc000000, 0x00000000fc100000, 0x00000000fc100000|100%| O|  |TAMS 0x00000000fc000000| PB 0x00000000fc000000| Untracked 
|   1|0x00000000fc100000, 0x00000000fc200000, 0x00000000fc200000|100%| O|  |TAMS 0x00000000fc100000| PB 0x00000000fc100000| Untracked 
|   2|0x00000000fc200000, 0x00000000fc300000, 0x00000000fc300000|100%|HS|  |TAMS 0x00000000fc200000| PB 0x00000000fc200000| Complete 
|   3|0x00000000fc300000, 0x00000000fc400000, 0x00000000fc400000|100%|HC|  |TAMS 0x00000000fc300000| PB 0x00000000fc300000| Complete 
|   4|0x00000000fc400000, 0x00000000fc500000, 0x00000000fc500000|100%|HC|  |TAMS 0x00000000fc400000| PB 0x00000000fc400000| Complete 
|   5|0x00000000fc500000, 0x00000000fc600000, 0x00000000fc600000|100%| O|  |TAMS 0x00000000fc500000| PB 0x00000000fc500000| Untracked 
|   6|0x00000000fc600000, 0x00000000fc700000, 0x00000000fc700000|100%| O|  |TAMS 0x00000000fc600000| PB 0x00000000fc600000| Untracked 
|   7|0x00000000fc700000, 0x00000000fc7cc300, 0x00000000fc800000| 79%| O|  |TAMS 0x00000000fc700000| PB 0x00000000fc700000| Untracked 
|   8|0x00000000fc800000, 0x00000000fc800000, 0x00000000fc900000|  0%| F|  |TAMS 0x00000000fc800000| PB 0x00000000fc800000| Untracked 
|   9|0x00000000fc900000, 0x00000000fc900000, 0x00000000fca00000|  0%| F|  |TAMS 0x00000000fc900000| PB 0x00000000fc900000| Untracked 
|  10|0x00000000fca00000, 0x00000000fca00000, 0x00000000fcb00000|  0%| F|  |TAMS 0x00000000fca00000| PB 0x00000000fca00000| Untracked 
|  11|0x00000000fcb00000, 0x00000000fcb00000, 0x00000000fcc00000|  0%| F|  |TAMS 0x00000000fcb00000| PB 0x00000000fcb00000| Untracked 
|  12|0x00000000fcc00000, 0x00000000fcc00000, 0x00000000fcd00000|  0%| F|  |TAMS 0x00000000fcc00000| PB 0x00000000fcc00000| Untracked 
|  13|0x00000000fcd00000, 0x00000000fcd00000, 0x00000000fce00000|  0%| F|  |TAMS 0x00000000fcd00000| PB 0x00000000fcd00000| Untracked 
|  14|0x00000000fce00000, 0x00000000fce00000, 0x00000000fcf00000|  0%| F|  |TAMS 0x00000000fce00000| PB 0x00000000fce00000| Untracked 
|  15|0x00000000fcf00000, 0x00000000fcf00000, 0x00000000fd000000|  0%| F|  |TAMS 0x00000000fcf00000| PB 0x00000000fcf00000| Untracked 
|  16|0x00000000fd000000, 0x00000000fd000000, 0x00000000fd100000|  0%| F|  |TAMS 0x00000000fd000000| PB 0x00000000fd000000| Untracked 
|  17|0x00000000fd100000, 0x00000000fd100000, 0x00000000fd200000|  0%| F|  |TAMS 0x00000000fd100000| PB 0x00000000fd100000| Untracked 
|  18|0x00000000fd200000, 0x00000000fd200000, 0x00000000fd300000|  0%| F|  |TAMS 0x00000000fd200000| PB 0x00000000fd200000| Untracked 
|  19|0x00000000fd300000, 0x00000000fd300000, 0x00000000fd400000|  0%| F|  |TAMS 0x00000000fd300000| PB 0x00000000fd300000| Untracked 
|  20|0x00000000fd400000, 0x00000000fd400000, 0x00000000fd500000|  0%| F|  |TAMS 0x00000000fd400000| PB 0x00000000fd400000| Untracked 
|  21|0x00000000fd500000, 0x00000000fd600000, 0x00000000fd600000|100%| S|CS|TAMS 0x00000000fd500000| PB 0x00000000fd500000| Complete 
|  22|0x00000000fd600000, 0x00000000fd700000, 0x00000000fd700000|100%| S|CS|TAMS 0x00000000fd600000| PB 0x00000000fd600000| Complete 
|  23|0x00000000fd700000, 0x00000000fd800000, 0x00000000fd800000|100%| S|CS|TAMS 0x00000000fd700000| PB 0x00000000fd700000| Complete 
|  24|0x00000000fd800000, 0x00000000fd900000, 0x00000000fd900000|100%| S|CS|TAMS 0x00000000fd800000| PB 0x00000000fd800000| Complete 
|  25|0x00000000fd900000, 0x00000000fda00000, 0x00000000fda00000|100%| S|CS|TAMS 0x00000000fd900000| PB 0x00000000fd900000| Complete 
|  26|0x00000000fda00000, 0x00000000fda00000, 0x00000000fdb00000|  0%| F|  |TAMS 0x00000000fda00000| PB 0x00000000fda00000| Untracked 
|  27|0x00000000fdb00000, 0x00000000fdb00000, 0x00000000fdc00000|  0%| F|  |TAMS 0x00000000fdb00000| PB 0x00000000fdb00000| Untracked 
|  28|0x00000000fdc00000, 0x00000000fdc00000, 0x00000000fdd00000|  0%| F|  |TAMS 0x00000000fdc00000| PB 0x00000000fdc00000| Untracked 
|  29|0x00000000fdd00000, 0x00000000fdd00000, 0x00000000fde00000|  0%| F|  |TAMS 0x00000000fdd00000| PB 0x00000000fdd00000| Untracked 
|  30|0x00000000fde00000, 0x00000000fde00000, 0x00000000fdf00000|  0%| F|  |TAMS 0x00000000fde00000| PB 0x00000000fde00000| Untracked 
|  31|0x00000000fdf00000, 0x00000000fdf00000, 0x00000000fe000000|  0%| F|  |TAMS 0x00000000fdf00000| PB 0x00000000fdf00000| Untracked 
|  32|0x00000000fe000000, 0x00000000fe000000, 0x00000000fe100000|  0%| F|  |TAMS 0x00000000fe000000| PB 0x00000000fe000000| Untracked 
|  33|0x00000000fe100000, 0x00000000fe100000, 0x00000000fe200000|  0%| F|  |TAMS 0x00000000fe100000| PB 0x00000000fe100000| Untracked 
|  34|0x00000000fe200000, 0x00000000fe200000, 0x00000000fe300000|  0%| F|  |TAMS 0x00000000fe200000| PB 0x00000000fe200000| Untracked 
|  35|0x00000000fe300000, 0x00000000fe300000, 0x00000000fe400000|  0%| F|  |TAMS 0x00000000fe300000| PB 0x00000000fe300000| Untracked 
|  36|0x00000000fe400000, 0x00000000fe400000, 0x00000000fe500000|  0%| F|  |TAMS 0x00000000fe400000| PB 0x00000000fe400000| Untracked 
|  37|0x00000000fe500000, 0x00000000fe500000, 0x00000000fe600000|  0%| F|  |TAMS 0x00000000fe500000| PB 0x00000000fe500000| Untracked 
|  38|0x00000000fe600000, 0x00000000fe600000, 0x00000000fe700000|  0%| F|  |TAMS 0x00000000fe600000| PB 0x00000000fe600000| Untracked 
|  39|0x00000000fe700000, 0x00000000fe700000, 0x00000000fe800000|  0%| F|  |TAMS 0x00000000fe700000| PB 0x00000000fe700000| Untracked 
|  40|0x00000000fe800000, 0x00000000fe800000, 0x00000000fe900000|  0%| F|  |TAMS 0x00000000fe800000| PB 0x00000000fe800000| Untracked 
|  41|0x00000000fe900000, 0x00000000fe900000, 0x00000000fea00000|  0%| F|  |TAMS 0x00000000fe900000| PB 0x00000000fe900000| Untracked 
|  42|0x00000000fea00000, 0x00000000fea00000, 0x00000000feb00000|  0%| F|  |TAMS 0x00000000fea00000| PB 0x00000000fea00000| Untracked 
|  43|0x00000000feb00000, 0x00000000feb00000, 0x00000000fec00000|  0%| F|  |TAMS 0x00000000feb00000| PB 0x00000000feb00000| Untracked 
|  44|0x00000000fec00000, 0x00000000fec00000, 0x00000000fed00000|  0%| F|  |TAMS 0x00000000fec00000| PB 0x00000000fec00000| Untracked 
|  45|0x00000000fed00000, 0x00000000fed00000, 0x00000000fee00000|  0%| F|  |TAMS 0x00000000fed00000| PB 0x00000000fed00000| Untracked 
|  46|0x00000000fee00000, 0x00000000fee00000, 0x00000000fef00000|  0%| F|  |TAMS 0x00000000fee00000| PB 0x00000000fee00000| Untracked 
|  47|0x00000000fef00000, 0x00000000fef00000, 0x00000000ff000000|  0%| F|  |TAMS 0x00000000fef00000| PB 0x00000000fef00000| Untracked 
|  48|0x00000000ff000000, 0x00000000ff000000, 0x00000000ff100000|  0%| F|  |TAMS 0x00000000ff000000| PB 0x00000000ff000000| Untracked 
|  49|0x00000000ff100000, 0x00000000ff100000, 0x00000000ff200000|  0%| F|  |TAMS 0x00000000ff100000| PB 0x00000000ff100000| Untracked 
|  50|0x00000000ff200000, 0x00000000ff200000, 0x00000000ff300000|  0%| F|  |TAMS 0x00000000ff200000| PB 0x00000000ff200000| Untracked 
|  51|0x00000000ff300000, 0x00000000ff300000, 0x00000000ff400000|  0%| F|  |TAMS 0x00000000ff300000| PB 0x00000000ff300000| Untracked 
|  52|0x00000000ff400000, 0x00000000ff400000, 0x00000000ff500000|  0%| F|  |TAMS 0x00000000ff400000| PB 0x00000000ff400000| Untracked 
|  53|0x00000000ff500000, 0x00000000ff500000, 0x00000000ff600000|  0%| F|  |TAMS 0x00000000ff500000| PB 0x00000000ff500000| Untracked 
|  54|0x00000000ff600000, 0x00000000ff600000, 0x00000000ff700000|  0%| F|  |TAMS 0x00000000ff600000| PB 0x00000000ff600000| Untracked 
|  55|0x00000000ff700000, 0x00000000ff700000, 0x00000000ff800000|  0%| F|  |TAMS 0x00000000ff700000| PB 0x00000000ff700000| Untracked 
|  56|0x00000000ff800000, 0x00000000ff800000, 0x00000000ff900000|  0%| F|  |TAMS 0x00000000ff800000| PB 0x00000000ff800000| Untracked 
|  57|0x00000000ff900000, 0x00000000ff94b030, 0x00000000ffa00000| 29%| E|  |TAMS 0x00000000ff900000| PB 0x00000000ff900000| Complete 
|  58|0x00000000ffa00000, 0x00000000ffb00000, 0x00000000ffb00000|100%| E|CS|TAMS 0x00000000ffa00000| PB 0x00000000ffa00000| Complete 
|  59|0x00000000ffb00000, 0x00000000ffc00000, 0x00000000ffc00000|100%| E|CS|TAMS 0x00000000ffb00000| PB 0x00000000ffb00000| Complete 
|  60|0x00000000ffc00000, 0x00000000ffd00000, 0x00000000ffd00000|100%| E|CS|TAMS 0x00000000ffc00000| PB 0x00000000ffc00000| Complete 
|  61|0x00000000ffd00000, 0x00000000ffe00000, 0x00000000ffe00000|100%| E|CS|TAMS 0x00000000ffd00000| PB 0x00000000ffd00000| Complete 
|  62|0x00000000ffe00000, 0x00000000fff00000, 0x00000000fff00000|100%| E|CS|TAMS 0x00000000ffe00000| PB 0x00000000ffe00000| Complete 
|  63|0x00000000fff00000, 0x0000000100000000, 0x0000000100000000|100%| E|CS|TAMS 0x00000000fff00000| PB 0x00000000fff00000| Complete 

Card table byte_map: [0x0000023cc8470000,0x0000023cc8490000] _byte_map_base: 0x0000023cc7c90000

Marking Bits: (CMBitMap*) 0x0000023cc88853b0
 Bits: [0x0000023cc8490000, 0x0000023cc8590000)

Polling page: 0x0000023cc6670000

Metaspace:

Usage:
  Non-class:      8.63 MB used.
      Class:      1.27 MB used.
       Both:      9.91 MB used.

Virtual space:
  Non-class space:       64.00 MB reserved,       8.81 MB ( 14%) committed,  1 nodes.
      Class space:        1.00 GB reserved,       1.44 MB ( <1%) committed,  1 nodes.
             Both:        1.06 GB reserved,      10.25 MB ( <1%) committed. 

Chunk freelists:
   Non-Class:  6.33 MB
       Class:  14.51 MB
        Both:  20.84 MB

MaxMetaspaceSize: unlimited
CompressedClassSpaceSize: 1.00 GB
Initial GC threshold: 21.00 MB
Current GC threshold: 21.00 MB
CDS: on
 - commit_granule_bytes: 65536.
 - commit_granule_words: 8192.
 - virtual_space_node_default_size: 8388608.
 - enlarge_chunks_in_place: 1.
 - use_allocation_guard: 0.


Internal statistics:

num_allocs_failed_limit: 0.
num_arena_births: 318.
num_arena_deaths: 0.
num_vsnodes_births: 2.
num_vsnodes_deaths: 0.
num_space_committed: 164.
num_space_uncommitted: 0.
num_chunks_returned_to_freelist: 0.
num_chunks_taken_from_freelist: 650.
num_chunk_merges: 0.
num_chunk_splits: 401.
num_chunks_enlarged: 265.
num_inconsistent_stats: 0.

CodeHeap 'non-profiled nmethods': size=120064Kb used=1082Kb max_used=1082Kb free=118981Kb
 bounds [0x0000023cd8a30000, 0x0000023cd8ca0000, 0x0000023cdff70000]
CodeHeap 'profiled nmethods': size=120000Kb used=4230Kb max_used=4230Kb free=115769Kb
 bounds [0x0000023cd0f70000, 0x0000023cd13a0000, 0x0000023cd84a0000]
CodeHeap 'non-nmethods': size=5696Kb used=1403Kb max_used=1441Kb free=4292Kb
 bounds [0x0000023cd84a0000, 0x0000023cd8710000, 0x0000023cd8a30000]
 total_blobs=2788 nmethods=2289 adapters=404
 compilation: enabled
              stopped_count=0, restarted_count=0
 full_count=0

Compilation events (20 events):
Event: 541.380 Thread 0x0000023ce206e2b0 nmethod 2278 0x0000023cd8b39b10 code [0x0000023cd8b39ca0, 0x0000023cd8b39e18]
Event: 541.790 Thread 0x0000023ce206e2b0 2279       4       org.gradle.internal.time.MonotonicClock::getCurrentTime (70 bytes)
Event: 541.799 Thread 0x0000023ce206e2b0 nmethod 2279 0x0000023cd8b39f10 code [0x0000023cd8b3a100, 0x0000023cd8b3a4c8]
Event: 541.799 Thread 0x0000023ce206e2b0 2280       4       org.gradle.internal.time.MonotonicClock::syncIsDue (28 bytes)
Event: 541.800 Thread 0x0000023ce206e2b0 nmethod 2280 0x0000023cd8b3a810 code [0x0000023cd8b3a9a0, 0x0000023cd8b3aa80]
Event: 541.901 Thread 0x0000023ce206e2b0 2281   !   4       java.util.concurrent.ScheduledThreadPoolExecutor$DelayedWorkQueue::offer (123 bytes)
Event: 541.915 Thread 0x0000023ce206e2b0 nmethod 2281 0x0000023cd8b3ab90 code [0x0000023cd8b3ada0, 0x0000023cd8b3b520]
Event: 542.033 Thread 0x0000023ce206e2b0 2282       4       java.util.concurrent.ScheduledThreadPoolExecutor$DelayedWorkQueue::add (9 bytes)
Event: 542.046 Thread 0x0000023ce206e2b0 nmethod 2282 0x0000023cd8b3ba10 code [0x0000023cd8b3bc20, 0x0000023cd8b3c3a0]
Event: 542.047 Thread 0x0000023ce206e2b0 2283       4       java.util.concurrent.locks.AbstractQueuedSynchronizer$ConditionObject::signal (34 bytes)
Event: 542.049 Thread 0x0000023ce206e2b0 nmethod 2283 0x0000023cd8b3c910 code [0x0000023cd8b3caa0, 0x0000023cd8b3cbc8]
Event: 542.049 Thread 0x0000023ce206e2b0 2284       4       java.util.concurrent.ThreadPoolExecutor::ensurePrestart (41 bytes)
Event: 542.051 Thread 0x0000023ce206e2b0 nmethod 2284 0x0000023cd8b3cd10 code [0x0000023cd8b3cea0, 0x0000023cd8b3cf90]
Event: 542.537 Thread 0x0000023ce206e2b0 2285       4       java.util.concurrent.ScheduledThreadPoolExecutor$ScheduledFutureTask::setNextRunTime (38 bytes)
Event: 542.538 Thread 0x0000023ce206e2b0 nmethod 2285 0x0000023cd8b3d090 code [0x0000023cd8b3d220, 0x0000023cd8b3d2f0]
Event: 543.163 Thread 0x0000023ce206e2b0 2286       4       java.util.Collections$EmptyList::equals (25 bytes)
Event: 543.165 Thread 0x0000023ce206e2b0 nmethod 2286 0x0000023cd8b3d390 code [0x0000023cd8b3d520, 0x0000023cd8b3d648]
Event: 546.388 Thread 0x0000023ce206e2b0 2287       4       com.google.common.collect.ImmutableList::equals (6 bytes)
Event: 546.405 Thread 0x0000023ce206e2b0 nmethod 2287 0x0000023cd8b3d790 code [0x0000023cd8b3d980, 0x0000023cd8b3df70]
Event: 552.132 Thread 0x0000023ce206e2b0 2288 %     4       com.esotericsoftware.kryo.io.Input::readUtf8 @ 30 (90 bytes)

GC Heap History (8 events):
Event: 0.998 GC heap before
{Heap before GC invocations=0 (full 0):
 garbage-first heap   total 65536K, used 6144K [0x00000000fc000000, 0x0000000100000000)
  region size 1024K, 6 young (6144K), 0 survivors (0K)
 Metaspace       used 1528K, committed 1728K, reserved 1114112K
  class space    used 147K, committed 256K, reserved 1048576K
}
Event: 1.007 GC heap after
{Heap after GC invocations=1 (full 0):
 garbage-first heap   total 65536K, used 1265K [0x00000000fc000000, 0x0000000100000000)
  region size 1024K, 1 young (1024K), 1 survivors (1024K)
 Metaspace       used 1528K, committed 1728K, reserved 1114112K
  class space    used 147K, committed 256K, reserved 1048576K
}
Event: 1.337 GC heap before
{Heap before GC invocations=1 (full 0):
 garbage-first heap   total 65536K, used 6385K [0x00000000fc000000, 0x0000000100000000)
  region size 1024K, 7 young (7168K), 1 survivors (1024K)
 Metaspace       used 1564K, committed 1792K, reserved 1114112K
  class space    used 147K, committed 256K, reserved 1048576K
}
Event: 1.341 GC heap after
{Heap after GC invocations=2 (full 0):
 garbage-first heap   total 65536K, used 1725K [0x00000000fc000000, 0x0000000100000000)
  region size 1024K, 1 young (1024K), 1 survivors (1024K)
 Metaspace       used 1564K, committed 1792K, reserved 1114112K
  class space    used 147K, committed 256K, reserved 1048576K
}
Event: 2.062 GC heap before
{Heap before GC invocations=2 (full 0):
 garbage-first heap   total 65536K, used 14013K [0x00000000fc000000, 0x0000000100000000)
  region size 1024K, 14 young (14336K), 1 survivors (1024K)
 Metaspace       used 1701K, committed 1856K, reserved 1114112K
  class space    used 149K, committed 256K, reserved 1048576K
}
Event: 2.071 GC heap after
{Heap after GC invocations=3 (full 0):
 garbage-first heap   total 65536K, used 3073K [0x00000000fc000000, 0x0000000100000000)
  region size 1024K, 2 young (2048K), 2 survivors (2048K)
 Metaspace       used 1701K, committed 1856K, reserved 1114112K
  class space    used 149K, committed 256K, reserved 1048576K
}
Event: 174.255 GC heap before
{Heap before GC invocations=3 (full 0):
 garbage-first heap   total 65536K, used 41985K [0x00000000fc000000, 0x0000000100000000)
  region size 1024K, 38 young (38912K), 2 survivors (2048K)
 Metaspace       used 10122K, committed 10496K, reserved 1114112K
  class space    used 1304K, committed 1472K, reserved 1048576K
}
Event: 174.610 GC heap after
{Heap after GC invocations=4 (full 0):
 garbage-first heap   total 65536K, used 13104K [0x00000000fc000000, 0x0000000100000000)
  region size 1024K, 5 young (5120K), 5 survivors (5120K)
 Metaspace       used 10122K, committed 10496K, reserved 1114112K
  class space    used 1304K, committed 1472K, reserved 1048576K
}

Dll operation events (13 events):
Event: 0.016 Loaded shared library C:\Program Files\Eclipse Adoptium\jdk-21.0.7.6-hotspot\bin\java.dll
Event: 0.139 Loaded shared library C:\Program Files\Eclipse Adoptium\jdk-21.0.7.6-hotspot\bin\jsvml.dll
Event: 0.297 Loaded shared library C:\Program Files\Eclipse Adoptium\jdk-21.0.7.6-hotspot\bin\net.dll
Event: 0.301 Loaded shared library C:\Program Files\Eclipse Adoptium\jdk-21.0.7.6-hotspot\bin\nio.dll
Event: 0.310 Loaded shared library C:\Program Files\Eclipse Adoptium\jdk-21.0.7.6-hotspot\bin\zip.dll
Event: 0.319 Loaded shared library C:\Program Files\Eclipse Adoptium\jdk-21.0.7.6-hotspot\bin\verify.dll
Event: 1.753 Loaded shared library C:\Program Files\Eclipse Adoptium\jdk-21.0.7.6-hotspot\bin\jimage.dll
Event: 3.877 Loaded shared library C:\Program Files\Eclipse Adoptium\jdk-21.0.7.6-hotspot\bin\management.dll
Event: 3.890 Loaded shared library C:\Program Files\Eclipse Adoptium\jdk-21.0.7.6-hotspot\bin\management_ext.dll
Event: 4.090 Loaded shared library C:\Users\Asia\.gradle\native\1def1411415f61bf3af743bc5b6707747c0891f09f0c88961ee8f79bc544acac\windows-amd64\native-platform.dll
Event: 4.270 Loaded shared library C:\Users\Asia\.gradle\native\jansi\1.18\windows64\jansi.dll
Event: 5.112 Loaded shared library C:\Program Files\Eclipse Adoptium\jdk-21.0.7.6-hotspot\bin\extnet.dll
Event: 6.778 Loaded shared library C:\Program Files\Eclipse Adoptium\jdk-21.0.7.6-hotspot\bin\sunmscapi.dll

Deoptimization events (20 events):
Event: 542.046 Thread 0x0000023ce2cce460 Uncommon trap: trap_request=0xffffffd6 fr.pc=0x0000023cd8b3b214 relative=0x0000000000000474
Event: 542.047 Thread 0x0000023ce2cce460 Uncommon trap: reason=array_check action=maybe_recompile pc=0x0000023cd8b3b214 method=java.util.concurrent.ScheduledThreadPoolExecutor$DelayedWorkQueue.offer(Ljava/lang/Runnable;)Z @ 65 c2
Event: 542.047 Thread 0x0000023ce2cce460 DEOPT PACKING pc=0x0000023cd8b3b214 sp=0x00000059a4aff2f0
Event: 542.047 Thread 0x0000023ce2cce460 DEOPT UNPACKING pc=0x0000023cd84f46a2 sp=0x00000059a4aff290 mode 2
Event: 542.537 Thread 0x0000023ce2cce460 Uncommon trap: trap_request=0xffffffd6 fr.pc=0x0000023cd8b3c094 relative=0x0000000000000474
Event: 542.537 Thread 0x0000023ce2cce460 Uncommon trap: reason=array_check action=maybe_recompile pc=0x0000023cd8b3c094 method=java.util.concurrent.ScheduledThreadPoolExecutor$DelayedWorkQueue.offer(Ljava/lang/Runnable;)Z @ 65 c2
Event: 542.537 Thread 0x0000023ce2cce460 DEOPT PACKING pc=0x0000023cd8b3c094 sp=0x00000059a4aff340
Event: 542.537 Thread 0x0000023ce2cce460 DEOPT UNPACKING pc=0x0000023cd84f46a2 sp=0x00000059a4aff210 mode 2
Event: 542.555 Thread 0x0000023ce2cce460 Uncommon trap: trap_request=0xffffffd6 fr.pc=0x0000023cd8b3c094 relative=0x0000000000000474
Event: 542.555 Thread 0x0000023ce2cce460 Uncommon trap: reason=array_check action=maybe_recompile pc=0x0000023cd8b3c094 method=java.util.concurrent.ScheduledThreadPoolExecutor$DelayedWorkQueue.offer(Ljava/lang/Runnable;)Z @ 65 c2
Event: 542.555 Thread 0x0000023ce2cce460 DEOPT PACKING pc=0x0000023cd8b3c094 sp=0x00000059a4aff340
Event: 542.555 Thread 0x0000023ce2cce460 DEOPT UNPACKING pc=0x0000023cd84f46a2 sp=0x00000059a4aff210 mode 2
Event: 542.590 Thread 0x0000023ce2cce460 Uncommon trap: trap_request=0xffffffd6 fr.pc=0x0000023cd8b3c094 relative=0x0000000000000474
Event: 542.590 Thread 0x0000023ce2cce460 Uncommon trap: reason=array_check action=maybe_recompile pc=0x0000023cd8b3c094 method=java.util.concurrent.ScheduledThreadPoolExecutor$DelayedWorkQueue.offer(Ljava/lang/Runnable;)Z @ 65 c2
Event: 542.590 Thread 0x0000023ce2cce460 DEOPT PACKING pc=0x0000023cd8b3c094 sp=0x00000059a4aff340
Event: 542.590 Thread 0x0000023ce2cce460 DEOPT UNPACKING pc=0x0000023cd84f46a2 sp=0x00000059a4aff210 mode 2
Event: 542.591 Thread 0x0000023ce2cce460 Uncommon trap: trap_request=0xffffffd6 fr.pc=0x0000023cd8b3b214 relative=0x0000000000000474
Event: 542.591 Thread 0x0000023ce2cce460 Uncommon trap: reason=array_check action=maybe_recompile pc=0x0000023cd8b3b214 method=java.util.concurrent.ScheduledThreadPoolExecutor$DelayedWorkQueue.offer(Ljava/lang/Runnable;)Z @ 65 c2
Event: 542.591 Thread 0x0000023ce2cce460 DEOPT PACKING pc=0x0000023cd8b3b214 sp=0x00000059a4aff260
Event: 542.591 Thread 0x0000023ce2cce460 DEOPT UNPACKING pc=0x0000023cd84f46a2 sp=0x00000059a4aff210 mode 2

Classes loaded (20 events):
Event: 13.968 Loading class jdk/internal/logger/LazyLoggers
Event: 13.969 Loading class jdk/internal/logger/LazyLoggers done
Event: 13.969 Loading class jdk/internal/logger/LazyLoggers$1
Event: 13.970 Loading class jdk/internal/logger/LazyLoggers$1 done
Event: 13.970 Loading class jdk/internal/logger/LazyLoggers$LazyLoggerFactories
Event: 13.971 Loading class jdk/internal/logger/LazyLoggers$LazyLoggerFactories done
Event: 13.972 Loading class jdk/internal/logger/LoggerFinderLoader
Event: 13.973 Loading class jdk/internal/logger/LoggerFinderLoader done
Event: 13.974 Loading class jdk/internal/logger/LoggerFinderLoader$TemporaryLoggerFinder
Event: 13.974 Loading class jdk/internal/logger/LoggerFinderLoader$TemporaryLoggerFinder done
Event: 13.975 Loading class sun/util/logging/internal/LoggingProviderImpl$JULWrapper
Event: 13.976 Loading class sun/util/logging/PlatformLogger$ConfigurableBridge$LoggerConfiguration
Event: 13.977 Loading class sun/util/logging/PlatformLogger$ConfigurableBridge$LoggerConfiguration done
Event: 13.977 Loading class sun/util/logging/internal/LoggingProviderImpl$JULWrapper done
Event: 13.979 Loading class java/io/ObjectInputFilter$Config$BuiltinFilterFactory
Event: 13.980 Loading class java/io/ObjectInputFilter$Config$BuiltinFilterFactory done
Event: 13.980 Loading class jdk/internal/access/JavaObjectInputFilterAccess
Event: 13.980 Loading class jdk/internal/access/JavaObjectInputFilterAccess done
Event: 13.981 Loading class java/lang/System$Logger$Level
Event: 13.982 Loading class java/lang/System$Logger$Level done

Classes unloaded (0 events):
No events

Classes redefined (0 events):
No events

Internal exceptions (20 events):
Event: 5.890 Thread 0x0000023cc8867700 Exception <a 'java/lang/NoSuchMethodError'{0x00000000fe58aea8}: 'java.lang.Object java.lang.invoke.DirectMethodHandle$Holder.invokeStatic(java.lang.Object, java.lang.Object, java.lang.Object, java.lang.Object, java.lang.Object, java.lang.Object, java.lang.Object, java.lang.Object, java.lang.Object, java.lang.Object, java.lang.Object, java.lang.Object, java.lang.Object, java.lang.Object, java.lang.Object, java.lang.Object)'> (0x00000000fe58aea8) 
thrown [s\src\hotspot\share\interpreter\linkResolver.cpp, lin
Event: 5.894 Thread 0x0000023cc8867700 Exception <a 'java/lang/NoSuchMethodError'{0x00000000fe5b1280}: 'java.lang.Object java.lang.invoke.DirectMethodHandle$Holder.invokeStatic(java.lang.Object, java.lang.Object, java.lang.Object, java.lang.Object, java.lang.Object, java.lang.Object, java.lang.Object, java.lang.Object, java.lang.Object, java.lang.Object, java.lang.Object, java.lang.Object, java.lang.Object, java.lang.Object, java.lang.Object, java.lang.Object, java.lang.Object)'> (0x00000000fe5b1280) 
thrown [s\src\hotspot\share\interpreter\lin
Event: 6.039 Thread 0x0000023cc8867700 Exception <a 'java/lang/NoSuchMethodError'{0x00000000fe5d8d30}: 'java.lang.Object java.lang.invoke.DirectMethodHandle$Holder.invokeStatic(java.lang.Object, java.lang.Object, java.lang.Object, java.lang.Object, java.lang.Object, java.lang.Object, java.lang.Object, java.lang.Object, java.lang.Object, java.lang.Object, java.lang.Object, java.lang.Object, java.lang.Object, java.lang.Object, java.lang.Object, java.lang.Object, java.lang.Object, java.lang.Object)'> (0x00000000fe5d8d30) 
thrown [s\src\hotspot\sha
Event: 6.073 Thread 0x0000023cc8867700 Exception <a 'java/lang/NoSuchMethodError'{0x00000000fe4024d8}: 'java.lang.Object java.lang.invoke.DirectMethodHandle$Holder.invokeStatic(java.lang.Object, java.lang.Object, java.lang.Object, java.lang.Object, java.lang.Object, java.lang.Object, java.lang.Object, java.lang.Object, java.lang.Object, java.lang.Object, java.lang.Object, java.lang.Object, java.lang.Object, java.lang.Object, java.lang.Object, java.lang.Object, java.lang.Object, java.lang.Object, java.lang.Object)'> (0x00000000fe4024d8) 
thrown 
Event: 6.078 Thread 0x0000023cc8867700 Exception <a 'java/lang/NoSuchMethodError'{0x00000000fe42c0a0}: 'java.lang.Object java.lang.invoke.DirectMethodHandle$Holder.invokeStatic(java.lang.Object, java.lang.Object, java.lang.Object, java.lang.Object, java.lang.Object, java.lang.Object, java.lang.Object, java.lang.Object, java.lang.Object, java.lang.Object, java.lang.Object, java.lang.Object, java.lang.Object, java.lang.Object, java.lang.Object, java.lang.Object, java.lang.Object, java.lang.Object, java.lang.Object, java.lang.Object)'> (0x00000000
Event: 6.093 Thread 0x0000023cc8867700 Exception <a 'java/lang/NoSuchMethodError'{0x00000000fe456ee8}: 'java.lang.Object java.lang.invoke.DirectMethodHandle$Holder.invokeStatic(java.lang.Object, java.lang.Object, java.lang.Object, java.lang.Object, java.lang.Object, java.lang.Object, java.lang.Object, java.lang.Object, java.lang.Object, java.lang.Object, java.lang.Object, java.lang.Object, java.lang.Object, java.lang.Object, java.lang.Object, java.lang.Object, java.lang.Object, java.lang.Object, java.lang.Object, java.lang.Object, java.lang.Obj
Event: 6.102 Thread 0x0000023cc8867700 Exception <a 'java/lang/NoSuchMethodError'{0x00000000fe4827c0}: 'java.lang.Object java.lang.invoke.DirectMethodHandle$Holder.invokeStatic(java.lang.Object, java.lang.Object, java.lang.Object, java.lang.Object, java.lang.Object, java.lang.Object, java.lang.Object, java.lang.Object, java.lang.Object, java.lang.Object, java.lang.Object, java.lang.Object, java.lang.Object, java.lang.Object, java.lang.Object, java.lang.Object, java.lang.Object, java.lang.Object, java.lang.Object, java.lang.Object, java.lang.Obj
Event: 6.153 Thread 0x0000023cc8867700 Exception <a 'java/lang/NoSuchMethodError'{0x00000000fe4aecb0}: 'java.lang.Object java.lang.invoke.DirectMethodHandle$Holder.invokeStatic(java.lang.Object, java.lang.Object, java.lang.Object, java.lang.Object, java.lang.Object, java.lang.Object, java.lang.Object, java.lang.Object, java.lang.Object, java.lang.Object, java.lang.Object, java.lang.Object, java.lang.Object, java.lang.Object, java.lang.Object, java.lang.Object, java.lang.Object, java.lang.Object, java.lang.Object, java.lang.Object, java.lang.Obj
Event: 6.169 Thread 0x0000023cc8867700 Exception <a 'java/lang/NoSuchMethodError'{0x00000000fe4dbf60}: 'java.lang.Object java.lang.invoke.DirectMethodHandle$Holder.invokeStatic(java.lang.Object, java.lang.Object, java.lang.Object, java.lang.Object, java.lang.Object, java.lang.Object, java.lang.Object, java.lang.Object, java.lang.Object, java.lang.Object, java.lang.Object, java.lang.Object, java.lang.Object, java.lang.Object, java.lang.Object, java.lang.Object, java.lang.Object, java.lang.Object, java.lang.Object, java.lang.Object, java.lang.Obj
Event: 6.189 Thread 0x0000023cc8867700 Exception <a 'java/lang/NoSuchMethodError'{0x00000000fe30ad60}: 'java.lang.Object java.lang.invoke.DirectMethodHandle$Holder.invokeStatic(java.lang.Object, java.lang.Object, java.lang.Object, java.lang.Object, java.lang.Object, java.lang.Object, java.lang.Object, java.lang.Object, java.lang.Object, java.lang.Object, java.lang.Object, java.lang.Object, java.lang.Object, java.lang.Object, java.lang.Object, java.lang.Object, java.lang.Object, java.lang.Object, java.lang.Object, java.lang.Object, java.lang.Obj
Event: 6.237 Thread 0x0000023cc8867700 Exception <a 'java/lang/NoSuchMethodError'{0x00000000fe32f5d8}: 'java.lang.Object java.lang.invoke.DirectMethodHandle$Holder.invokeSpecial(java.lang.Object, java.lang.Object, java.lang.Object, java.lang.Object, java.lang.Object, java.lang.Object, java.lang.Object, java.lang.Object, java.lang.Object, java.lang.Object, java.lang.Object, java.lang.Object, java.lang.Object, java.lang.Object, java.lang.Object, java.lang.Object, java.lang.Object, java.lang.Object, java.lang.Object, java.lang.Object, java.lang.Ob
Event: 6.240 Thread 0x0000023cc8867700 Exception <a 'java/lang/NoSuchMethodError'{0x00000000fe3456d8}: 'java.lang.Object java.lang.invoke.DirectMethodHandle$Holder.newInvokeSpecial(java.lang.Object, java.lang.Object, java.lang.Object, java.lang.Object, java.lang.Object, java.lang.Object, java.lang.Object, java.lang.Object, java.lang.Object, java.lang.Object, java.lang.Object, java.lang.Object, java.lang.Object, java.lang.Object, java.lang.Object, java.lang.Object, java.lang.Object, java.lang.Object, java.lang.Object, java.lang.Object, java.lang
Event: 6.243 Thread 0x0000023cc8867700 Exception <a 'java/lang/NoSuchMethodError'{0x00000000fe34b8d0}: 'java.lang.Object java.lang.invoke.Invokers$Holder.linkToTargetMethod(java.lang.Object, java.lang.Object, java.lang.Object, java.lang.Object, java.lang.Object, java.lang.Object, java.lang.Object, java.lang.Object, java.lang.Object, java.lang.Object, java.lang.Object, java.lang.Object, java.lang.Object, java.lang.Object, java.lang.Object, java.lang.Object, java.lang.Object, java.lang.Object, java.lang.Object, java.lang.Object, java.lang.Object,
Event: 6.244 Thread 0x0000023cc8867700 Exception <a 'java/lang/NoSuchMethodError'{0x00000000fe350990}: 'java.lang.Object java.lang.invoke.DirectMethodHandle$Holder.invokeVirtual(java.lang.Object, java.lang.Object, java.lang.Object, java.lang.Object, java.lang.Object, java.lang.Object, java.lang.Object, java.lang.Object, java.lang.Object, java.lang.Object)'> (0x00000000fe350990) 
thrown [s\src\hotspot\share\interpreter\linkResolver.cpp, line 773]
Event: 6.317 Thread 0x0000023cc8867700 Exception <a 'java/lang/NoSuchMethodError'{0x00000000fe246268}: 'java.lang.Object java.lang.invoke.DirectMethodHandle$Holder.invokeVirtual(java.lang.Object, java.lang.Object, java.lang.Object, java.lang.Object, java.lang.Object, java.lang.Object, java.lang.Object, java.lang.Object, java.lang.Object)'> (0x00000000fe246268) 
thrown [s\src\hotspot\share\interpreter\linkResolver.cpp, line 773]
Event: 6.402 Thread 0x0000023cc8867700 Exception <a 'java/lang/NoSuchMethodError'{0x00000000fe15e578}: 'java.lang.Object java.lang.invoke.DirectMethodHandle$Holder.invokeVirtual(java.lang.Object, java.lang.Object, java.lang.Object, java.lang.Object, java.lang.Object, java.lang.Object, java.lang.Object, java.lang.Object)'> (0x00000000fe15e578) 
thrown [s\src\hotspot\share\interpreter\linkResolver.cpp, line 773]
Event: 6.490 Thread 0x0000023cc8867700 Exception <a 'java/lang/NoSuchMethodError'{0x00000000fe1eb458}: 'java.lang.Object java.lang.invoke.DirectMethodHandle$Holder.invokeStaticInit(java.lang.Object, int, int, int, int)'> (0x00000000fe1eb458) 
thrown [s\src\hotspot\share\interpreter\linkResolver.cpp, line 773]
Event: 6.542 Thread 0x0000023cc8867700 Exception <a 'java/lang/NoSuchMethodError'{0x00000000fe017a98}: 'java.lang.Object java.lang.invoke.DirectMethodHandle$Holder.invokeStaticInit(java.lang.Object, java.lang.Object, int, int, int, int)'> (0x00000000fe017a98) 
thrown [s\src\hotspot\share\interpreter\linkResolver.cpp, line 773]
Event: 6.610 Thread 0x0000023cc8867700 Implicit null exception at 0x0000023cd8a7cfa0 to 0x0000023cd8a7d5ec
Event: 6.618 Thread 0x0000023cc8867700 Exception <a 'java/lang/NoSuchMethodError'{0x00000000fe0ee880}: 'void java.lang.invoke.DirectMethodHandle$Holder.invokeInterface(java.lang.Object, java.lang.Object, java.lang.Object)'> (0x00000000fe0ee880) 
thrown [s\src\hotspot\share\interpreter\linkResolver.cpp, line 773]

ZGC Phase Switch (0 events):
No events

VM Operations (20 events):
Event: 424.809 Executing VM operation: Cleanup
Event: 424.809 Executing VM operation: Cleanup done
Event: 438.972 Executing VM operation: Cleanup
Event: 438.972 Executing VM operation: Cleanup done
Event: 454.449 Executing VM operation: Cleanup
Event: 454.449 Executing VM operation: Cleanup done
Event: 470.708 Executing VM operation: Cleanup
Event: 470.708 Executing VM operation: Cleanup done
Event: 482.847 Executing VM operation: Cleanup
Event: 482.847 Executing VM operation: Cleanup done
Event: 486.873 Executing VM operation: Cleanup
Event: 486.873 Executing VM operation: Cleanup done
Event: 488.887 Executing VM operation: Cleanup
Event: 488.887 Executing VM operation: Cleanup done
Event: 524.131 Executing VM operation: Cleanup
Event: 524.131 Executing VM operation: Cleanup done
Event: 542.264 Executing VM operation: Cleanup
Event: 542.264 Executing VM operation: Cleanup done
Event: 543.269 Executing VM operation: Cleanup
Event: 543.270 Executing VM operation: Cleanup done

Memory protections (0 events):
No events

Nmethod flushes (0 events):
No events

Events (12 events):
Event: 0.073 Thread 0x0000023cc8867700 Thread added: 0x0000023cc8867700
Event: 0.112 Thread 0x0000023cc8867700 Thread added: 0x0000023ce2063fe0
Event: 0.112 Thread 0x0000023cc8867700 Thread added: 0x0000023ce2065640
Event: 0.113 Thread 0x0000023cc8867700 Thread added: 0x0000023ce20685f0
Event: 0.123 Thread 0x0000023cc8867700 Thread added: 0x0000023ce2069910
Event: 0.123 Thread 0x0000023cc8867700 Thread added: 0x0000023ce206cae0
Event: 0.124 Thread 0x0000023cc8867700 Thread added: 0x0000023ce206d530
Event: 0.125 Thread 0x0000023cc8867700 Thread added: 0x0000023ce206e2b0
Event: 0.152 Thread 0x0000023cc8867700 Thread added: 0x0000023ce20d94f0
Event: 0.282 Thread 0x0000023cc8867700 Thread added: 0x0000023ce21a90d0
Event: 0.288 Thread 0x0000023cc8867700 Thread added: 0x0000023ce21ad900
Event: 4.346 Thread 0x0000023cc8867700 Thread added: 0x0000023ce2cce460


Dynamic libraries:
0x00007ff7a1c10000 - 0x00007ff7a1c1e000 	C:\Program Files\Eclipse Adoptium\jdk-21.0.7.6-hotspot\bin\java.exe
0x00007ffb87de0000 - 0x00007ffb87fe9000 	C:\Windows\SYSTEM32\ntdll.dll
0x00007ffb85e30000 - 0x00007ffb85eed000 	C:\Windows\System32\KERNEL32.DLL
0x00007ffb858a0000 - 0x00007ffb85c24000 	C:\Windows\System32\KERNELBASE.dll
0x00007ffb85710000 - 0x00007ffb85821000 	C:\Windows\System32\ucrtbase.dll
0x00007ffb71eb0000 - 0x00007ffb71ec8000 	C:\Program Files\Eclipse Adoptium\jdk-21.0.7.6-hotspot\bin\jli.dll
0x00007ffb867f0000 - 0x00007ffb8699d000 	C:\Windows\System32\USER32.dll
0x00007ffb85570000 - 0x00007ffb85596000 	C:\Windows\System32\win32u.dll
0x00007ffb874e0000 - 0x00007ffb8750a000 	C:\Windows\System32\GDI32.dll
0x00007ffb85450000 - 0x00007ffb8556e000 	C:\Windows\System32\gdi32full.dll
0x00007ffb853b0000 - 0x00007ffb8544d000 	C:\Windows\System32\msvcp_win.dll
0x00007ffb6f140000 - 0x00007ffb6f15e000 	C:\Program Files\Eclipse Adoptium\jdk-21.0.7.6-hotspot\bin\VCRUNTIME140.dll
0x00007ffb74840000 - 0x00007ffb74ae5000 	C:\Windows\WinSxS\amd64_microsoft.windows.common-controls_6595b64144ccf1df_6.0.22000.120_none_9d947278b86cc467\COMCTL32.dll
0x00007ffb87510000 - 0x00007ffb875b3000 	C:\Windows\System32\msvcrt.dll
0x00007ffb874a0000 - 0x00007ffb874d1000 	C:\Windows\System32\IMM32.DLL
0x00007ffb78270000 - 0x00007ffb7827c000 	C:\Program Files\Eclipse Adoptium\jdk-21.0.7.6-hotspot\bin\vcruntime140_1.dll
0x00007ffb51790000 - 0x00007ffb5181d000 	C:\Program Files\Eclipse Adoptium\jdk-21.0.7.6-hotspot\bin\msvcp140.dll
0x00007ffb319d0000 - 0x00007ffb32760000 	C:\Program Files\Eclipse Adoptium\jdk-21.0.7.6-hotspot\bin\server\jvm.dll
0x00007ffb87ba0000 - 0x00007ffb87c4e000 	C:\Windows\System32\ADVAPI32.dll
0x00007ffb87400000 - 0x00007ffb8749e000 	C:\Windows\System32\sechost.dll
0x00007ffb87980000 - 0x00007ffb87aa1000 	C:\Windows\System32\RPCRT4.dll
0x00007ffb86400000 - 0x00007ffb8646f000 	C:\Windows\System32\WS2_32.dll
0x00007ffb84fa0000 - 0x00007ffb84fed000 	C:\Windows\SYSTEM32\POWRPROF.dll
0x00007ffb7d450000 - 0x00007ffb7d483000 	C:\Windows\SYSTEM32\WINMM.dll
0x00007ffb7d060000 - 0x00007ffb7d06a000 	C:\Windows\SYSTEM32\VERSION.dll
0x00007ffb84f80000 - 0x00007ffb84f93000 	C:\Windows\SYSTEM32\UMPDC.dll
0x00007ffb842e0000 - 0x00007ffb842f8000 	C:\Windows\SYSTEM32\kernel.appcore.dll
0x00007ffb75e60000 - 0x00007ffb75e6a000 	C:\Program Files\Eclipse Adoptium\jdk-21.0.7.6-hotspot\bin\jimage.dll
0x00007ffb6bb00000 - 0x00007ffb6bd21000 	C:\Windows\SYSTEM32\DBGHELP.DLL
0x00007ffb694c0000 - 0x00007ffb694f1000 	C:\Windows\SYSTEM32\dbgcore.DLL
0x00007ffb85270000 - 0x00007ffb852ef000 	C:\Windows\System32\bcryptPrimitives.dll
0x00007ffb6d370000 - 0x00007ffb6d38f000 	C:\Program Files\Eclipse Adoptium\jdk-21.0.7.6-hotspot\bin\java.dll
0x00007ffb86a90000 - 0x00007ffb87255000 	C:\Windows\System32\SHELL32.dll
0x00007ffb83340000 - 0x00007ffb83ba2000 	C:\Windows\SYSTEM32\windows.storage.dll
0x00007ffb86470000 - 0x00007ffb867e6000 	C:\Windows\System32\combase.dll
0x00007ffb831d0000 - 0x00007ffb83337000 	C:\Windows\SYSTEM32\wintypes.dll
0x00007ffb869a0000 - 0x00007ffb86a8a000 	C:\Windows\System32\SHCORE.dll
0x00007ffb87ac0000 - 0x00007ffb87b1d000 	C:\Windows\System32\shlwapi.dll
0x00007ffb851a0000 - 0x00007ffb851c5000 	C:\Windows\SYSTEM32\profapi.dll
0x00007ffb513c0000 - 0x00007ffb51497000 	C:\Program Files\Eclipse Adoptium\jdk-21.0.7.6-hotspot\bin\jsvml.dll
0x00007ffb75aa0000 - 0x00007ffb75ab0000 	C:\Program Files\Eclipse Adoptium\jdk-21.0.7.6-hotspot\bin\net.dll
0x00007ffb7ba20000 - 0x00007ffb7bb34000 	C:\Windows\SYSTEM32\WINHTTP.dll
0x00007ffb84790000 - 0x00007ffb847f7000 	C:\Windows\system32\mswsock.dll
0x00007ffb6d110000 - 0x00007ffb6d126000 	C:\Program Files\Eclipse Adoptium\jdk-21.0.7.6-hotspot\bin\nio.dll
0x00007ffb6b7d0000 - 0x00007ffb6b7e8000 	C:\Program Files\Eclipse Adoptium\jdk-21.0.7.6-hotspot\bin\zip.dll
0x00007ffb755e0000 - 0x00007ffb755f0000 	C:\Program Files\Eclipse Adoptium\jdk-21.0.7.6-hotspot\bin\verify.dll
0x00007ffb74bf0000 - 0x00007ffb74bfa000 	C:\Program Files\Eclipse Adoptium\jdk-21.0.7.6-hotspot\bin\management.dll
0x00007ffb734a0000 - 0x00007ffb734ab000 	C:\Program Files\Eclipse Adoptium\jdk-21.0.7.6-hotspot\bin\management_ext.dll
0x00007ffb87ab0000 - 0x00007ffb87ab8000 	C:\Windows\System32\PSAPI.DLL
0x00007ffb6ae80000 - 0x00007ffb6aea7000 	C:\Users\Asia\.gradle\native\1def1411415f61bf3af743bc5b6707747c0891f09f0c88961ee8f79bc544acac\windows-amd64\native-platform.dll
0x00007ffb78e70000 - 0x00007ffb78e7a000 	C:\Users\Asia\.gradle\native\jansi\1.18\windows64\jansi.dll
0x00007ffb83e00000 - 0x00007ffb83e2d000 	C:\Windows\SYSTEM32\IPHLPAPI.DLL
0x00007ffb87790000 - 0x00007ffb87799000 	C:\Windows\System32\NSI.dll
0x00007ffb72f00000 - 0x00007ffb72f09000 	C:\Program Files\Eclipse Adoptium\jdk-21.0.7.6-hotspot\bin\extnet.dll
0x00007ffb849d0000 - 0x00007ffb849e8000 	C:\Windows\SYSTEM32\CRYPTSP.dll
0x00007ffb84240000 - 0x00007ffb84275000 	C:\Windows\system32\rsaenh.dll
0x00007ffb84880000 - 0x00007ffb848ac000 	C:\Windows\SYSTEM32\USERENV.dll
0x00007ffb84bc0000 - 0x00007ffb84be7000 	C:\Windows\SYSTEM32\bcrypt.dll
0x00007ffb849f0000 - 0x00007ffb849fc000 	C:\Windows\SYSTEM32\CRYPTBASE.dll
0x00007ffb7a800000 - 0x00007ffb7a80e000 	C:\Program Files\Eclipse Adoptium\jdk-21.0.7.6-hotspot\bin\sunmscapi.dll
0x00007ffb855a0000 - 0x00007ffb85702000 	C:\Windows\System32\CRYPT32.dll
0x00007ffb84b90000 - 0x00007ffb84bb8000 	C:\Windows\SYSTEM32\ncrypt.dll
0x00007ffb84b50000 - 0x00007ffb84b87000 	C:\Windows\SYSTEM32\NTASN1.dll
0x00007ffb791e0000 - 0x00007ffb791e8000 	C:\Windows\system32\wshunix.dll

dbghelp: loaded successfully - version: 4.0.5 - missing functions: none
symbol engine: initialized successfully - sym options: 0x614 - pdb path: .;C:\Program Files\Eclipse Adoptium\jdk-21.0.7.6-hotspot\bin;C:\Windows\SYSTEM32;C:\Windows\WinSxS\amd64_microsoft.windows.common-controls_6595b64144ccf1df_6.0.22000.120_none_9d947278b86cc467;C:\Program Files\Eclipse Adoptium\jdk-21.0.7.6-hotspot\bin\server;C:\Users\Asia\.gradle\native\1def1411415f61bf3af743bc5b6707747c0891f09f0c88961ee8f79bc544acac\windows-amd64;C:\Users\Asia\.gradle\native\jansi\1.18\windows64

VM Arguments:
jvm_args: -Xmx64m -Xms64m -Dorg.gradle.appname=gradlew 
java_command: org.gradle.wrapper.GradleWrapperMain app:installDebug -PreactNativeDevServerPort=8081
java_class_path (initial): D:\BodaGo-Apps\DriverApp\android\\gradle\wrapper\gradle-wrapper.jar
Launcher Type: SUN_STANDARD

[Global flags]
     intx CICompilerCount                          = 2                                         {product} {ergonomic}
     uint ConcGCThreads                            = 1                                         {product} {ergonomic}
     uint G1ConcRefinementThreads                  = 2                                         {product} {ergonomic}
   size_t G1HeapRegionSize                         = 1048576                                   {product} {ergonomic}
    uintx GCDrainStackTargetSize                   = 64                                        {product} {ergonomic}
   size_t InitialHeapSize                          = 67108864                                  {product} {command line}
   size_t MarkStackSize                            = 4194304                                   {product} {ergonomic}
   size_t MaxHeapSize                              = 67108864                                  {product} {command line}
   size_t MaxNewSize                               = 39845888                                  {product} {ergonomic}
   size_t MinHeapDeltaBytes                        = 1048576                                   {product} {ergonomic}
   size_t MinHeapSize                              = 67108864                                  {product} {command line}
    uintx NonNMethodCodeHeapSize                   = 5826188                                {pd product} {ergonomic}
    uintx NonProfiledCodeHeapSize                  = 122916026                              {pd product} {ergonomic}
    uintx ProfiledCodeHeapSize                     = 122916026                              {pd product} {ergonomic}
    uintx ReservedCodeCacheSize                    = 251658240                              {pd product} {ergonomic}
     bool SegmentedCodeCache                       = true                                      {product} {ergonomic}
   size_t SoftMaxHeapSize                          = 67108864                               {manageable} {ergonomic}
     bool UseCompressedOops                        = true                           {product lp64_product} {ergonomic}
     bool UseG1GC                                  = true                                      {product} {ergonomic}
     bool UseLargePagesIndividualAllocation        = false                                  {pd product} {ergonomic}

Logging:
Log output configuration:
 #0: stdout all=warning uptime,level,tags foldmultilines=false
 #1: stderr all=off uptime,level,tags foldmultilines=false

Environment Variables:
JAVA_HOME=C:\Program Files\Eclipse Adoptium\jdk-21.0.7.6-hotspot
CLASSPATH=D:\BodaGo-Apps\DriverApp\android\\gradle\wrapper\gradle-wrapper.jar
PATH=D:\BodaGo-Apps\DriverApp\node_modules\.bin;D:\BodaGo-Apps\DriverApp\android\node_modules\.bin;D:\BodaGo-Apps\DriverApp\node_modules\.bin;D:\BodaGo-Apps\node_modules\.bin;D:\node_modules\.bin;C:\Program Files\nodejs\node_modules\npm\node_modules\@npmcli\run-script\lib\node-gyp-bin;C:\Program Files\Eclipse Adoptium\jdk-21.0.7.6-hotspot\bin;C:\Windows\system32;C:\Windows;C:\Windows\System32\Wbem;C:\Windows\System32\WindowsPowerShell\v1.0\;C:\Windows\System32\OpenSSH\;C:\Users\Asia\AppData\Local\nvm;C:\nvm4w\nodejs;C:\Program Files\Eclipse Adoptium\jdk-21.0.7.6-hotspot\bin;C:\Program Files\Git\cmd;C:\Program Files\GitHub CLI\;C:\Program Files\nodejs\;C:\Users\Asia\AppData\Local\Microsoft\WindowsApps;C:\Users\Asia\AppData\Local\Programs\Microsoft VS Code\bin;C:\Users\Asia\AppData\Local\nvm;C:\nvm4w\nodejs;C:\Users\Asia\AppData\Roaming\npm
USERNAME=Asia
OS=Windows_NT
PROCESSOR_IDENTIFIER=AMD64 Family 21 Model 112 Stepping 0, AuthenticAMD
TMP=C:\Users\Asia\AppData\Local\Temp
TEMP=C:\Users\Asia\AppData\Local\Temp




Periodic native trim disabled

---------------  S Y S T E M  ---------------

OS:
 Windows 11 , 64 bit Build 22000 (10.0.22000.2538)
OS uptime: 1 days 11:46 hours

CPU: total 2 (initial active 2) (2 cores per cpu, 1 threads per core) family 21 model 112 stepping 0 microcode 0x0, cx8, cmov, fxsr, mmx, 3dnowpref, sse, sse2, sse3, ssse3, sse4a, sse4.1, sse4.2, popcnt, lzcnt, tsc, tscinvbit, avx, avx2, aes, clmul, bmi1, bmi2, fma, vzeroupper, clflush, rdtscp, f16c
Processor Information for the first 2 processors :
  Max Mhz: 3100, Current Mhz: 2800, Mhz Limit: 2790

Memory: 4k page, system-wide physical 3983M (263M free)
TotalPageFile size 11430M (AvailPageFile size 0M)
current process WorkingSet (physical memory assigned to process): 22M, peak: 99M
current process commit charge ("private bytes"): 154M, peak: 177M

vm_info: OpenJDK 64-Bit Server VM (21.0.7+6-LTS) for windows-amd64 JRE (21.0.7+6-LTS), built on 2025-04-15T00:00:00Z by "admin" with MS VC++ 17.7 (VS2022)

END.
