#
# There is insufficient memory for the Java Runtime Environment to continue.
# Native memory allocation (malloc) failed to allocate 189296 bytes. Error detail: Chunk::new
# Possible reasons:
#   The system is out of physical RAM or swap space
#   This process is running with CompressedOops enabled, and the Java Heap may be blocking the growth of the native heap
# Possible solutions:
#   Reduce memory load on the system
#   Increase physical memory or swap space
#   Check if swap backing store is full
#   Decrease Java heap size (-Xmx/-Xms)
#   Decrease number of Java threads
#   Decrease Java thread stack sizes (-Xss)
#   Set larger code cache with -XX:ReservedCodeCacheSize=
#   JVM is running with Unscaled Compressed Oops mode in which the Java heap is
#     placed in the first 4GB address space. The Java Heap base address is the
#     maximum limit for the native heap growth. Please use -XX:HeapBaseMinAddress
#     to set the Java Heap base and to place the Java Heap above 4GB virtual address.
# This output file may be truncated or incomplete.
#
#  Out of Memory Error (arena.cpp:168), pid=3092, tid=6640
#
# JRE version: OpenJDK Runtime Environment Temurin-21.0.7+6 (21.0.7+6) (build 21.0.7+6-LTS)
# Java VM: OpenJDK 64-Bit Server VM Temurin-21.0.7+6 (21.0.7+6-LTS, mixed mode, sharing, tiered, compressed oops, compressed class ptrs, g1 gc, windows-amd64)
# No core dump will be written. Minidumps are not enabled by default on client versions of Windows
#

---------------  S U M M A R Y ------------

Command Line: -Xmx64m -Xms64m -Dorg.gradle.appname=gradlew org.gradle.wrapper.GradleWrapperMain clean assembleRelease

Host: AMD A9-9425 RADEON R5, 5 COMPUTE CORES 2C+3G   , 2 cores, 3G,  Windows 11 , 64 bit Build 22000 (10.0.22000.2538)
Time: Thu Mar 26 00:20:21 2026 E. Africa Standard Time elapsed time: 1381.337887 seconds (0d 0h 23m 1s)

---------------  T H R E A D  ---------------

Current thread (0x000001bad590bd30):  JavaThread "C2 CompilerThread0" daemon [_thread_in_native, id=6640, stack(0x00000015dd400000,0x00000015dd500000) (1024K)]


Current CompileTask:
C2:1381338 2406 %     4       java.io.BufferedReader::implReadLine @ 125 (301 bytes)

Stack: [0x00000015dd400000,0x00000015dd500000]
Native frames: (J=compiled Java code, j=interpreted, Vv=VM code, C=native code)
V  [jvm.dll+0x6ce119]
V  [jvm.dll+0x8a84a1]
V  [jvm.dll+0x8aa9ce]
V  [jvm.dll+0x8ab0b3]
V  [jvm.dll+0x27f8a6]
V  [jvm.dll+0xc507d]
V  [jvm.dll+0xc55b3]
V  [jvm.dll+0x2f2c6d]
V  [jvm.dll+0x5f6bca]
V  [jvm.dll+0x250cb2]
V  [jvm.dll+0x25106f]
V  [jvm.dll+0x249934]
V  [jvm.dll+0x246fc4]
V  [jvm.dll+0x1c760e]
V  [jvm.dll+0x25695a]
V  [jvm.dll+0x254efa]
V  [jvm.dll+0x3f03f6]
V  [jvm.dll+0x851f6b]
V  [jvm.dll+0x6cc7dd]
C  [ucrtbase.dll+0x26c0c]
C  [KERNEL32.DLL+0x153e0]
C  [ntdll.dll+0x485b]


---------------  P R O C E S S  ---------------

Threads class SMR info:
_java_thread_list=0x000001bb1ba1f700, length=12, elements={
0x000001bab9f1fb20, 0x000001bad5900f00, 0x000001bad5902bc0, 0x000001bad59069c0,
0x000001bad5909590, 0x000001bad5907800, 0x000001bad59086e0, 0x000001bad590bd30,
0x000001bad5918d30, 0x000001bad5a55a40, 0x000001bad5a56260, 0x000001bb1b6ae980
}

Java Threads: ( => current thread )
  0x000001bab9f1fb20 JavaThread "main"                              [_thread_in_Java, id=4564, stack(0x00000015dc600000,0x00000015dc700000) (1024K)]
  0x000001bad5900f00 JavaThread "Reference Handler"          daemon [_thread_blocked, id=6620, stack(0x00000015dce00000,0x00000015dcf00000) (1024K)]
  0x000001bad5902bc0 JavaThread "Finalizer"                  daemon [_thread_blocked, id=10132, stack(0x00000015dcf00000,0x00000015dd000000) (1024K)]
  0x000001bad59069c0 JavaThread "Signal Dispatcher"          daemon [_thread_blocked, id=2656, stack(0x00000015dd000000,0x00000015dd100000) (1024K)]
  0x000001bad5909590 JavaThread "Attach Listener"            daemon [_thread_blocked, id=8008, stack(0x00000015dd100000,0x00000015dd200000) (1024K)]
  0x000001bad5907800 JavaThread "Service Thread"             daemon [_thread_blocked, id=5684, stack(0x00000015dd200000,0x00000015dd300000) (1024K)]
  0x000001bad59086e0 JavaThread "Monitor Deflation Thread"   daemon [_thread_blocked, id=6748, stack(0x00000015dd300000,0x00000015dd400000) (1024K)]
=>0x000001bad590bd30 JavaThread "C2 CompilerThread0"         daemon [_thread_in_native, id=6640, stack(0x00000015dd400000,0x00000015dd500000) (1024K)]
  0x000001bad5918d30 JavaThread "C1 CompilerThread0"         daemon [_thread_blocked, id=7896, stack(0x00000015dd500000,0x00000015dd600000) (1024K)]
  0x000001bad5a55a40 JavaThread "Notification Thread"        daemon [_thread_blocked, id=3560, stack(0x00000015dd600000,0x00000015dd700000) (1024K)]
  0x000001bad5a56260 JavaThread "Common-Cleaner"             daemon [_thread_blocked, id=9312, stack(0x00000015dd700000,0x00000015dd800000) (1024K)]
  0x000001bb1b6ae980 JavaThread "pool-1-thread-1"                   [_thread_blocked, id=4652, stack(0x00000015dd900000,0x00000015dda00000) (1024K)]
Total: 12

Other Threads:
  0x000001babc1d74c0 VMThread "VM Thread"                           [id=112, stack(0x00000015dcd00000,0x00000015dce00000) (1024K)]
  0x000001babc1c9280 WatcherThread "VM Periodic Task Thread"        [id=8400, stack(0x00000015dcc00000,0x00000015dcd00000) (1024K)]
  0x000001babc1229d0 WorkerThread "GC Thread#0"                     [id=1632, stack(0x00000015dc700000,0x00000015dc800000) (1024K)]
  0x000001bad5cc7c80 WorkerThread "GC Thread#1"                     [id=956, stack(0x00000015dd800000,0x00000015dd900000) (1024K)]
  0x000001babc124360 ConcurrentGCThread "G1 Main Marker"            [id=1168, stack(0x00000015dc800000,0x00000015dc900000) (1024K)]
  0x000001babc125a70 WorkerThread "G1 Conc#0"                       [id=3184, stack(0x00000015dc900000,0x00000015dca00000) (1024K)]
  0x000001babc17b6d0 ConcurrentGCThread "G1 Refine#0"               [id=7512, stack(0x00000015dca00000,0x00000015dcb00000) (1024K)]
  0x000001babc17c240 ConcurrentGCThread "G1 Service"                [id=5636, stack(0x00000015dcb00000,0x00000015dcc00000) (1024K)]
Total: 8

Threads with active compile tasks:
C2 CompilerThread0  1381381 2406 %     4       java.io.BufferedReader::implReadLine @ 125 (301 bytes)
Total: 1

VM state: not at safepoint (normal execution)

VM Mutex/Monitor currently owned by a thread: None

Heap address: 0x00000000fc000000, size: 64 MB, Compressed Oops mode: 32-bit

CDS archive(s) mapped at: [0x000001bad6000000-0x000001bad6c80000-0x000001bad6c80000), size 13107200, SharedBaseAddress: 0x000001bad6000000, ArchiveRelocationMode: 1.
Compressed class space mapped at: 0x000001bad7000000-0x000001bb17000000, reserved size: 1073741824
Narrow klass base: 0x000001bad6000000, Narrow klass shift: 0, Narrow klass range: 0x100000000

GC Precious Log:
 CardTable entry size: 512
 Card Set container configuration: InlinePtr #cards 5 size 8 Array Of Cards #cards 12 size 40 Howl #buckets 4 coarsen threshold 1843 Howl Bitmap #cards 512 size 80 coarsen threshold 460 Card regions per heap region 1 cards per card region 2048
 CPUs: 2 total, 2 available
 Memory: 3983M
 Large Page Support: Disabled
 NUMA Support: Disabled
 Compressed Oops: Enabled (32-bit)
 Heap Region Size: 1M
 Heap Min Capacity: 64M
 Heap Initial Capacity: 64M
 Heap Max Capacity: 64M
 Pre-touch: Disabled
 Parallel Workers: 2
 Concurrent Workers: 1
 Concurrent Refinement Workers: 2
 Periodic GC: Disabled

Heap:
 garbage-first heap   total 65536K, used 34247K [0x00000000fc000000, 0x0000000100000000)
  region size 1024K, 27 young (27648K), 5 survivors (5120K)
 Metaspace       used 10281K, committed 10624K, reserved 1114112K
  class space    used 1318K, committed 1472K, reserved 1048576K

Heap Regions: E=young(eden), S=young(survivor), O=old, HS=humongous(starts), HC=humongous(continues), CS=collection set, F=free, TAMS=top-at-mark-start, PB=parsable bottom
|   0|0x00000000fc000000, 0x00000000fc100000, 0x00000000fc100000|100%| O|  |TAMS 0x00000000fc000000| PB 0x00000000fc000000| Untracked 
|   1|0x00000000fc100000, 0x00000000fc200000, 0x00000000fc200000|100%| O|  |TAMS 0x00000000fc100000| PB 0x00000000fc100000| Untracked 
|   2|0x00000000fc200000, 0x00000000fc300000, 0x00000000fc300000|100%|HS|  |TAMS 0x00000000fc200000| PB 0x00000000fc200000| Complete 
|   3|0x00000000fc300000, 0x00000000fc400000, 0x00000000fc400000|100%|HC|  |TAMS 0x00000000fc300000| PB 0x00000000fc300000| Complete 
|   4|0x00000000fc400000, 0x00000000fc500000, 0x00000000fc500000|100%|HC|  |TAMS 0x00000000fc400000| PB 0x00000000fc400000| Complete 
|   5|0x00000000fc500000, 0x00000000fc600000, 0x00000000fc600000|100%| O|  |TAMS 0x00000000fc500000| PB 0x00000000fc500000| Untracked 
|   6|0x00000000fc600000, 0x00000000fc700000, 0x00000000fc700000|100%| O|  |TAMS 0x00000000fc600000| PB 0x00000000fc600000| Untracked 
|   7|0x00000000fc700000, 0x00000000fc771f40, 0x00000000fc800000| 44%| O|  |TAMS 0x00000000fc700000| PB 0x00000000fc700000| Untracked 
|   8|0x00000000fc800000, 0x00000000fc800000, 0x00000000fc900000|  0%| F|  |TAMS 0x00000000fc800000| PB 0x00000000fc800000| Untracked 
|   9|0x00000000fc900000, 0x00000000fc900000, 0x00000000fca00000|  0%| F|  |TAMS 0x00000000fc900000| PB 0x00000000fc900000| Untracked 
|  10|0x00000000fca00000, 0x00000000fca00000, 0x00000000fcb00000|  0%| F|  |TAMS 0x00000000fca00000| PB 0x00000000fca00000| Untracked 
|  11|0x00000000fcb00000, 0x00000000fcb00000, 0x00000000fcc00000|  0%| F|  |TAMS 0x00000000fcb00000| PB 0x00000000fcb00000| Untracked 
|  12|0x00000000fcc00000, 0x00000000fcc00000, 0x00000000fcd00000|  0%| F|  |TAMS 0x00000000fcc00000| PB 0x00000000fcc00000| Untracked 
|  13|0x00000000fcd00000, 0x00000000fcd00000, 0x00000000fce00000|  0%| F|  |TAMS 0x00000000fcd00000| PB 0x00000000fcd00000| Untracked 
|  14|0x00000000fce00000, 0x00000000fce00000, 0x00000000fcf00000|  0%| F|  |TAMS 0x00000000fce00000| PB 0x00000000fce00000| Untracked 
|  15|0x00000000fcf00000, 0x00000000fcf00000, 0x00000000fd000000|  0%| F|  |TAMS 0x00000000fcf00000| PB 0x00000000fcf00000| Untracked 
|  16|0x00000000fd000000, 0x00000000fd000000, 0x00000000fd100000|  0%| F|  |TAMS 0x00000000fd000000| PB 0x00000000fd000000| Untracked 
|  17|0x00000000fd100000, 0x00000000fd100000, 0x00000000fd200000|  0%| F|  |TAMS 0x00000000fd100000| PB 0x00000000fd100000| Untracked 
|  18|0x00000000fd200000, 0x00000000fd200000, 0x00000000fd300000|  0%| F|  |TAMS 0x00000000fd200000| PB 0x00000000fd200000| Untracked 
|  19|0x00000000fd300000, 0x00000000fd300000, 0x00000000fd400000|  0%| F|  |TAMS 0x00000000fd300000| PB 0x00000000fd300000| Untracked 
|  20|0x00000000fd400000, 0x00000000fd400000, 0x00000000fd500000|  0%| F|  |TAMS 0x00000000fd400000| PB 0x00000000fd400000| Untracked 
|  21|0x00000000fd500000, 0x00000000fd600000, 0x00000000fd600000|100%| S|CS|TAMS 0x00000000fd500000| PB 0x00000000fd500000| Complete 
|  22|0x00000000fd600000, 0x00000000fd700000, 0x00000000fd700000|100%| S|CS|TAMS 0x00000000fd600000| PB 0x00000000fd600000| Complete 
|  23|0x00000000fd700000, 0x00000000fd800000, 0x00000000fd800000|100%| S|CS|TAMS 0x00000000fd700000| PB 0x00000000fd700000| Complete 
|  24|0x00000000fd800000, 0x00000000fd900000, 0x00000000fd900000|100%| S|CS|TAMS 0x00000000fd800000| PB 0x00000000fd800000| Complete 
|  25|0x00000000fd900000, 0x00000000fda00000, 0x00000000fda00000|100%| S|CS|TAMS 0x00000000fd900000| PB 0x00000000fd900000| Complete 
|  26|0x00000000fda00000, 0x00000000fda00000, 0x00000000fdb00000|  0%| F|  |TAMS 0x00000000fda00000| PB 0x00000000fda00000| Untracked 
|  27|0x00000000fdb00000, 0x00000000fdb00000, 0x00000000fdc00000|  0%| F|  |TAMS 0x00000000fdb00000| PB 0x00000000fdb00000| Untracked 
|  28|0x00000000fdc00000, 0x00000000fdc00000, 0x00000000fdd00000|  0%| F|  |TAMS 0x00000000fdc00000| PB 0x00000000fdc00000| Untracked 
|  29|0x00000000fdd00000, 0x00000000fdd00000, 0x00000000fde00000|  0%| F|  |TAMS 0x00000000fdd00000| PB 0x00000000fdd00000| Untracked 
|  30|0x00000000fde00000, 0x00000000fde00000, 0x00000000fdf00000|  0%| F|  |TAMS 0x00000000fde00000| PB 0x00000000fde00000| Untracked 
|  31|0x00000000fdf00000, 0x00000000fdf00000, 0x00000000fe000000|  0%| F|  |TAMS 0x00000000fdf00000| PB 0x00000000fdf00000| Untracked 
|  32|0x00000000fe000000, 0x00000000fe000000, 0x00000000fe100000|  0%| F|  |TAMS 0x00000000fe000000| PB 0x00000000fe000000| Untracked 
|  33|0x00000000fe100000, 0x00000000fe100000, 0x00000000fe200000|  0%| F|  |TAMS 0x00000000fe100000| PB 0x00000000fe100000| Untracked 
|  34|0x00000000fe200000, 0x00000000fe200000, 0x00000000fe300000|  0%| F|  |TAMS 0x00000000fe200000| PB 0x00000000fe200000| Untracked 
|  35|0x00000000fe300000, 0x00000000fe300000, 0x00000000fe400000|  0%| F|  |TAMS 0x00000000fe300000| PB 0x00000000fe300000| Untracked 
|  36|0x00000000fe400000, 0x00000000fe400000, 0x00000000fe500000|  0%| F|  |TAMS 0x00000000fe400000| PB 0x00000000fe400000| Untracked 
|  37|0x00000000fe500000, 0x00000000fe500000, 0x00000000fe600000|  0%| F|  |TAMS 0x00000000fe500000| PB 0x00000000fe500000| Untracked 
|  38|0x00000000fe600000, 0x00000000fe600000, 0x00000000fe700000|  0%| F|  |TAMS 0x00000000fe600000| PB 0x00000000fe600000| Untracked 
|  39|0x00000000fe700000, 0x00000000fe700000, 0x00000000fe800000|  0%| F|  |TAMS 0x00000000fe700000| PB 0x00000000fe700000| Untracked 
|  40|0x00000000fe800000, 0x00000000fe800000, 0x00000000fe900000|  0%| F|  |TAMS 0x00000000fe800000| PB 0x00000000fe800000| Untracked 
|  41|0x00000000fe900000, 0x00000000fe900000, 0x00000000fea00000|  0%| F|  |TAMS 0x00000000fe900000| PB 0x00000000fe900000| Untracked 
|  42|0x00000000fea00000, 0x00000000feb00000, 0x00000000feb00000|100%| E|  |TAMS 0x00000000fea00000| PB 0x00000000fea00000| Complete 
|  43|0x00000000feb00000, 0x00000000fec00000, 0x00000000fec00000|100%| E|CS|TAMS 0x00000000feb00000| PB 0x00000000feb00000| Complete 
|  44|0x00000000fec00000, 0x00000000fed00000, 0x00000000fed00000|100%| E|CS|TAMS 0x00000000fec00000| PB 0x00000000fec00000| Complete 
|  45|0x00000000fed00000, 0x00000000fee00000, 0x00000000fee00000|100%| E|CS|TAMS 0x00000000fed00000| PB 0x00000000fed00000| Complete 
|  46|0x00000000fee00000, 0x00000000fef00000, 0x00000000fef00000|100%| E|CS|TAMS 0x00000000fee00000| PB 0x00000000fee00000| Complete 
|  47|0x00000000fef00000, 0x00000000ff000000, 0x00000000ff000000|100%| E|CS|TAMS 0x00000000fef00000| PB 0x00000000fef00000| Complete 
|  48|0x00000000ff000000, 0x00000000ff100000, 0x00000000ff100000|100%| E|CS|TAMS 0x00000000ff000000| PB 0x00000000ff000000| Complete 
|  49|0x00000000ff100000, 0x00000000ff200000, 0x00000000ff200000|100%| E|CS|TAMS 0x00000000ff100000| PB 0x00000000ff100000| Complete 
|  50|0x00000000ff200000, 0x00000000ff300000, 0x00000000ff300000|100%| E|CS|TAMS 0x00000000ff200000| PB 0x00000000ff200000| Complete 
|  51|0x00000000ff300000, 0x00000000ff400000, 0x00000000ff400000|100%| E|CS|TAMS 0x00000000ff300000| PB 0x00000000ff300000| Complete 
|  52|0x00000000ff400000, 0x00000000ff500000, 0x00000000ff500000|100%| E|CS|TAMS 0x00000000ff400000| PB 0x00000000ff400000| Complete 
|  53|0x00000000ff500000, 0x00000000ff600000, 0x00000000ff600000|100%| E|CS|TAMS 0x00000000ff500000| PB 0x00000000ff500000| Complete 
|  54|0x00000000ff600000, 0x00000000ff700000, 0x00000000ff700000|100%| E|CS|TAMS 0x00000000ff600000| PB 0x00000000ff600000| Complete 
|  55|0x00000000ff700000, 0x00000000ff800000, 0x00000000ff800000|100%| E|CS|TAMS 0x00000000ff700000| PB 0x00000000ff700000| Complete 
|  56|0x00000000ff800000, 0x00000000ff900000, 0x00000000ff900000|100%| E|CS|TAMS 0x00000000ff800000| PB 0x00000000ff800000| Complete 
|  57|0x00000000ff900000, 0x00000000ffa00000, 0x00000000ffa00000|100%| E|CS|TAMS 0x00000000ff900000| PB 0x00000000ff900000| Complete 
|  58|0x00000000ffa00000, 0x00000000ffb00000, 0x00000000ffb00000|100%| E|CS|TAMS 0x00000000ffa00000| PB 0x00000000ffa00000| Complete 
|  59|0x00000000ffb00000, 0x00000000ffc00000, 0x00000000ffc00000|100%| E|CS|TAMS 0x00000000ffb00000| PB 0x00000000ffb00000| Complete 
|  60|0x00000000ffc00000, 0x00000000ffd00000, 0x00000000ffd00000|100%| E|CS|TAMS 0x00000000ffc00000| PB 0x00000000ffc00000| Complete 
|  61|0x00000000ffd00000, 0x00000000ffe00000, 0x00000000ffe00000|100%| E|CS|TAMS 0x00000000ffd00000| PB 0x00000000ffd00000| Complete 
|  62|0x00000000ffe00000, 0x00000000fff00000, 0x00000000fff00000|100%| E|CS|TAMS 0x00000000ffe00000| PB 0x00000000ffe00000| Complete 
|  63|0x00000000fff00000, 0x0000000100000000, 0x0000000100000000|100%| E|CS|TAMS 0x00000000fff00000| PB 0x00000000fff00000| Complete 

Card table byte_map: [0x000001babbd30000,0x000001babbd50000] _byte_map_base: 0x000001babb550000

Marking Bits: (CMBitMap*) 0x000001babc1230d0
 Bits: [0x000001babbd50000, 0x000001babbe50000)

Polling page: 0x000001baba020000

Metaspace:

Usage:
  Non-class:      8.75 MB used.
      Class:      1.29 MB used.
       Both:     10.04 MB used.

Virtual space:
  Non-class space:       64.00 MB reserved,       8.94 MB ( 14%) committed,  1 nodes.
      Class space:        1.00 GB reserved,       1.44 MB ( <1%) committed,  1 nodes.
             Both:        1.06 GB reserved,      10.38 MB ( <1%) committed. 

Chunk freelists:
   Non-Class:  6.30 MB
       Class:  14.51 MB
        Both:  20.81 MB

MaxMetaspaceSize: unlimited
CompressedClassSpaceSize: 1.00 GB
Initial GC threshold: 21.00 MB
Current GC threshold: 21.00 MB
CDS: on
 - commit_granule_bytes: 65536.
 - commit_granule_words: 8192.
 - virtual_space_node_default_size: 8388608.
 - enlarge_chunks_in_place: 1.
 - use_allocation_guard: 0.


Internal statistics:

num_allocs_failed_limit: 0.
num_arena_births: 314.
num_arena_deaths: 0.
num_vsnodes_births: 2.
num_vsnodes_deaths: 0.
num_space_committed: 166.
num_space_uncommitted: 0.
num_chunks_returned_to_freelist: 0.
num_chunks_taken_from_freelist: 642.
num_chunk_merges: 0.
num_chunk_splits: 402.
num_chunks_enlarged: 268.
num_inconsistent_stats: 0.

CodeHeap 'non-profiled nmethods': size=120064Kb used=1278Kb max_used=1278Kb free=118785Kb
 bounds [0x000001bacc2d0000, 0x000001bacc540000, 0x000001bad3810000]
CodeHeap 'profiled nmethods': size=120000Kb used=4418Kb max_used=4418Kb free=115581Kb
 bounds [0x000001bac4810000, 0x000001bac4c70000, 0x000001bacbd40000]
CodeHeap 'non-nmethods': size=5696Kb used=1409Kb max_used=1448Kb free=4286Kb
 bounds [0x000001bacbd40000, 0x000001bacbfb0000, 0x000001bacc2d0000]
 total_blobs=2912 nmethods=2413 adapters=404
 compilation: enabled
              stopped_count=0, restarted_count=0
 full_count=0

Compilation events (20 events):
Event: 1381.296 Thread 0x000001bad5918d30 nmethod 2402 0x000001bac4c5bb10 code [0x000001bac4c5bcc0, 0x000001bac4c5bfa8]
Event: 1381.296 Thread 0x000001bad5918d30 2403       3       com.google.common.collect.EvictingQueue::add (48 bytes)
Event: 1381.297 Thread 0x000001bad5918d30 nmethod 2403 0x000001bac4c5c090 code [0x000001bac4c5c2a0, 0x000001bac4c5c968]
Event: 1381.298 Thread 0x000001bad5918d30 2404       3       com.google.common.collect.ForwardingCollection::size (10 bytes)
Event: 1381.298 Thread 0x000001bad5918d30 nmethod 2404 0x000001bac4c5cb90 code [0x000001bac4c5cd40, 0x000001bac4c5cf88]
Event: 1381.298 Thread 0x000001bad5918d30 2405       3       com.google.common.collect.EvictingQueue::delegate (5 bytes)
Event: 1381.299 Thread 0x000001bad5918d30 nmethod 2405 0x000001bac4c5d090 code [0x000001bac4c5d220, 0x000001bac4c5d340]
Event: 1381.303 Thread 0x000001bad590bd30 2406 %     4       java.io.BufferedReader::implReadLine @ 125 (301 bytes)
Event: 1381.304 Thread 0x000001bad5918d30 2407   !   3       java.io.BufferedReader::readLine (72 bytes)
Event: 1381.308 Thread 0x000001bad5918d30 nmethod 2407 0x000001bac4c5d410 code [0x000001bac4c5d6a0, 0x000001bac4c5e4d8]
Event: 1381.309 Thread 0x000001bad5918d30 2408       3       java.util.ArrayDeque::remove (5 bytes)
Event: 1381.309 Thread 0x000001bad5918d30 nmethod 2408 0x000001bac4c5ea10 code [0x000001bac4c5ebe0, 0x000001bac4c5ee98]
Event: 1381.315 Thread 0x000001bad5918d30 2409       3       java.nio.CharBuffer::array (35 bytes)
Event: 1381.315 Thread 0x000001bad5918d30 nmethod 2409 0x000001bac4c5f010 code [0x000001bac4c5f1e0, 0x000001bac4c5f4b0]
Event: 1381.316 Thread 0x000001bad5918d30 2410       3       java.nio.ByteBuffer::hasArray (20 bytes)
Event: 1381.316 Thread 0x000001bad5918d30 nmethod 2410 0x000001bac4c5f610 code [0x000001bac4c5f7c0, 0x000001bac4c5f958]
Event: 1381.316 Thread 0x000001bad5918d30 2411       3       java.nio.CharBuffer::hasArray (20 bytes)
Event: 1381.316 Thread 0x000001bad5918d30 nmethod 2411 0x000001bac4c5fa10 code [0x000001bac4c5fbc0, 0x000001bac4c5fd58]
Event: 1381.326 Thread 0x000001bad5918d30 2414       3       java.nio.ByteBuffer::limit (8 bytes)
Event: 1381.327 Thread 0x000001bad5918d30 nmethod 2414 0x000001bac4c5fe10 code [0x000001bac4c5ffc0, 0x000001bac4c60110]

GC Heap History (8 events):
Event: 0.645 GC heap before
{Heap before GC invocations=0 (full 0):
 garbage-first heap   total 65536K, used 6144K [0x00000000fc000000, 0x0000000100000000)
  region size 1024K, 6 young (6144K), 0 survivors (0K)
 Metaspace       used 1523K, committed 1728K, reserved 1114112K
  class space    used 147K, committed 256K, reserved 1048576K
}
Event: 0.655 GC heap after
{Heap after GC invocations=1 (full 0):
 garbage-first heap   total 65536K, used 1268K [0x00000000fc000000, 0x0000000100000000)
  region size 1024K, 1 young (1024K), 1 survivors (1024K)
 Metaspace       used 1523K, committed 1728K, reserved 1114112K
  class space    used 147K, committed 256K, reserved 1048576K
}
Event: 0.926 GC heap before
{Heap before GC invocations=1 (full 0):
 garbage-first heap   total 65536K, used 6388K [0x00000000fc000000, 0x0000000100000000)
  region size 1024K, 7 young (7168K), 1 survivors (1024K)
 Metaspace       used 1559K, committed 1728K, reserved 1114112K
  class space    used 147K, committed 256K, reserved 1048576K
}
Event: 0.930 GC heap after
{Heap after GC invocations=2 (full 0):
 garbage-first heap   total 65536K, used 1695K [0x00000000fc000000, 0x0000000100000000)
  region size 1024K, 1 young (1024K), 1 survivors (1024K)
 Metaspace       used 1559K, committed 1728K, reserved 1114112K
  class space    used 147K, committed 256K, reserved 1048576K
}
Event: 1.486 GC heap before
{Heap before GC invocations=2 (full 0):
 garbage-first heap   total 65536K, used 13983K [0x00000000fc000000, 0x0000000100000000)
  region size 1024K, 14 young (14336K), 1 survivors (1024K)
 Metaspace       used 1701K, committed 1856K, reserved 1114112K
  class space    used 149K, committed 256K, reserved 1048576K
}
Event: 1.491 GC heap after
{Heap after GC invocations=3 (full 0):
 garbage-first heap   total 65536K, used 2976K [0x00000000fc000000, 0x0000000100000000)
  region size 1024K, 2 young (2048K), 2 survivors (2048K)
 Metaspace       used 1701K, committed 1856K, reserved 1114112K
  class space    used 149K, committed 256K, reserved 1048576K
}
Event: 211.424 GC heap before
{Heap before GC invocations=3 (full 0):
 garbage-first heap   total 65536K, used 41888K [0x00000000fc000000, 0x0000000100000000)
  region size 1024K, 38 young (38912K), 2 survivors (2048K)
 Metaspace       used 10133K, committed 10496K, reserved 1114112K
  class space    used 1303K, committed 1472K, reserved 1048576K
}
Event: 211.671 GC heap after
{Heap after GC invocations=4 (full 0):
 garbage-first heap   total 65536K, used 12743K [0x00000000fc000000, 0x0000000100000000)
  region size 1024K, 5 young (5120K), 5 survivors (5120K)
 Metaspace       used 10133K, committed 10496K, reserved 1114112K
  class space    used 1303K, committed 1472K, reserved 1048576K
}

Dll operation events (13 events):
Event: 0.016 Loaded shared library C:\Program Files\Eclipse Adoptium\jdk-21.0.7.6-hotspot\bin\java.dll
Event: 0.096 Loaded shared library C:\Program Files\Eclipse Adoptium\jdk-21.0.7.6-hotspot\bin\jsvml.dll
Event: 0.149 Loaded shared library C:\Program Files\Eclipse Adoptium\jdk-21.0.7.6-hotspot\bin\net.dll
Event: 0.155 Loaded shared library C:\Program Files\Eclipse Adoptium\jdk-21.0.7.6-hotspot\bin\nio.dll
Event: 0.161 Loaded shared library C:\Program Files\Eclipse Adoptium\jdk-21.0.7.6-hotspot\bin\zip.dll
Event: 0.169 Loaded shared library C:\Program Files\Eclipse Adoptium\jdk-21.0.7.6-hotspot\bin\verify.dll
Event: 1.222 Loaded shared library C:\Program Files\Eclipse Adoptium\jdk-21.0.7.6-hotspot\bin\jimage.dll
Event: 2.618 Loaded shared library C:\Program Files\Eclipse Adoptium\jdk-21.0.7.6-hotspot\bin\management.dll
Event: 2.629 Loaded shared library C:\Program Files\Eclipse Adoptium\jdk-21.0.7.6-hotspot\bin\management_ext.dll
Event: 2.878 Loaded shared library C:\Users\Asia\.gradle\native\1def1411415f61bf3af743bc5b6707747c0891f09f0c88961ee8f79bc544acac\windows-amd64\native-platform.dll
Event: 3.035 Loaded shared library C:\Users\Asia\.gradle\native\jansi\1.18\windows64\jansi.dll
Event: 3.579 Loaded shared library C:\Program Files\Eclipse Adoptium\jdk-21.0.7.6-hotspot\bin\extnet.dll
Event: 4.355 Loaded shared library C:\Program Files\Eclipse Adoptium\jdk-21.0.7.6-hotspot\bin\sunmscapi.dll

Deoptimization events (20 events):
Event: 880.303 Thread 0x000001bb1b6ae980 DEOPT PACKING pc=0x000001bacc3caf10 sp=0x00000015dd9fedb0
Event: 880.303 Thread 0x000001bb1b6ae980 DEOPT UNPACKING pc=0x000001bacbd946a2 sp=0x00000015dd9feae8 mode 2
Event: 880.398 Thread 0x000001bb1b6ae980 Uncommon trap: trap_request=0xffffff45 fr.pc=0x000001bacc3d27f4 relative=0x0000000000000b94
Event: 880.398 Thread 0x000001bb1b6ae980 Uncommon trap: reason=unstable_if action=reinterpret pc=0x000001bacc3d27f4 method=org.gradle.internal.logging.sink.GroupingProgressLogEventGenerator$OperationGroup.shouldForward()Z @ 19 c2
Event: 880.398 Thread 0x000001bb1b6ae980 DEOPT PACKING pc=0x000001bacc3d27f4 sp=0x00000015dd9fed50
Event: 880.399 Thread 0x000001bb1b6ae980 DEOPT UNPACKING pc=0x000001bacbd946a2 sp=0x00000015dd9feb00 mode 2
Event: 908.538 Thread 0x000001bab9f1fb20 DEOPT PACKING pc=0x000001bac4c505cd sp=0x00000015dc6fd9d0
Event: 908.539 Thread 0x000001bab9f1fb20 DEOPT UNPACKING pc=0x000001bacbd94e42 sp=0x00000015dc6fce68 mode 0
Event: 973.612 Thread 0x000001bab9f1fb20 DEOPT PACKING pc=0x000001bac4c505cd sp=0x00000015dc6fd9d0
Event: 973.613 Thread 0x000001bab9f1fb20 DEOPT UNPACKING pc=0x000001bacbd94e42 sp=0x00000015dc6fce68 mode 0
Event: 1108.256 Thread 0x000001bab9f1fb20 DEOPT PACKING pc=0x000001bac4c505cd sp=0x00000015dc6fd9d0
Event: 1108.261 Thread 0x000001bab9f1fb20 DEOPT UNPACKING pc=0x000001bacbd94e42 sp=0x00000015dc6fce68 mode 0
Event: 1111.067 Thread 0x000001bab9f1fb20 DEOPT PACKING pc=0x000001bac4c505cd sp=0x00000015dc6fd9d0
Event: 1111.068 Thread 0x000001bab9f1fb20 DEOPT UNPACKING pc=0x000001bacbd94e42 sp=0x00000015dc6fce68 mode 0
Event: 1116.509 Thread 0x000001bab9f1fb20 DEOPT PACKING pc=0x000001bac4c505cd sp=0x00000015dc6fd9d0
Event: 1116.509 Thread 0x000001bab9f1fb20 DEOPT UNPACKING pc=0x000001bacbd94e42 sp=0x00000015dc6fce68 mode 0
Event: 1380.308 Thread 0x000001bab9f1fb20 Uncommon trap: trap_request=0xffffff45 fr.pc=0x000001bacc3ed1f0 relative=0x00000000000003d0
Event: 1380.308 Thread 0x000001bab9f1fb20 Uncommon trap: reason=unstable_if action=reinterpret pc=0x000001bacc3ed1f0 method=com.esotericsoftware.kryo.io.Input.require(I)I @ 180 c2
Event: 1380.308 Thread 0x000001bab9f1fb20 DEOPT PACKING pc=0x000001bacc3ed1f0 sp=0x00000015dc6fddb0
Event: 1380.311 Thread 0x000001bab9f1fb20 DEOPT UNPACKING pc=0x000001bacbd946a2 sp=0x00000015dc6fdbb0 mode 2

Classes loaded (20 events):
Event: 1380.665 Loading class sun/nio/fs/WindowsSecurityDescriptor
Event: 1380.698 Loading class sun/nio/fs/WindowsSecurityDescriptor done
Event: 1380.701 Loading class sun/nio/fs/WindowsChannelFactory
Event: 1380.708 Loading class sun/nio/fs/WindowsChannelFactory done
Event: 1380.710 Loading class sun/nio/fs/WindowsChannelFactory$1
Event: 1380.714 Loading class sun/nio/fs/WindowsChannelFactory$1 done
Event: 1380.715 Loading class sun/nio/fs/WindowsChannelFactory$Flags
Event: 1380.720 Loading class sun/nio/fs/WindowsChannelFactory$Flags done
Event: 1380.723 Loading class sun/nio/fs/WindowsChannelFactory$2
Event: 1380.723 Loading class sun/nio/fs/WindowsChannelFactory$2 done
Event: 1380.756 Loading class sun/nio/ch/FileChannelImpl$Closer
Event: 1380.764 Loading class sun/nio/ch/FileChannelImpl$Closer done
Event: 1380.961 Loading class java/util/stream/Streams$1
Event: 1380.964 Loading class java/util/stream/Streams$1 done
Event: 1381.240 Loading class java/nio/file/FileChannelLinesSpliterator$1
Event: 1381.253 Loading class java/nio/file/FileChannelLinesSpliterator$1 done
Event: 1381.256 Loading class java/nio/channels/Channels
Event: 1381.263 Loading class java/nio/channels/Channels done
Event: 1381.269 Loading class java/io/FileReader
Event: 1381.272 Loading class java/io/FileReader done

Classes unloaded (0 events):
No events

Classes redefined (0 events):
No events

Internal exceptions (20 events):
Event: 3.859 Thread 0x000001bab9f1fb20 Exception <a 'java/lang/NoSuchMethodError'{0x00000000fe5bcfa0}: 'java.lang.Object java.lang.invoke.DirectMethodHandle$Holder.invokeStatic(java.lang.Object, java.lang.Object, java.lang.Object, java.lang.Object, java.lang.Object, java.lang.Object, java.lang.Object, java.lang.Object, java.lang.Object, java.lang.Object, java.lang.Object, java.lang.Object, java.lang.Object, java.lang.Object, java.lang.Object, java.lang.Object, java.lang.Object)'> (0x00000000fe5bcfa0) 
thrown [s\src\hotspot\share\interpreter\lin
Event: 3.876 Thread 0x000001bab9f1fb20 Exception <a 'java/lang/NoSuchMethodError'{0x00000000fe5e45b0}: 'java.lang.Object java.lang.invoke.DirectMethodHandle$Holder.invokeStatic(java.lang.Object, java.lang.Object, java.lang.Object, java.lang.Object, java.lang.Object, java.lang.Object, java.lang.Object, java.lang.Object, java.lang.Object, java.lang.Object, java.lang.Object, java.lang.Object, java.lang.Object, java.lang.Object, java.lang.Object, java.lang.Object, java.lang.Object, java.lang.Object)'> (0x00000000fe5e45b0) 
thrown [s\src\hotspot\sha
Event: 3.884 Thread 0x000001bab9f1fb20 Exception <a 'java/lang/NoSuchMethodError'{0x00000000fe40d660}: 'java.lang.Object java.lang.invoke.DirectMethodHandle$Holder.invokeStatic(java.lang.Object, java.lang.Object, java.lang.Object, java.lang.Object, java.lang.Object, java.lang.Object, java.lang.Object, java.lang.Object, java.lang.Object, java.lang.Object, java.lang.Object, java.lang.Object, java.lang.Object, java.lang.Object, java.lang.Object, java.lang.Object, java.lang.Object, java.lang.Object, java.lang.Object)'> (0x00000000fe40d660) 
thrown 
Event: 3.892 Thread 0x000001bab9f1fb20 Exception <a 'java/lang/NoSuchMethodError'{0x00000000fe4373d8}: 'java.lang.Object java.lang.invoke.DirectMethodHandle$Holder.invokeStatic(java.lang.Object, java.lang.Object, java.lang.Object, java.lang.Object, java.lang.Object, java.lang.Object, java.lang.Object, java.lang.Object, java.lang.Object, java.lang.Object, java.lang.Object, java.lang.Object, java.lang.Object, java.lang.Object, java.lang.Object, java.lang.Object, java.lang.Object, java.lang.Object, java.lang.Object, java.lang.Object)'> (0x00000000
Event: 3.899 Thread 0x000001bab9f1fb20 Exception <a 'java/lang/NoSuchMethodError'{0x00000000fe462228}: 'java.lang.Object java.lang.invoke.DirectMethodHandle$Holder.invokeStatic(java.lang.Object, java.lang.Object, java.lang.Object, java.lang.Object, java.lang.Object, java.lang.Object, java.lang.Object, java.lang.Object, java.lang.Object, java.lang.Object, java.lang.Object, java.lang.Object, java.lang.Object, java.lang.Object, java.lang.Object, java.lang.Object, java.lang.Object, java.lang.Object, java.lang.Object, java.lang.Object, java.lang.Obj
Event: 3.906 Thread 0x000001bab9f1fb20 Exception <a 'java/lang/NoSuchMethodError'{0x00000000fe48dbd8}: 'java.lang.Object java.lang.invoke.DirectMethodHandle$Holder.invokeStatic(java.lang.Object, java.lang.Object, java.lang.Object, java.lang.Object, java.lang.Object, java.lang.Object, java.lang.Object, java.lang.Object, java.lang.Object, java.lang.Object, java.lang.Object, java.lang.Object, java.lang.Object, java.lang.Object, java.lang.Object, java.lang.Object, java.lang.Object, java.lang.Object, java.lang.Object, java.lang.Object, java.lang.Obj
Event: 3.912 Thread 0x000001bab9f1fb20 Exception <a 'java/lang/NoSuchMethodError'{0x00000000fe4ba2a8}: 'java.lang.Object java.lang.invoke.DirectMethodHandle$Holder.invokeStatic(java.lang.Object, java.lang.Object, java.lang.Object, java.lang.Object, java.lang.Object, java.lang.Object, java.lang.Object, java.lang.Object, java.lang.Object, java.lang.Object, java.lang.Object, java.lang.Object, java.lang.Object, java.lang.Object, java.lang.Object, java.lang.Object, java.lang.Object, java.lang.Object, java.lang.Object, java.lang.Object, java.lang.Obj
Event: 3.921 Thread 0x000001bab9f1fb20 Exception <a 'java/lang/NoSuchMethodError'{0x00000000fe4e70d8}: 'java.lang.Object java.lang.invoke.DirectMethodHandle$Holder.invokeStatic(java.lang.Object, java.lang.Object, java.lang.Object, java.lang.Object, java.lang.Object, java.lang.Object, java.lang.Object, java.lang.Object, java.lang.Object, java.lang.Object, java.lang.Object, java.lang.Object, java.lang.Object, java.lang.Object, java.lang.Object, java.lang.Object, java.lang.Object, java.lang.Object, java.lang.Object, java.lang.Object, java.lang.Obj
Event: 3.931 Thread 0x000001bab9f1fb20 Exception <a 'java/lang/NoSuchMethodError'{0x00000000fe315e60}: 'java.lang.Object java.lang.invoke.DirectMethodHandle$Holder.invokeStatic(java.lang.Object, java.lang.Object, java.lang.Object, java.lang.Object, java.lang.Object, java.lang.Object, java.lang.Object, java.lang.Object, java.lang.Object, java.lang.Object, java.lang.Object, java.lang.Object, java.lang.Object, java.lang.Object, java.lang.Object, java.lang.Object, java.lang.Object, java.lang.Object, java.lang.Object, java.lang.Object, java.lang.Obj
Event: 3.940 Thread 0x000001bab9f1fb20 Exception <a 'java/lang/NoSuchMethodError'{0x00000000fe33a6d8}: 'java.lang.Object java.lang.invoke.DirectMethodHandle$Holder.invokeSpecial(java.lang.Object, java.lang.Object, java.lang.Object, java.lang.Object, java.lang.Object, java.lang.Object, java.lang.Object, java.lang.Object, java.lang.Object, java.lang.Object, java.lang.Object, java.lang.Object, java.lang.Object, java.lang.Object, java.lang.Object, java.lang.Object, java.lang.Object, java.lang.Object, java.lang.Object, java.lang.Object, java.lang.Ob
Event: 3.944 Thread 0x000001bab9f1fb20 Exception <a 'java/lang/NoSuchMethodError'{0x00000000fe3503b8}: 'java.lang.Object java.lang.invoke.DirectMethodHandle$Holder.newInvokeSpecial(java.lang.Object, java.lang.Object, java.lang.Object, java.lang.Object, java.lang.Object, java.lang.Object, java.lang.Object, java.lang.Object, java.lang.Object, java.lang.Object, java.lang.Object, java.lang.Object, java.lang.Object, java.lang.Object, java.lang.Object, java.lang.Object, java.lang.Object, java.lang.Object, java.lang.Object, java.lang.Object, java.lang
Event: 3.947 Thread 0x000001bab9f1fb20 Exception <a 'java/lang/NoSuchMethodError'{0x00000000fe3565b0}: 'java.lang.Object java.lang.invoke.Invokers$Holder.linkToTargetMethod(java.lang.Object, java.lang.Object, java.lang.Object, java.lang.Object, java.lang.Object, java.lang.Object, java.lang.Object, java.lang.Object, java.lang.Object, java.lang.Object, java.lang.Object, java.lang.Object, java.lang.Object, java.lang.Object, java.lang.Object, java.lang.Object, java.lang.Object, java.lang.Object, java.lang.Object, java.lang.Object, java.lang.Object,
Event: 3.948 Thread 0x000001bab9f1fb20 Exception <a 'java/lang/NoSuchMethodError'{0x00000000fe35b670}: 'java.lang.Object java.lang.invoke.DirectMethodHandle$Holder.invokeVirtual(java.lang.Object, java.lang.Object, java.lang.Object, java.lang.Object, java.lang.Object, java.lang.Object, java.lang.Object, java.lang.Object, java.lang.Object, java.lang.Object)'> (0x00000000fe35b670) 
thrown [s\src\hotspot\share\interpreter\linkResolver.cpp, line 773]
Event: 4.014 Thread 0x000001bab9f1fb20 Exception <a 'java/lang/NoSuchMethodError'{0x00000000fe250b08}: 'java.lang.Object java.lang.invoke.DirectMethodHandle$Holder.invokeVirtual(java.lang.Object, java.lang.Object, java.lang.Object, java.lang.Object, java.lang.Object, java.lang.Object, java.lang.Object, java.lang.Object, java.lang.Object)'> (0x00000000fe250b08) 
thrown [s\src\hotspot\share\interpreter\linkResolver.cpp, line 773]
Event: 4.094 Thread 0x000001bab9f1fb20 Exception <a 'java/lang/NoSuchMethodError'{0x00000000fe169070}: 'java.lang.Object java.lang.invoke.DirectMethodHandle$Holder.invokeVirtual(java.lang.Object, java.lang.Object, java.lang.Object, java.lang.Object, java.lang.Object, java.lang.Object, java.lang.Object, java.lang.Object)'> (0x00000000fe169070) 
thrown [s\src\hotspot\share\interpreter\linkResolver.cpp, line 773]
Event: 4.141 Thread 0x000001bab9f1fb20 Exception <a 'java/lang/NoSuchMethodError'{0x00000000fe1f3790}: 'java.lang.Object java.lang.invoke.DirectMethodHandle$Holder.invokeStaticInit(java.lang.Object, int, int, int, int)'> (0x00000000fe1f3790) 
thrown [s\src\hotspot\share\interpreter\linkResolver.cpp, line 773]
Event: 4.201 Thread 0x000001bab9f1fb20 Exception <a 'java/lang/NoSuchMethodError'{0x00000000fe01d398}: 'java.lang.Object java.lang.invoke.DirectMethodHandle$Holder.invokeStaticInit(java.lang.Object, java.lang.Object, int, int, int, int)'> (0x00000000fe01d398) 
thrown [s\src\hotspot\share\interpreter\linkResolver.cpp, line 773]
Event: 4.254 Thread 0x000001bab9f1fb20 Implicit null exception at 0x000001bacc31cb20 to 0x000001bacc31d16c
Event: 4.260 Thread 0x000001bab9f1fb20 Exception <a 'java/lang/NoSuchMethodError'{0x00000000fe0ffd98}: 'void java.lang.invoke.DirectMethodHandle$Holder.invokeInterface(java.lang.Object, java.lang.Object, java.lang.Object)'> (0x00000000fe0ffd98) 
thrown [s\src\hotspot\share\interpreter\linkResolver.cpp, line 773]
Event: 1380.243 Thread 0x000001bab9f1fb20 Exception <a 'sun/net/ConnectionResetException'{0x00000000fec9b2a0}: Connection reset> (0x00000000fec9b2a0) 
thrown [s\src\hotspot\share\prims\jni.cpp, line 539]

ZGC Phase Switch (0 events):
No events

VM Operations (20 events):
Event: 1110.039 Executing VM operation: Cleanup
Event: 1110.039 Executing VM operation: Cleanup done
Event: 1119.123 Executing VM operation: Cleanup
Event: 1119.123 Executing VM operation: Cleanup done
Event: 1202.721 Executing VM operation: HandshakeAllThreads (HandshakeForDeflation)
Event: 1202.722 Executing VM operation: HandshakeAllThreads (HandshakeForDeflation) done
Event: 1202.722 Executing VM operation: RendezvousGCThreads
Event: 1202.722 Executing VM operation: RendezvousGCThreads done
Event: 1262.901 Executing VM operation: HandshakeAllThreads (HandshakeForDeflation)
Event: 1262.901 Executing VM operation: HandshakeAllThreads (HandshakeForDeflation) done
Event: 1262.902 Executing VM operation: RendezvousGCThreads
Event: 1262.902 Executing VM operation: RendezvousGCThreads done
Event: 1278.043 Executing VM operation: Cleanup
Event: 1278.044 Executing VM operation: Cleanup done
Event: 1279.047 Executing VM operation: Cleanup
Event: 1279.047 Executing VM operation: Cleanup done
Event: 1305.425 Executing VM operation: Cleanup
Event: 1305.425 Executing VM operation: Cleanup done
Event: 1381.146 Executing VM operation: Cleanup
Event: 1381.161 Executing VM operation: Cleanup done

Memory protections (0 events):
No events

Nmethod flushes (0 events):
No events

Events (12 events):
Event: 0.056 Thread 0x000001bab9f1fb20 Thread added: 0x000001bab9f1fb20
Event: 0.090 Thread 0x000001bab9f1fb20 Thread added: 0x000001bad5900f00
Event: 0.090 Thread 0x000001bab9f1fb20 Thread added: 0x000001bad5902bc0
Event: 0.091 Thread 0x000001bab9f1fb20 Thread added: 0x000001bad59069c0
Event: 0.091 Thread 0x000001bab9f1fb20 Thread added: 0x000001bad5909590
Event: 0.091 Thread 0x000001bab9f1fb20 Thread added: 0x000001bad5907800
Event: 0.091 Thread 0x000001bab9f1fb20 Thread added: 0x000001bad59086e0
Event: 0.091 Thread 0x000001bab9f1fb20 Thread added: 0x000001bad590bd30
Event: 0.092 Thread 0x000001bab9f1fb20 Thread added: 0x000001bad5918d30
Event: 0.140 Thread 0x000001bab9f1fb20 Thread added: 0x000001bad5a55a40
Event: 0.143 Thread 0x000001bab9f1fb20 Thread added: 0x000001bad5a56260
Event: 3.098 Thread 0x000001bab9f1fb20 Thread added: 0x000001bb1b6ae980


Dynamic libraries:
0x00007ff765860000 - 0x00007ff76586e000 	C:\Program Files\Eclipse Adoptium\jdk-21.0.7.6-hotspot\bin\java.exe
0x00007ffcb58c0000 - 0x00007ffcb5ac9000 	C:\Windows\SYSTEM32\ntdll.dll
0x00007ffcb3910000 - 0x00007ffcb39cd000 	C:\Windows\System32\KERNEL32.DLL
0x00007ffcb31b0000 - 0x00007ffcb3534000 	C:\Windows\System32\KERNELBASE.dll
0x00007ffcb2eb0000 - 0x00007ffcb2fc1000 	C:\Windows\System32\ucrtbase.dll
0x00007ffc9fcf0000 - 0x00007ffc9fd08000 	C:\Program Files\Eclipse Adoptium\jdk-21.0.7.6-hotspot\bin\jli.dll
0x00007ffc9f7a0000 - 0x00007ffc9f7be000 	C:\Program Files\Eclipse Adoptium\jdk-21.0.7.6-hotspot\bin\VCRUNTIME140.dll
0x00007ffcb5480000 - 0x00007ffcb562d000 	C:\Windows\System32\USER32.dll
0x00007ffcb36e0000 - 0x00007ffcb3706000 	C:\Windows\System32\win32u.dll
0x00007ffcb3710000 - 0x00007ffcb373a000 	C:\Windows\System32\GDI32.dll
0x00007ffcb35c0000 - 0x00007ffcb36de000 	C:\Windows\System32\gdi32full.dll
0x00007ffca0af0000 - 0x00007ffca0d95000 	C:\Windows\WinSxS\amd64_microsoft.windows.common-controls_6595b64144ccf1df_6.0.22000.120_none_9d947278b86cc467\COMCTL32.dll
0x00007ffcb2d50000 - 0x00007ffcb2ded000 	C:\Windows\System32\msvcp_win.dll
0x00007ffcb40d0000 - 0x00007ffcb4173000 	C:\Windows\System32\msvcrt.dll
0x00007ffcb4050000 - 0x00007ffcb4081000 	C:\Windows\System32\IMM32.DLL
0x00007ffca5650000 - 0x00007ffca565c000 	C:\Program Files\Eclipse Adoptium\jdk-21.0.7.6-hotspot\bin\vcruntime140_1.dll
0x00007ffc8cc90000 - 0x00007ffc8cd1d000 	C:\Program Files\Eclipse Adoptium\jdk-21.0.7.6-hotspot\bin\msvcp140.dll
0x00007ffc53520000 - 0x00007ffc542b0000 	C:\Program Files\Eclipse Adoptium\jdk-21.0.7.6-hotspot\bin\server\jvm.dll
0x00007ffcb37b0000 - 0x00007ffcb385e000 	C:\Windows\System32\ADVAPI32.dll
0x00007ffcb3ec0000 - 0x00007ffcb3f5e000 	C:\Windows\System32\sechost.dll
0x00007ffcb5750000 - 0x00007ffcb5871000 	C:\Windows\System32\RPCRT4.dll
0x00007ffcb49e0000 - 0x00007ffcb4a4f000 	C:\Windows\System32\WS2_32.dll
0x00007ffcb2a80000 - 0x00007ffcb2acd000 	C:\Windows\SYSTEM32\POWRPROF.dll
0x00007ffcaaf40000 - 0x00007ffcaaf73000 	C:\Windows\SYSTEM32\WINMM.dll
0x00007ffcaa420000 - 0x00007ffcaa42a000 	C:\Windows\SYSTEM32\VERSION.dll
0x00007ffcb29a0000 - 0x00007ffcb29b3000 	C:\Windows\SYSTEM32\UMPDC.dll
0x00007ffcb1dc0000 - 0x00007ffcb1dd8000 	C:\Windows\SYSTEM32\kernel.appcore.dll
0x00007ffca51f0000 - 0x00007ffca51fa000 	C:\Program Files\Eclipse Adoptium\jdk-21.0.7.6-hotspot\bin\jimage.dll
0x00007ffc99710000 - 0x00007ffc99931000 	C:\Windows\SYSTEM32\DBGHELP.DLL
0x00007ffc96f40000 - 0x00007ffc96f71000 	C:\Windows\SYSTEM32\dbgcore.DLL
0x00007ffcb3540000 - 0x00007ffcb35bf000 	C:\Windows\System32\bcryptPrimitives.dll
0x00007ffc9edd0000 - 0x00007ffc9edef000 	C:\Program Files\Eclipse Adoptium\jdk-21.0.7.6-hotspot\bin\java.dll
0x00007ffcb4210000 - 0x00007ffcb49d5000 	C:\Windows\System32\SHELL32.dll
0x00007ffcb0e20000 - 0x00007ffcb1682000 	C:\Windows\SYSTEM32\windows.storage.dll
0x00007ffcb5100000 - 0x00007ffcb5476000 	C:\Windows\System32\combase.dll
0x00007ffcb0cb0000 - 0x00007ffcb0e17000 	C:\Windows\SYSTEM32\wintypes.dll
0x00007ffcb4bd0000 - 0x00007ffcb4cba000 	C:\Windows\System32\SHCORE.dll
0x00007ffcb4a60000 - 0x00007ffcb4abd000 	C:\Windows\System32\shlwapi.dll
0x00007ffcb2c80000 - 0x00007ffcb2ca5000 	C:\Windows\SYSTEM32\profapi.dll
0x00007ffc7fc40000 - 0x00007ffc7fd17000 	C:\Program Files\Eclipse Adoptium\jdk-21.0.7.6-hotspot\bin\jsvml.dll
0x00007ffca38d0000 - 0x00007ffca38e0000 	C:\Program Files\Eclipse Adoptium\jdk-21.0.7.6-hotspot\bin\net.dll
0x00007ffcaacf0000 - 0x00007ffcaae04000 	C:\Windows\SYSTEM32\WINHTTP.dll
0x00007ffcb2270000 - 0x00007ffcb22d7000 	C:\Windows\system32\mswsock.dll
0x00007ffc9d150000 - 0x00007ffc9d166000 	C:\Program Files\Eclipse Adoptium\jdk-21.0.7.6-hotspot\bin\nio.dll
0x00007ffc9d070000 - 0x00007ffc9d088000 	C:\Program Files\Eclipse Adoptium\jdk-21.0.7.6-hotspot\bin\zip.dll
0x00007ffca37a0000 - 0x00007ffca37b0000 	C:\Program Files\Eclipse Adoptium\jdk-21.0.7.6-hotspot\bin\verify.dll
0x00007ffca3220000 - 0x00007ffca322a000 	C:\Program Files\Eclipse Adoptium\jdk-21.0.7.6-hotspot\bin\management.dll
0x00007ffca1d40000 - 0x00007ffca1d4b000 	C:\Program Files\Eclipse Adoptium\jdk-21.0.7.6-hotspot\bin\management_ext.dll
0x00007ffcb4a50000 - 0x00007ffcb4a58000 	C:\Windows\System32\PSAPI.DLL
0x00007ffc9bac0000 - 0x00007ffc9bae7000 	C:\Users\Asia\.gradle\native\1def1411415f61bf3af743bc5b6707747c0891f09f0c88961ee8f79bc544acac\windows-amd64\native-platform.dll
0x00007ffcaff80000 - 0x00007ffcaff8a000 	C:\Users\Asia\.gradle\native\jansi\1.18\windows64\jansi.dll
0x00007ffcb18e0000 - 0x00007ffcb190d000 	C:\Windows\SYSTEM32\IPHLPAPI.DLL
0x00007ffcb4bc0000 - 0x00007ffcb4bc9000 	C:\Windows\System32\NSI.dll
0x00007ffca0840000 - 0x00007ffca0849000 	C:\Program Files\Eclipse Adoptium\jdk-21.0.7.6-hotspot\bin\extnet.dll
0x00007ffcb24b0000 - 0x00007ffcb24c8000 	C:\Windows\SYSTEM32\CRYPTSP.dll
0x00007ffcb1d20000 - 0x00007ffcb1d55000 	C:\Windows\system32\rsaenh.dll
0x00007ffcb2360000 - 0x00007ffcb238c000 	C:\Windows\SYSTEM32\USERENV.dll
0x00007ffcb26a0000 - 0x00007ffcb26c7000 	C:\Windows\SYSTEM32\bcrypt.dll
0x00007ffcb24d0000 - 0x00007ffcb24dc000 	C:\Windows\SYSTEM32\CRYPTBASE.dll
0x00007ffcaac60000 - 0x00007ffcaac6e000 	C:\Program Files\Eclipse Adoptium\jdk-21.0.7.6-hotspot\bin\sunmscapi.dll
0x00007ffcb3040000 - 0x00007ffcb31a2000 	C:\Windows\System32\CRYPT32.dll
0x00007ffcb2670000 - 0x00007ffcb2698000 	C:\Windows\SYSTEM32\ncrypt.dll
0x00007ffcb2630000 - 0x00007ffcb2667000 	C:\Windows\SYSTEM32\NTASN1.dll
0x00007ffc9d180000 - 0x00007ffc9d188000 	C:\Windows\system32\wshunix.dll

dbghelp: loaded successfully - version: 4.0.5 - missing functions: none
symbol engine: initialized successfully - sym options: 0x614 - pdb path: .;C:\Program Files\Eclipse Adoptium\jdk-21.0.7.6-hotspot\bin;C:\Windows\SYSTEM32;C:\Windows\WinSxS\amd64_microsoft.windows.common-controls_6595b64144ccf1df_6.0.22000.120_none_9d947278b86cc467;C:\Program Files\Eclipse Adoptium\jdk-21.0.7.6-hotspot\bin\server;C:\Users\Asia\.gradle\native\1def1411415f61bf3af743bc5b6707747c0891f09f0c88961ee8f79bc544acac\windows-amd64;C:\Users\Asia\.gradle\native\jansi\1.18\windows64

VM Arguments:
jvm_args: -Xmx64m -Xms64m -Dorg.gradle.appname=gradlew 
java_command: org.gradle.wrapper.GradleWrapperMain clean assembleRelease
java_class_path (initial): D:\BodaGo-Apps\DriverApp\android\\gradle\wrapper\gradle-wrapper.jar
Launcher Type: SUN_STANDARD

[Global flags]
     intx CICompilerCount                          = 2                                         {product} {ergonomic}
     uint ConcGCThreads                            = 1                                         {product} {ergonomic}
     uint G1ConcRefinementThreads                  = 2                                         {product} {ergonomic}
   size_t G1HeapRegionSize                         = 1048576                                   {product} {ergonomic}
    uintx GCDrainStackTargetSize                   = 64                                        {product} {ergonomic}
   size_t InitialHeapSize                          = 67108864                                  {product} {command line}
   size_t MarkStackSize                            = 4194304                                   {product} {ergonomic}
   size_t MaxHeapSize                              = 67108864                                  {product} {command line}
   size_t MaxNewSize                               = 39845888                                  {product} {ergonomic}
   size_t MinHeapDeltaBytes                        = 1048576                                   {product} {ergonomic}
   size_t MinHeapSize                              = 67108864                                  {product} {command line}
    uintx NonNMethodCodeHeapSize                   = 5826188                                {pd product} {ergonomic}
    uintx NonProfiledCodeHeapSize                  = 122916026                              {pd product} {ergonomic}
    uintx ProfiledCodeHeapSize                     = 122916026                              {pd product} {ergonomic}
    uintx ReservedCodeCacheSize                    = 251658240                              {pd product} {ergonomic}
     bool SegmentedCodeCache                       = true                                      {product} {ergonomic}
   size_t SoftMaxHeapSize                          = 67108864                               {manageable} {ergonomic}
     bool UseCompressedOops                        = true                           {product lp64_product} {ergonomic}
     bool UseG1GC                                  = true                                      {product} {ergonomic}
     bool UseLargePagesIndividualAllocation        = false                                  {pd product} {ergonomic}

Logging:
Log output configuration:
 #0: stdout all=warning uptime,level,tags foldmultilines=false
 #1: stderr all=off uptime,level,tags foldmultilines=false

Environment Variables:
JAVA_HOME=C:\Program Files\Eclipse Adoptium\jdk-21.0.7.6-hotspot
CLASSPATH=D:\BodaGo-Apps\DriverApp\android\\gradle\wrapper\gradle-wrapper.jar
PATH=C:\Program Files\Eclipse Adoptium\jdk-21.0.7.6-hotspot\bin;C:\Windows\system32;C:\Windows;C:\Windows\System32\Wbem;C:\Windows\System32\WindowsPowerShell\v1.0\;C:\Windows\System32\OpenSSH\;C:\Users\Asia\AppData\Local\nvm;C:\nvm4w\nodejs;C:\Program Files\Eclipse Adoptium\jdk-21.0.7.6-hotspot\bin;C:\Program Files\Git\cmd;C:\Program Files\GitHub CLI\;C:\Program Files\nodejs\;C:\Users\Asia\AppData\Local\Microsoft\WindowsApps;C:\Users\Asia\AppData\Local\Programs\Microsoft VS Code\bin;C:\Users\Asia\AppData\Local\nvm;C:\nvm4w\nodejs;C:\Users\Asia\AppData\Roaming\npm
USERNAME=Asia
OS=Windows_NT
PROCESSOR_IDENTIFIER=AMD64 Family 21 Model 112 Stepping 0, AuthenticAMD
TMP=C:\Users\Asia\AppData\Local\Temp
TEMP=C:\Users\Asia\AppData\Local\Temp




Periodic native trim disabled

---------------  S Y S T E M  ---------------

OS:
 Windows 11 , 64 bit Build 22000 (10.0.22000.2538)
OS uptime: 0 days 10:07 hours

CPU: total 2 (initial active 2) (2 cores per cpu, 1 threads per core) family 21 model 112 stepping 0 microcode 0x0, cx8, cmov, fxsr, mmx, 3dnowpref, sse, sse2, sse3, ssse3, sse4a, sse4.1, sse4.2, popcnt, lzcnt, tsc, tscinvbit, avx, avx2, aes, clmul, bmi1, bmi2, fma, vzeroupper, clflush, rdtscp, f16c
Processor Information for the first 2 processors :
  Max Mhz: 3100, Current Mhz: 2800, Mhz Limit: 2790

Memory: 4k page, system-wide physical 3983M (272M free)
TotalPageFile size 11430M (AvailPageFile size 0M)
current process WorkingSet (physical memory assigned to process): 29M, peak: 102M
current process commit charge ("private bytes"): 155M, peak: 179M

vm_info: OpenJDK 64-Bit Server VM (21.0.7+6-LTS) for windows-amd64 JRE (21.0.7+6-LTS), built on 2025-04-15T00:00:00Z by "admin" with MS VC++ 17.7 (VS2022)

END.
