#
# There is insufficient memory for the Java Runtime Environment to continue.
# Native memory allocation (malloc) failed to allocate 415856 bytes. Error detail: Chunk::new
# Possible reasons:
#   The system is out of physical RAM or swap space
#   This process is running with CompressedOops enabled, and the Java Heap may be blocking the growth of the native heap
# Possible solutions:
#   Reduce memory load on the system
#   Increase physical memory or swap space
#   Check if swap backing store is full
#   Decrease Java heap size (-Xmx/-Xms)
#   Decrease number of Java threads
#   Decrease Java thread stack sizes (-Xss)
#   Set larger code cache with -XX:ReservedCodeCacheSize=
#   JVM is running with Unscaled Compressed Oops mode in which the Java heap is
#     placed in the first 4GB address space. The Java Heap base address is the
#     maximum limit for the native heap growth. Please use -XX:HeapBaseMinAddress
#     to set the Java Heap base and to place the Java Heap above 4GB virtual address.
# This output file may be truncated or incomplete.
#
#  Out of Memory Error (arena.cpp:168), pid=7436, tid=328
#
# JRE version: OpenJDK Runtime Environment Temurin-21.0.7+6 (21.0.7+6) (build 21.0.7+6-LTS)
# Java VM: OpenJDK 64-Bit Server VM Temurin-21.0.7+6 (21.0.7+6-LTS, mixed mode, sharing, tiered, compressed oops, compressed class ptrs, g1 gc, windows-amd64)
# No core dump will be written. Minidumps are not enabled by default on client versions of Windows
#

---------------  S U M M A R Y ------------

Command Line: -Xmx64m -Xms64m -Dorg.gradle.appname=gradlew org.gradle.wrapper.GradleWrapperMain clean assembleRelease

Host: AMD A9-9425 RADEON R5, 5 COMPUTE CORES 2C+3G   , 2 cores, 3G,  Windows 11 , 64 bit Build 22000 (10.0.22000.2538)
Time: Wed Mar 25 13:56:12 2026 E. Africa Standard Time elapsed time: 1469.888543 seconds (0d 0h 24m 29s)

---------------  T H R E A D  ---------------

Current thread (0x000001f6b22764c0):  JavaThread "C2 CompilerThread0" daemon [_thread_in_native, id=328, stack(0x000000b72e600000,0x000000b72e700000) (1024K)]


Current CompileTask:
C2:1469888 2431       4       org.gradle.internal.logging.text.AbstractLineChoppingStyledTextOutput::doAppend (43 bytes)

Stack: [0x000000b72e600000,0x000000b72e700000]
Native frames: (J=compiled Java code, j=interpreted, Vv=VM code, C=native code)
V  [jvm.dll+0x6ce119]
V  [jvm.dll+0x8a84a1]
V  [jvm.dll+0x8aa9ce]
V  [jvm.dll+0x8ab0b3]
V  [jvm.dll+0x27f8a6]
V  [jvm.dll+0xc507d]
V  [jvm.dll+0xc55b3]
V  [jvm.dll+0x3b68f2]
V  [jvm.dll+0x382aa5]
V  [jvm.dll+0x381f0a]
V  [jvm.dll+0x247af0]
V  [jvm.dll+0x2470cf]
V  [jvm.dll+0x1c760e]
V  [jvm.dll+0x25695a]
V  [jvm.dll+0x254efa]
V  [jvm.dll+0x3f03f6]
V  [jvm.dll+0x851f6b]
V  [jvm.dll+0x6cc7dd]
C  [ucrtbase.dll+0x26c0c]
C  [KERNEL32.DLL+0x153e0]
C  [ntdll.dll+0x485b]


---------------  P R O C E S S  ---------------

Threads class SMR info:
_java_thread_list=0x000001f6f81afff0, length=12, elements={
0x000001f6966bd1b0, 0x000001f6b226d380, 0x000001f6b2270df0, 0x000001f6b2271840,
0x000001f6b2272290, 0x000001f6b2272ce0, 0x000001f6b2273730, 0x000001f6b22764c0,
0x000001f6b22e1240, 0x000001f6b23458d0, 0x000001f6b2346340, 0x000001f6f80874c0
}

Java Threads: ( => current thread )
  0x000001f6966bd1b0 JavaThread "main"                              [_thread_in_vm, id=9340, stack(0x000000b72d800000,0x000000b72d900000) (1024K)]
  0x000001f6b226d380 JavaThread "Reference Handler"          daemon [_thread_blocked, id=8016, stack(0x000000b72e000000,0x000000b72e100000) (1024K)]
  0x000001f6b2270df0 JavaThread "Finalizer"                  daemon [_thread_blocked, id=3660, stack(0x000000b72e100000,0x000000b72e200000) (1024K)]
  0x000001f6b2271840 JavaThread "Signal Dispatcher"          daemon [_thread_blocked, id=6388, stack(0x000000b72e200000,0x000000b72e300000) (1024K)]
  0x000001f6b2272290 JavaThread "Attach Listener"            daemon [_thread_blocked, id=9320, stack(0x000000b72e300000,0x000000b72e400000) (1024K)]
  0x000001f6b2272ce0 JavaThread "Service Thread"             daemon [_thread_blocked, id=2160, stack(0x000000b72e400000,0x000000b72e500000) (1024K)]
  0x000001f6b2273730 JavaThread "Monitor Deflation Thread"   daemon [_thread_blocked, id=2348, stack(0x000000b72e500000,0x000000b72e600000) (1024K)]
=>0x000001f6b22764c0 JavaThread "C2 CompilerThread0"         daemon [_thread_in_native, id=328, stack(0x000000b72e600000,0x000000b72e700000) (1024K)]
  0x000001f6b22e1240 JavaThread "C1 CompilerThread0"         daemon [_thread_blocked, id=7580, stack(0x000000b72e700000,0x000000b72e800000) (1024K)]
  0x000001f6b23458d0 JavaThread "Notification Thread"        daemon [_thread_blocked, id=3136, stack(0x000000b72e800000,0x000000b72e900000) (1024K)]
  0x000001f6b2346340 JavaThread "Common-Cleaner"             daemon [_thread_blocked, id=6116, stack(0x000000b72e900000,0x000000b72ea00000) (1024K)]
  0x000001f6f80874c0 JavaThread "pool-1-thread-1"                   [_thread_in_native, id=8880, stack(0x000000b72eb00000,0x000000b72ec00000) (1024K)]
Total: 12

Other Threads:
  0x000001f698b44730 VMThread "VM Thread"                           [id=8064, stack(0x000000b72df00000,0x000000b72e000000) (1024K)]
  0x000001f698b35c00 WatcherThread "VM Periodic Task Thread"        [id=9356, stack(0x000000b72de00000,0x000000b72df00000) (1024K)]
  0x000001f698a91b40 WorkerThread "GC Thread#0"                     [id=4740, stack(0x000000b72d900000,0x000000b72da00000) (1024K)]
  0x000001f6b25f2cd0 WorkerThread "GC Thread#1"                     [id=3516, stack(0x000000b72ea00000,0x000000b72eb00000) (1024K)]
  0x000001f698a93320 ConcurrentGCThread "G1 Main Marker"            [id=8636, stack(0x000000b72da00000,0x000000b72db00000) (1024K)]
  0x000001f698a94a30 WorkerThread "G1 Conc#0"                       [id=3076, stack(0x000000b72db00000,0x000000b72dc00000) (1024K)]
  0x000001f698ae3ec0 ConcurrentGCThread "G1 Refine#0"               [id=9224, stack(0x000000b72dc00000,0x000000b72dd00000) (1024K)]
  0x000001f698ae4be0 ConcurrentGCThread "G1 Service"                [id=4332, stack(0x000000b72dd00000,0x000000b72de00000) (1024K)]
Total: 8

Threads with active compile tasks:
C2 CompilerThread0  1469960 2431       4       org.gradle.internal.logging.text.AbstractLineChoppingStyledTextOutput::doAppend (43 bytes)
Total: 1

VM state: not at safepoint (normal execution)

VM Mutex/Monitor currently owned by a thread: None

Heap address: 0x00000000fc000000, size: 64 MB, Compressed Oops mode: 32-bit

CDS archive(s) mapped at: [0x000001f6b3000000-0x000001f6b3c80000-0x000001f6b3c80000), size 13107200, SharedBaseAddress: 0x000001f6b3000000, ArchiveRelocationMode: 1.
Compressed class space mapped at: 0x000001f6b4000000-0x000001f6f4000000, reserved size: 1073741824
Narrow klass base: 0x000001f6b3000000, Narrow klass shift: 0, Narrow klass range: 0x100000000

GC Precious Log:
 CardTable entry size: 512
 Card Set container configuration: InlinePtr #cards 5 size 8 Array Of Cards #cards 12 size 40 Howl #buckets 4 coarsen threshold 1843 Howl Bitmap #cards 512 size 80 coarsen threshold 460 Card regions per heap region 1 cards per card region 2048
 CPUs: 2 total, 2 available
 Memory: 3983M
 Large Page Support: Disabled
 NUMA Support: Disabled
 Compressed Oops: Enabled (32-bit)
 Heap Region Size: 1M
 Heap Min Capacity: 64M
 Heap Initial Capacity: 64M
 Heap Max Capacity: 64M
 Pre-touch: Disabled
 Parallel Workers: 2
 Concurrent Workers: 1
 Concurrent Refinement Workers: 2
 Periodic GC: Disabled

Heap:
 garbage-first heap   total 65536K, used 37685K [0x00000000fc000000, 0x0000000100000000)
  region size 1024K, 30 young (30720K), 5 survivors (5120K)
 Metaspace       used 10258K, committed 10624K, reserved 1114112K
  class space    used 1321K, committed 1472K, reserved 1048576K

Heap Regions: E=young(eden), S=young(survivor), O=old, HS=humongous(starts), HC=humongous(continues), CS=collection set, F=free, TAMS=top-at-mark-start, PB=parsable bottom
|   0|0x00000000fc000000, 0x00000000fc100000, 0x00000000fc100000|100%| O|  |TAMS 0x00000000fc000000| PB 0x00000000fc000000| Untracked 
|   1|0x00000000fc100000, 0x00000000fc200000, 0x00000000fc200000|100%| O|  |TAMS 0x00000000fc100000| PB 0x00000000fc100000| Untracked 
|   2|0x00000000fc200000, 0x00000000fc300000, 0x00000000fc300000|100%|HS|  |TAMS 0x00000000fc200000| PB 0x00000000fc200000| Complete 
|   3|0x00000000fc300000, 0x00000000fc400000, 0x00000000fc400000|100%|HC|  |TAMS 0x00000000fc300000| PB 0x00000000fc300000| Complete 
|   4|0x00000000fc400000, 0x00000000fc500000, 0x00000000fc500000|100%|HC|  |TAMS 0x00000000fc400000| PB 0x00000000fc400000| Complete 
|   5|0x00000000fc500000, 0x00000000fc600000, 0x00000000fc600000|100%| O|  |TAMS 0x00000000fc500000| PB 0x00000000fc500000| Untracked 
|   6|0x00000000fc600000, 0x00000000fc700000, 0x00000000fc700000|100%| O|  |TAMS 0x00000000fc600000| PB 0x00000000fc600000| Untracked 
|   7|0x00000000fc700000, 0x00000000fc7cd7a0, 0x00000000fc800000| 80%| O|  |TAMS 0x00000000fc700000| PB 0x00000000fc700000| Untracked 
|   8|0x00000000fc800000, 0x00000000fc800000, 0x00000000fc900000|  0%| F|  |TAMS 0x00000000fc800000| PB 0x00000000fc800000| Untracked 
|   9|0x00000000fc900000, 0x00000000fc900000, 0x00000000fca00000|  0%| F|  |TAMS 0x00000000fc900000| PB 0x00000000fc900000| Untracked 
|  10|0x00000000fca00000, 0x00000000fca00000, 0x00000000fcb00000|  0%| F|  |TAMS 0x00000000fca00000| PB 0x00000000fca00000| Untracked 
|  11|0x00000000fcb00000, 0x00000000fcb00000, 0x00000000fcc00000|  0%| F|  |TAMS 0x00000000fcb00000| PB 0x00000000fcb00000| Untracked 
|  12|0x00000000fcc00000, 0x00000000fcc00000, 0x00000000fcd00000|  0%| F|  |TAMS 0x00000000fcc00000| PB 0x00000000fcc00000| Untracked 
|  13|0x00000000fcd00000, 0x00000000fcd00000, 0x00000000fce00000|  0%| F|  |TAMS 0x00000000fcd00000| PB 0x00000000fcd00000| Untracked 
|  14|0x00000000fce00000, 0x00000000fce00000, 0x00000000fcf00000|  0%| F|  |TAMS 0x00000000fce00000| PB 0x00000000fce00000| Untracked 
|  15|0x00000000fcf00000, 0x00000000fcf00000, 0x00000000fd000000|  0%| F|  |TAMS 0x00000000fcf00000| PB 0x00000000fcf00000| Untracked 
|  16|0x00000000fd000000, 0x00000000fd000000, 0x00000000fd100000|  0%| F|  |TAMS 0x00000000fd000000| PB 0x00000000fd000000| Untracked 
|  17|0x00000000fd100000, 0x00000000fd100000, 0x00000000fd200000|  0%| F|  |TAMS 0x00000000fd100000| PB 0x00000000fd100000| Untracked 
|  18|0x00000000fd200000, 0x00000000fd200000, 0x00000000fd300000|  0%| F|  |TAMS 0x00000000fd200000| PB 0x00000000fd200000| Untracked 
|  19|0x00000000fd300000, 0x00000000fd300000, 0x00000000fd400000|  0%| F|  |TAMS 0x00000000fd300000| PB 0x00000000fd300000| Untracked 
|  20|0x00000000fd400000, 0x00000000fd400000, 0x00000000fd500000|  0%| F|  |TAMS 0x00000000fd400000| PB 0x00000000fd400000| Untracked 
|  21|0x00000000fd500000, 0x00000000fd600000, 0x00000000fd600000|100%| S|CS|TAMS 0x00000000fd500000| PB 0x00000000fd500000| Complete 
|  22|0x00000000fd600000, 0x00000000fd700000, 0x00000000fd700000|100%| S|CS|TAMS 0x00000000fd600000| PB 0x00000000fd600000| Complete 
|  23|0x00000000fd700000, 0x00000000fd800000, 0x00000000fd800000|100%| S|CS|TAMS 0x00000000fd700000| PB 0x00000000fd700000| Complete 
|  24|0x00000000fd800000, 0x00000000fd900000, 0x00000000fd900000|100%| S|CS|TAMS 0x00000000fd800000| PB 0x00000000fd800000| Complete 
|  25|0x00000000fd900000, 0x00000000fda00000, 0x00000000fda00000|100%| S|CS|TAMS 0x00000000fd900000| PB 0x00000000fd900000| Complete 
|  26|0x00000000fda00000, 0x00000000fda00000, 0x00000000fdb00000|  0%| F|  |TAMS 0x00000000fda00000| PB 0x00000000fda00000| Untracked 
|  27|0x00000000fdb00000, 0x00000000fdb00000, 0x00000000fdc00000|  0%| F|  |TAMS 0x00000000fdb00000| PB 0x00000000fdb00000| Untracked 
|  28|0x00000000fdc00000, 0x00000000fdc00000, 0x00000000fdd00000|  0%| F|  |TAMS 0x00000000fdc00000| PB 0x00000000fdc00000| Untracked 
|  29|0x00000000fdd00000, 0x00000000fdd00000, 0x00000000fde00000|  0%| F|  |TAMS 0x00000000fdd00000| PB 0x00000000fdd00000| Untracked 
|  30|0x00000000fde00000, 0x00000000fde00000, 0x00000000fdf00000|  0%| F|  |TAMS 0x00000000fde00000| PB 0x00000000fde00000| Untracked 
|  31|0x00000000fdf00000, 0x00000000fdf00000, 0x00000000fe000000|  0%| F|  |TAMS 0x00000000fdf00000| PB 0x00000000fdf00000| Untracked 
|  32|0x00000000fe000000, 0x00000000fe000000, 0x00000000fe100000|  0%| F|  |TAMS 0x00000000fe000000| PB 0x00000000fe000000| Untracked 
|  33|0x00000000fe100000, 0x00000000fe100000, 0x00000000fe200000|  0%| F|  |TAMS 0x00000000fe100000| PB 0x00000000fe100000| Untracked 
|  34|0x00000000fe200000, 0x00000000fe200000, 0x00000000fe300000|  0%| F|  |TAMS 0x00000000fe200000| PB 0x00000000fe200000| Untracked 
|  35|0x00000000fe300000, 0x00000000fe300000, 0x00000000fe400000|  0%| F|  |TAMS 0x00000000fe300000| PB 0x00000000fe300000| Untracked 
|  36|0x00000000fe400000, 0x00000000fe400000, 0x00000000fe500000|  0%| F|  |TAMS 0x00000000fe400000| PB 0x00000000fe400000| Untracked 
|  37|0x00000000fe500000, 0x00000000fe500000, 0x00000000fe600000|  0%| F|  |TAMS 0x00000000fe500000| PB 0x00000000fe500000| Untracked 
|  38|0x00000000fe600000, 0x00000000fe600000, 0x00000000fe700000|  0%| F|  |TAMS 0x00000000fe600000| PB 0x00000000fe600000| Untracked 
|  39|0x00000000fe700000, 0x00000000fe7c1258, 0x00000000fe800000| 75%| E|  |TAMS 0x00000000fe700000| PB 0x00000000fe700000| Complete 
|  40|0x00000000fe800000, 0x00000000fe900000, 0x00000000fe900000|100%| E|CS|TAMS 0x00000000fe800000| PB 0x00000000fe800000| Complete 
|  41|0x00000000fe900000, 0x00000000fea00000, 0x00000000fea00000|100%| E|CS|TAMS 0x00000000fe900000| PB 0x00000000fe900000| Complete 
|  42|0x00000000fea00000, 0x00000000feb00000, 0x00000000feb00000|100%| E|CS|TAMS 0x00000000fea00000| PB 0x00000000fea00000| Complete 
|  43|0x00000000feb00000, 0x00000000fec00000, 0x00000000fec00000|100%| E|CS|TAMS 0x00000000feb00000| PB 0x00000000feb00000| Complete 
|  44|0x00000000fec00000, 0x00000000fed00000, 0x00000000fed00000|100%| E|CS|TAMS 0x00000000fec00000| PB 0x00000000fec00000| Complete 
|  45|0x00000000fed00000, 0x00000000fee00000, 0x00000000fee00000|100%| E|CS|TAMS 0x00000000fed00000| PB 0x00000000fed00000| Complete 
|  46|0x00000000fee00000, 0x00000000fef00000, 0x00000000fef00000|100%| E|CS|TAMS 0x00000000fee00000| PB 0x00000000fee00000| Complete 
|  47|0x00000000fef00000, 0x00000000ff000000, 0x00000000ff000000|100%| E|CS|TAMS 0x00000000fef00000| PB 0x00000000fef00000| Complete 
|  48|0x00000000ff000000, 0x00000000ff100000, 0x00000000ff100000|100%| E|CS|TAMS 0x00000000ff000000| PB 0x00000000ff000000| Complete 
|  49|0x00000000ff100000, 0x00000000ff200000, 0x00000000ff200000|100%| E|CS|TAMS 0x00000000ff100000| PB 0x00000000ff100000| Complete 
|  50|0x00000000ff200000, 0x00000000ff300000, 0x00000000ff300000|100%| E|CS|TAMS 0x00000000ff200000| PB 0x00000000ff200000| Complete 
|  51|0x00000000ff300000, 0x00000000ff400000, 0x00000000ff400000|100%| E|CS|TAMS 0x00000000ff300000| PB 0x00000000ff300000| Complete 
|  52|0x00000000ff400000, 0x00000000ff500000, 0x00000000ff500000|100%| E|CS|TAMS 0x00000000ff400000| PB 0x00000000ff400000| Complete 
|  53|0x00000000ff500000, 0x00000000ff600000, 0x00000000ff600000|100%| E|CS|TAMS 0x00000000ff500000| PB 0x00000000ff500000| Complete 
|  54|0x00000000ff600000, 0x00000000ff700000, 0x00000000ff700000|100%| E|CS|TAMS 0x00000000ff600000| PB 0x00000000ff600000| Complete 
|  55|0x00000000ff700000, 0x00000000ff800000, 0x00000000ff800000|100%| E|CS|TAMS 0x00000000ff700000| PB 0x00000000ff700000| Complete 
|  56|0x00000000ff800000, 0x00000000ff900000, 0x00000000ff900000|100%| E|CS|TAMS 0x00000000ff800000| PB 0x00000000ff800000| Complete 
|  57|0x00000000ff900000, 0x00000000ffa00000, 0x00000000ffa00000|100%| E|CS|TAMS 0x00000000ff900000| PB 0x00000000ff900000| Complete 
|  58|0x00000000ffa00000, 0x00000000ffb00000, 0x00000000ffb00000|100%| E|CS|TAMS 0x00000000ffa00000| PB 0x00000000ffa00000| Complete 
|  59|0x00000000ffb00000, 0x00000000ffc00000, 0x00000000ffc00000|100%| E|CS|TAMS 0x00000000ffb00000| PB 0x00000000ffb00000| Complete 
|  60|0x00000000ffc00000, 0x00000000ffd00000, 0x00000000ffd00000|100%| E|CS|TAMS 0x00000000ffc00000| PB 0x00000000ffc00000| Complete 
|  61|0x00000000ffd00000, 0x00000000ffe00000, 0x00000000ffe00000|100%| E|CS|TAMS 0x00000000ffd00000| PB 0x00000000ffd00000| Complete 
|  62|0x00000000ffe00000, 0x00000000fff00000, 0x00000000fff00000|100%| E|CS|TAMS 0x00000000ffe00000| PB 0x00000000ffe00000| Complete 
|  63|0x00000000fff00000, 0x0000000100000000, 0x0000000100000000|100%| E|CS|TAMS 0x00000000fff00000| PB 0x00000000fff00000| Complete 

Card table byte_map: [0x000001f696910000,0x000001f696930000] _byte_map_base: 0x000001f696130000

Marking Bits: (CMBitMap*) 0x000001f698a92240
 Bits: [0x000001f698650000, 0x000001f698750000)

Polling page: 0x000001f6968c0000

Metaspace:

Usage:
  Non-class:      8.73 MB used.
      Class:      1.29 MB used.
       Both:     10.02 MB used.

Virtual space:
  Non-class space:       64.00 MB reserved,       8.94 MB ( 14%) committed,  1 nodes.
      Class space:        1.00 GB reserved,       1.44 MB ( <1%) committed,  1 nodes.
             Both:        1.06 GB reserved,      10.38 MB ( <1%) committed. 

Chunk freelists:
   Non-Class:  6.29 MB
       Class:  14.51 MB
        Both:  20.81 MB

MaxMetaspaceSize: unlimited
CompressedClassSpaceSize: 1.00 GB
Initial GC threshold: 21.00 MB
Current GC threshold: 21.00 MB
CDS: on
 - commit_granule_bytes: 65536.
 - commit_granule_words: 8192.
 - virtual_space_node_default_size: 8388608.
 - enlarge_chunks_in_place: 1.
 - use_allocation_guard: 0.


Internal statistics:

num_allocs_failed_limit: 0.
num_arena_births: 320.
num_arena_deaths: 0.
num_vsnodes_births: 2.
num_vsnodes_deaths: 0.
num_space_committed: 166.
num_space_uncommitted: 0.
num_chunks_returned_to_freelist: 0.
num_chunks_taken_from_freelist: 647.
num_chunk_merges: 0.
num_chunk_splits: 407.
num_chunks_enlarged: 271.
num_inconsistent_stats: 0.

CodeHeap 'non-profiled nmethods': size=120064Kb used=1365Kb max_used=1365Kb free=118699Kb
 bounds [0x000001f6a8c40000, 0x000001f6a8eb0000, 0x000001f6b0180000]
CodeHeap 'profiled nmethods': size=120000Kb used=4365Kb max_used=4365Kb free=115634Kb
 bounds [0x000001f6a1180000, 0x000001f6a15d0000, 0x000001f6a86b0000]
CodeHeap 'non-nmethods': size=5696Kb used=1403Kb max_used=1441Kb free=4292Kb
 bounds [0x000001f6a86b0000, 0x000001f6a8920000, 0x000001f6a8c40000]
 total_blobs=2929 nmethods=2430 adapters=404
 compilation: enabled
              stopped_count=0, restarted_count=0
 full_count=0

Compilation events (20 events):
Event: 1469.379 Thread 0x000001f6b22e1240 nmethod 2421 0x000001f6a15ba910 code [0x000001f6a15baaa0, 0x000001f6a15babc0]
Event: 1469.383 Thread 0x000001f6b22e1240 2422       3       java.io.BufferedReader::implReadLine (301 bytes)
Event: 1469.386 Thread 0x000001f6b22e1240 nmethod 2422 0x000001f6a15bac90 code [0x000001f6a15baf80, 0x000001f6a15bbf60]
Event: 1469.386 Thread 0x000001f6b22e1240 2423       3       java.util.ArrayDeque::removeFirst (19 bytes)
Event: 1469.386 Thread 0x000001f6b22e1240 nmethod 2423 0x000001f6a15bc610 code [0x000001f6a15bc7e0, 0x000001f6a15bca28]
Event: 1469.386 Thread 0x000001f6b22e1240 2424       1       com.google.common.collect.EvictingQueue::delegate (5 bytes)
Event: 1469.386 Thread 0x000001f6b22e1240 nmethod 2424 0x000001f6a8d93690 code [0x000001f6a8d93820, 0x000001f6a8d938e8]
Event: 1469.391 Thread 0x000001f6b22e1240 2425       3       java.util.stream.ReduceOps$3ReducingSink::accept (15 bytes)
Event: 1469.392 Thread 0x000001f6b22e1240 nmethod 2425 0x000001f6a15bcb10 code [0x000001f6a15bccc0, 0x000001f6a15bcea8]
Event: 1469.392 Thread 0x000001f6b22e1240 2426   !   3       java.nio.file.FileChannelLinesSpliterator::readLine (37 bytes)
Event: 1469.394 Thread 0x000001f6b22e1240 nmethod 2426 0x000001f6a15bcf90 code [0x000001f6a15bd180, 0x000001f6a15bd568]
Event: 1469.394 Thread 0x000001f6b22e1240 2427       3       java.util.stream.Collectors$$Lambda/0x000001f6b4165c68::accept (11 bytes)
Event: 1469.394 Thread 0x000001f6b22e1240 nmethod 2427 0x000001f6a15bd710 code [0x000001f6a15bd8c0, 0x000001f6a15bdba8]
Event: 1469.394 Thread 0x000001f6b22e1240 2428       3       com.google.common.collect.EvictingQueue::add (48 bytes)
Event: 1469.395 Thread 0x000001f6b22e1240 nmethod 2428 0x000001f6a15bdc90 code [0x000001f6a15bdea0, 0x000001f6a15be568]
Event: 1469.397 Thread 0x000001f6b22764c0 2429 %     4       java.io.BufferedReader::implReadLine @ 125 (301 bytes)
Event: 1469.398 Thread 0x000001f6b22e1240 2430   !   3       java.io.BufferedReader::readLine (72 bytes)
Event: 1469.407 Thread 0x000001f6b22e1240 nmethod 2430 0x000001f6a15be790 code [0x000001f6a15bea20, 0x000001f6a15bf858]
Event: 1469.445 Thread 0x000001f6b22764c0 nmethod 2429% 0x000001f6a8d93990 code [0x000001f6a8d93bc0, 0x000001f6a8d949c0]
Event: 1469.487 Thread 0x000001f6b22764c0 2431       4       org.gradle.internal.logging.text.AbstractLineChoppingStyledTextOutput::doAppend (43 bytes)

GC Heap History (8 events):
Event: 1.611 GC heap before
{Heap before GC invocations=0 (full 0):
 garbage-first heap   total 65536K, used 6144K [0x00000000fc000000, 0x0000000100000000)
  region size 1024K, 6 young (6144K), 0 survivors (0K)
 Metaspace       used 1523K, committed 1728K, reserved 1114112K
  class space    used 147K, committed 256K, reserved 1048576K
}
Event: 1.734 GC heap after
{Heap after GC invocations=1 (full 0):
 garbage-first heap   total 65536K, used 1268K [0x00000000fc000000, 0x0000000100000000)
  region size 1024K, 1 young (1024K), 1 survivors (1024K)
 Metaspace       used 1523K, committed 1728K, reserved 1114112K
  class space    used 147K, committed 256K, reserved 1048576K
}
Event: 2.168 GC heap before
{Heap before GC invocations=1 (full 0):
 garbage-first heap   total 65536K, used 6388K [0x00000000fc000000, 0x0000000100000000)
  region size 1024K, 7 young (7168K), 1 survivors (1024K)
 Metaspace       used 1560K, committed 1728K, reserved 1114112K
  class space    used 147K, committed 256K, reserved 1048576K
}
Event: 2.172 GC heap after
{Heap after GC invocations=2 (full 0):
 garbage-first heap   total 65536K, used 1711K [0x00000000fc000000, 0x0000000100000000)
  region size 1024K, 1 young (1024K), 1 survivors (1024K)
 Metaspace       used 1560K, committed 1728K, reserved 1114112K
  class space    used 147K, committed 256K, reserved 1048576K
}
Event: 2.877 GC heap before
{Heap before GC invocations=2 (full 0):
 garbage-first heap   total 65536K, used 13999K [0x00000000fc000000, 0x0000000100000000)
  region size 1024K, 14 young (14336K), 1 survivors (1024K)
 Metaspace       used 1697K, committed 1856K, reserved 1114112K
  class space    used 149K, committed 256K, reserved 1048576K
}
Event: 2.882 GC heap after
{Heap after GC invocations=3 (full 0):
 garbage-first heap   total 65536K, used 2954K [0x00000000fc000000, 0x0000000100000000)
  region size 1024K, 2 young (2048K), 2 survivors (2048K)
 Metaspace       used 1697K, committed 1856K, reserved 1114112K
  class space    used 149K, committed 256K, reserved 1048576K
}
Event: 221.885 GC heap before
{Heap before GC invocations=3 (full 0):
 garbage-first heap   total 65536K, used 41866K [0x00000000fc000000, 0x0000000100000000)
  region size 1024K, 38 young (38912K), 2 survivors (2048K)
 Metaspace       used 10100K, committed 10432K, reserved 1114112K
  class space    used 1304K, committed 1472K, reserved 1048576K
}
Event: 222.133 GC heap after
{Heap after GC invocations=4 (full 0):
 garbage-first heap   total 65536K, used 13109K [0x00000000fc000000, 0x0000000100000000)
  region size 1024K, 5 young (5120K), 5 survivors (5120K)
 Metaspace       used 10100K, committed 10432K, reserved 1114112K
  class space    used 1304K, committed 1472K, reserved 1048576K
}

Dll operation events (13 events):
Event: 0.036 Loaded shared library C:\Program Files\Eclipse Adoptium\jdk-21.0.7.6-hotspot\bin\java.dll
Event: 0.252 Loaded shared library C:\Program Files\Eclipse Adoptium\jdk-21.0.7.6-hotspot\bin\jsvml.dll
Event: 0.523 Loaded shared library C:\Program Files\Eclipse Adoptium\jdk-21.0.7.6-hotspot\bin\net.dll
Event: 0.526 Loaded shared library C:\Program Files\Eclipse Adoptium\jdk-21.0.7.6-hotspot\bin\nio.dll
Event: 0.533 Loaded shared library C:\Program Files\Eclipse Adoptium\jdk-21.0.7.6-hotspot\bin\zip.dll
Event: 0.542 Loaded shared library C:\Program Files\Eclipse Adoptium\jdk-21.0.7.6-hotspot\bin\verify.dll
Event: 2.563 Loaded shared library C:\Program Files\Eclipse Adoptium\jdk-21.0.7.6-hotspot\bin\jimage.dll
Event: 4.823 Loaded shared library C:\Program Files\Eclipse Adoptium\jdk-21.0.7.6-hotspot\bin\management.dll
Event: 4.833 Loaded shared library C:\Program Files\Eclipse Adoptium\jdk-21.0.7.6-hotspot\bin\management_ext.dll
Event: 5.134 Loaded shared library C:\Users\Asia\.gradle\native\1def1411415f61bf3af743bc5b6707747c0891f09f0c88961ee8f79bc544acac\windows-amd64\native-platform.dll
Event: 5.352 Loaded shared library C:\Users\Asia\.gradle\native\jansi\1.18\windows64\jansi.dll
Event: 6.183 Loaded shared library C:\Program Files\Eclipse Adoptium\jdk-21.0.7.6-hotspot\bin\extnet.dll
Event: 7.561 Loaded shared library C:\Program Files\Eclipse Adoptium\jdk-21.0.7.6-hotspot\bin\sunmscapi.dll

Deoptimization events (20 events):
Event: 825.194 Thread 0x000001f6966bd1b0 DEOPT PACKING pc=0x000001f6a15b22cd sp=0x000000b72d8fd7f0
Event: 825.194 Thread 0x000001f6966bd1b0 DEOPT UNPACKING pc=0x000001f6a8704e42 sp=0x000000b72d8fcc88 mode 0
Event: 831.503 Thread 0x000001f6966bd1b0 DEOPT PACKING pc=0x000001f6a15b22cd sp=0x000000b72d8fd7f0
Event: 831.504 Thread 0x000001f6966bd1b0 DEOPT UNPACKING pc=0x000001f6a8704e42 sp=0x000000b72d8fcc88 mode 0
Event: 833.657 Thread 0x000001f6966bd1b0 DEOPT PACKING pc=0x000001f6a15b22cd sp=0x000000b72d8fd7f0
Event: 833.657 Thread 0x000001f6966bd1b0 DEOPT UNPACKING pc=0x000001f6a8704e42 sp=0x000000b72d8fcc88 mode 0
Event: 1468.104 Thread 0x000001f6966bd1b0 Uncommon trap: trap_request=0xffffff45 fr.pc=0x000001f6a8d87944 relative=0x0000000000000584
Event: 1468.104 Thread 0x000001f6966bd1b0 Uncommon trap: reason=unstable_if action=reinterpret pc=0x000001f6a8d87944 method=com.esotericsoftware.kryo.io.Input.require(I)I @ 180 c2
Event: 1468.104 Thread 0x000001f6966bd1b0 DEOPT PACKING pc=0x000001f6a8d87944 sp=0x000000b72d8fdeb0
Event: 1468.105 Thread 0x000001f6966bd1b0 DEOPT UNPACKING pc=0x000001f6a87046a2 sp=0x000000b72d8fdb80 mode 2
Event: 1468.398 Thread 0x000001f6966bd1b0 Uncommon trap: trap_request=0xffffff45 fr.pc=0x000001f6a8d7f924 relative=0x0000000000001f64
Event: 1468.399 Thread 0x000001f6966bd1b0 Uncommon trap: reason=unstable_if action=reinterpret pc=0x000001f6a8d7f924 method=org.gradle.internal.logging.sink.OutputEventTransformer.onOutput(Lorg/gradle/internal/logging/events/OutputEvent;)V @ 325 c2
Event: 1468.399 Thread 0x000001f6966bd1b0 DEOPT PACKING pc=0x000001f6a8d7f924 sp=0x000000b72d8fda90
Event: 1468.399 Thread 0x000001f6966bd1b0 DEOPT UNPACKING pc=0x000001f6a87046a2 sp=0x000000b72d8fda78 mode 2
Event: 1468.455 Thread 0x000001f6f80874c0 Uncommon trap: trap_request=0xfffffff4 fr.pc=0x000001f6a8d89f14 relative=0x0000000000000314
Event: 1468.455 Thread 0x000001f6f80874c0 Uncommon trap: reason=null_check action=make_not_entrant pc=0x000001f6a8d89f14 method=org.gradle.internal.logging.console.DefaultColorMap.getColor(Ljava/lang/String;)Lorg/gradle/internal/logging/console/ColorMap$Color; @ 10 c2
Event: 1468.455 Thread 0x000001f6f80874c0 DEOPT PACKING pc=0x000001f6a8d89f14 sp=0x000000b72ebfeab0
Event: 1468.455 Thread 0x000001f6f80874c0 DEOPT UNPACKING pc=0x000001f6a87046a2 sp=0x000000b72ebfea58 mode 2
Event: 1469.486 Thread 0x000001f6f80874c0 DEOPT PACKING pc=0x000001f6a14c217c sp=0x000000b72ebff150
Event: 1469.487 Thread 0x000001f6f80874c0 DEOPT UNPACKING pc=0x000001f6a8704e42 sp=0x000000b72ebfe620 mode 0

Classes loaded (20 events):
Event: 1468.665 Loading class sun/nio/fs/WindowsSecurityDescriptor
Event: 1468.678 Loading class sun/nio/fs/WindowsSecurityDescriptor done
Event: 1468.680 Loading class sun/nio/fs/WindowsChannelFactory
Event: 1468.687 Loading class sun/nio/fs/WindowsChannelFactory done
Event: 1468.690 Loading class sun/nio/fs/WindowsChannelFactory$1
Event: 1468.694 Loading class sun/nio/fs/WindowsChannelFactory$1 done
Event: 1468.696 Loading class sun/nio/fs/WindowsChannelFactory$Flags
Event: 1468.700 Loading class sun/nio/fs/WindowsChannelFactory$Flags done
Event: 1468.704 Loading class sun/nio/fs/WindowsChannelFactory$2
Event: 1468.704 Loading class sun/nio/fs/WindowsChannelFactory$2 done
Event: 1468.726 Loading class sun/nio/ch/FileChannelImpl$Closer
Event: 1468.737 Loading class sun/nio/ch/FileChannelImpl$Closer done
Event: 1469.231 Loading class java/util/stream/Streams$1
Event: 1469.238 Loading class java/util/stream/Streams$1 done
Event: 1469.334 Loading class java/nio/file/FileChannelLinesSpliterator$1
Event: 1469.334 Loading class java/nio/file/FileChannelLinesSpliterator$1 done
Event: 1469.340 Loading class java/nio/channels/Channels
Event: 1469.345 Loading class java/nio/channels/Channels done
Event: 1469.350 Loading class java/io/FileReader
Event: 1469.353 Loading class java/io/FileReader done

Classes unloaded (0 events):
No events

Classes redefined (0 events):
No events

Internal exceptions (20 events):
Event: 6.481 Thread 0x000001f6966bd1b0 Exception <a 'java/lang/NoSuchMethodError'{0x00000000fe594e80}: 'java.lang.Object java.lang.invoke.DirectMethodHandle$Holder.invokeStatic(java.lang.Object, java.lang.Object, java.lang.Object, java.lang.Object, java.lang.Object, java.lang.Object, java.lang.Object, java.lang.Object, java.lang.Object, java.lang.Object, java.lang.Object, java.lang.Object, java.lang.Object, java.lang.Object, java.lang.Object, java.lang.Object, java.lang.Object)'> (0x00000000fe594e80) 
thrown [s\src\hotspot\share\interpreter\lin
Event: 6.501 Thread 0x000001f6966bd1b0 Exception <a 'java/lang/NoSuchMethodError'{0x00000000fe5bc8e0}: 'java.lang.Object java.lang.invoke.DirectMethodHandle$Holder.invokeStatic(java.lang.Object, java.lang.Object, java.lang.Object, java.lang.Object, java.lang.Object, java.lang.Object, java.lang.Object, java.lang.Object, java.lang.Object, java.lang.Object, java.lang.Object, java.lang.Object, java.lang.Object, java.lang.Object, java.lang.Object, java.lang.Object, java.lang.Object, java.lang.Object)'> (0x00000000fe5bc8e0) 
thrown [s\src\hotspot\sha
Event: 6.509 Thread 0x000001f6966bd1b0 Exception <a 'java/lang/NoSuchMethodError'{0x00000000fe5e5128}: 'java.lang.Object java.lang.invoke.DirectMethodHandle$Holder.invokeStatic(java.lang.Object, java.lang.Object, java.lang.Object, java.lang.Object, java.lang.Object, java.lang.Object, java.lang.Object, java.lang.Object, java.lang.Object, java.lang.Object, java.lang.Object, java.lang.Object, java.lang.Object, java.lang.Object, java.lang.Object, java.lang.Object, java.lang.Object, java.lang.Object, java.lang.Object)'> (0x00000000fe5e5128) 
thrown 
Event: 6.516 Thread 0x000001f6966bd1b0 Exception <a 'java/lang/NoSuchMethodError'{0x00000000fe40f180}: 'java.lang.Object java.lang.invoke.DirectMethodHandle$Holder.invokeStatic(java.lang.Object, java.lang.Object, java.lang.Object, java.lang.Object, java.lang.Object, java.lang.Object, java.lang.Object, java.lang.Object, java.lang.Object, java.lang.Object, java.lang.Object, java.lang.Object, java.lang.Object, java.lang.Object, java.lang.Object, java.lang.Object, java.lang.Object, java.lang.Object, java.lang.Object, java.lang.Object)'> (0x00000000
Event: 6.525 Thread 0x000001f6966bd1b0 Exception <a 'java/lang/NoSuchMethodError'{0x00000000fe439d80}: 'java.lang.Object java.lang.invoke.DirectMethodHandle$Holder.invokeStatic(java.lang.Object, java.lang.Object, java.lang.Object, java.lang.Object, java.lang.Object, java.lang.Object, java.lang.Object, java.lang.Object, java.lang.Object, java.lang.Object, java.lang.Object, java.lang.Object, java.lang.Object, java.lang.Object, java.lang.Object, java.lang.Object, java.lang.Object, java.lang.Object, java.lang.Object, java.lang.Object, java.lang.Obj
Event: 6.534 Thread 0x000001f6966bd1b0 Exception <a 'java/lang/NoSuchMethodError'{0x00000000fe465780}: 'java.lang.Object java.lang.invoke.DirectMethodHandle$Holder.invokeStatic(java.lang.Object, java.lang.Object, java.lang.Object, java.lang.Object, java.lang.Object, java.lang.Object, java.lang.Object, java.lang.Object, java.lang.Object, java.lang.Object, java.lang.Object, java.lang.Object, java.lang.Object, java.lang.Object, java.lang.Object, java.lang.Object, java.lang.Object, java.lang.Object, java.lang.Object, java.lang.Object, java.lang.Obj
Event: 6.541 Thread 0x000001f6966bd1b0 Exception <a 'java/lang/NoSuchMethodError'{0x00000000fe491e50}: 'java.lang.Object java.lang.invoke.DirectMethodHandle$Holder.invokeStatic(java.lang.Object, java.lang.Object, java.lang.Object, java.lang.Object, java.lang.Object, java.lang.Object, java.lang.Object, java.lang.Object, java.lang.Object, java.lang.Object, java.lang.Object, java.lang.Object, java.lang.Object, java.lang.Object, java.lang.Object, java.lang.Object, java.lang.Object, java.lang.Object, java.lang.Object, java.lang.Object, java.lang.Obj
Event: 6.549 Thread 0x000001f6966bd1b0 Exception <a 'java/lang/NoSuchMethodError'{0x00000000fe4beec8}: 'java.lang.Object java.lang.invoke.DirectMethodHandle$Holder.invokeStatic(java.lang.Object, java.lang.Object, java.lang.Object, java.lang.Object, java.lang.Object, java.lang.Object, java.lang.Object, java.lang.Object, java.lang.Object, java.lang.Object, java.lang.Object, java.lang.Object, java.lang.Object, java.lang.Object, java.lang.Object, java.lang.Object, java.lang.Object, java.lang.Object, java.lang.Object, java.lang.Object, java.lang.Obj
Event: 6.580 Thread 0x000001f6966bd1b0 Exception <a 'java/lang/NoSuchMethodError'{0x00000000fe4ed9e0}: 'java.lang.Object java.lang.invoke.DirectMethodHandle$Holder.invokeStatic(java.lang.Object, java.lang.Object, java.lang.Object, java.lang.Object, java.lang.Object, java.lang.Object, java.lang.Object, java.lang.Object, java.lang.Object, java.lang.Object, java.lang.Object, java.lang.Object, java.lang.Object, java.lang.Object, java.lang.Object, java.lang.Object, java.lang.Object, java.lang.Object, java.lang.Object, java.lang.Object, java.lang.Obj
Event: 6.602 Thread 0x000001f6966bd1b0 Exception <a 'java/lang/NoSuchMethodError'{0x00000000fe3124d8}: 'java.lang.Object java.lang.invoke.DirectMethodHandle$Holder.invokeSpecial(java.lang.Object, java.lang.Object, java.lang.Object, java.lang.Object, java.lang.Object, java.lang.Object, java.lang.Object, java.lang.Object, java.lang.Object, java.lang.Object, java.lang.Object, java.lang.Object, java.lang.Object, java.lang.Object, java.lang.Object, java.lang.Object, java.lang.Object, java.lang.Object, java.lang.Object, java.lang.Object, java.lang.Ob
Event: 6.605 Thread 0x000001f6966bd1b0 Exception <a 'java/lang/NoSuchMethodError'{0x00000000fe327f70}: 'java.lang.Object java.lang.invoke.DirectMethodHandle$Holder.newInvokeSpecial(java.lang.Object, java.lang.Object, java.lang.Object, java.lang.Object, java.lang.Object, java.lang.Object, java.lang.Object, java.lang.Object, java.lang.Object, java.lang.Object, java.lang.Object, java.lang.Object, java.lang.Object, java.lang.Object, java.lang.Object, java.lang.Object, java.lang.Object, java.lang.Object, java.lang.Object, java.lang.Object, java.lang
Event: 6.607 Thread 0x000001f6966bd1b0 Exception <a 'java/lang/NoSuchMethodError'{0x00000000fe32e168}: 'java.lang.Object java.lang.invoke.Invokers$Holder.linkToTargetMethod(java.lang.Object, java.lang.Object, java.lang.Object, java.lang.Object, java.lang.Object, java.lang.Object, java.lang.Object, java.lang.Object, java.lang.Object, java.lang.Object, java.lang.Object, java.lang.Object, java.lang.Object, java.lang.Object, java.lang.Object, java.lang.Object, java.lang.Object, java.lang.Object, java.lang.Object, java.lang.Object, java.lang.Object,
Event: 6.608 Thread 0x000001f6966bd1b0 Exception <a 'java/lang/NoSuchMethodError'{0x00000000fe333228}: 'java.lang.Object java.lang.invoke.DirectMethodHandle$Holder.invokeVirtual(java.lang.Object, java.lang.Object, java.lang.Object, java.lang.Object, java.lang.Object, java.lang.Object, java.lang.Object, java.lang.Object, java.lang.Object, java.lang.Object)'> (0x00000000fe333228) 
thrown [s\src\hotspot\share\interpreter\linkResolver.cpp, line 773]
Event: 6.678 Thread 0x000001f6966bd1b0 Exception <a 'java/lang/NoSuchMethodError'{0x00000000fe2289d8}: 'java.lang.Object java.lang.invoke.DirectMethodHandle$Holder.invokeVirtual(java.lang.Object, java.lang.Object, java.lang.Object, java.lang.Object, java.lang.Object, java.lang.Object, java.lang.Object, java.lang.Object, java.lang.Object)'> (0x00000000fe2289d8) 
thrown [s\src\hotspot\share\interpreter\linkResolver.cpp, line 773]
Event: 6.778 Thread 0x000001f6966bd1b0 Exception <a 'java/lang/NoSuchMethodError'{0x00000000fe141ca0}: 'java.lang.Object java.lang.invoke.DirectMethodHandle$Holder.invokeVirtual(java.lang.Object, java.lang.Object, java.lang.Object, java.lang.Object, java.lang.Object, java.lang.Object, java.lang.Object, java.lang.Object)'> (0x00000000fe141ca0) 
thrown [s\src\hotspot\share\interpreter\linkResolver.cpp, line 773]
Event: 6.844 Thread 0x000001f6966bd1b0 Exception <a 'java/lang/NoSuchMethodError'{0x00000000fe1cbcf0}: 'java.lang.Object java.lang.invoke.DirectMethodHandle$Holder.invokeStaticInit(java.lang.Object, int, int, int, int)'> (0x00000000fe1cbcf0) 
thrown [s\src\hotspot\share\interpreter\linkResolver.cpp, line 773]
Event: 6.929 Thread 0x000001f6966bd1b0 Exception <a 'java/lang/NoSuchMethodError'{0x00000000fe1f3170}: 'java.lang.Object java.lang.invoke.DirectMethodHandle$Holder.invokeStaticInit(java.lang.Object, java.lang.Object, int, int, int, int)'> (0x00000000fe1f3170) 
thrown [s\src\hotspot\share\interpreter\linkResolver.cpp, line 773]
Event: 7.103 Thread 0x000001f6966bd1b0 Implicit null exception at 0x000001f6a8c8df20 to 0x000001f6a8c8e56c
Event: 7.111 Thread 0x000001f6966bd1b0 Exception <a 'java/lang/NoSuchMethodError'{0x00000000fe0ca330}: 'void java.lang.invoke.DirectMethodHandle$Holder.invokeInterface(java.lang.Object, java.lang.Object, java.lang.Object)'> (0x00000000fe0ca330) 
thrown [s\src\hotspot\share\interpreter\linkResolver.cpp, line 773]
Event: 1468.095 Thread 0x000001f6966bd1b0 Exception <a 'sun/net/ConnectionResetException'{0x00000000fe84e9d8}: Connection reset> (0x00000000fe84e9d8) 
thrown [s\src\hotspot\share\prims\jni.cpp, line 539]

ZGC Phase Switch (0 events):
No events

VM Operations (20 events):
Event: 1301.732 Executing VM operation: Cleanup
Event: 1301.732 Executing VM operation: Cleanup done
Event: 1323.056 Executing VM operation: HandshakeAllThreads (HandshakeForDeflation)
Event: 1323.056 Executing VM operation: HandshakeAllThreads (HandshakeForDeflation) done
Event: 1323.056 Executing VM operation: RendezvousGCThreads
Event: 1323.056 Executing VM operation: RendezvousGCThreads done
Event: 1371.676 Executing VM operation: Cleanup
Event: 1371.676 Executing VM operation: Cleanup done
Event: 1383.233 Executing VM operation: HandshakeAllThreads (HandshakeForDeflation)
Event: 1383.233 Executing VM operation: HandshakeAllThreads (HandshakeForDeflation) done
Event: 1383.233 Executing VM operation: RendezvousGCThreads
Event: 1383.233 Executing VM operation: RendezvousGCThreads done
Event: 1401.842 Executing VM operation: Cleanup
Event: 1401.842 Executing VM operation: Cleanup done
Event: 1443.483 Executing VM operation: HandshakeAllThreads (HandshakeForDeflation)
Event: 1443.484 Executing VM operation: HandshakeAllThreads (HandshakeForDeflation) done
Event: 1443.484 Executing VM operation: RendezvousGCThreads
Event: 1443.484 Executing VM operation: RendezvousGCThreads done
Event: 1468.788 Executing VM operation: Cleanup
Event: 1468.807 Executing VM operation: Cleanup done

Memory protections (0 events):
No events

Nmethod flushes (0 events):
No events

Events (12 events):
Event: 0.131 Thread 0x000001f6966bd1b0 Thread added: 0x000001f6966bd1b0
Event: 0.219 Thread 0x000001f6966bd1b0 Thread added: 0x000001f6b226d380
Event: 0.220 Thread 0x000001f6966bd1b0 Thread added: 0x000001f6b2270df0
Event: 0.220 Thread 0x000001f6966bd1b0 Thread added: 0x000001f6b2271840
Event: 0.220 Thread 0x000001f6966bd1b0 Thread added: 0x000001f6b2272290
Event: 0.224 Thread 0x000001f6966bd1b0 Thread added: 0x000001f6b2272ce0
Event: 0.224 Thread 0x000001f6966bd1b0 Thread added: 0x000001f6b2273730
Event: 0.224 Thread 0x000001f6966bd1b0 Thread added: 0x000001f6b22764c0
Event: 0.262 Thread 0x000001f6966bd1b0 Thread added: 0x000001f6b22e1240
Event: 0.372 Thread 0x000001f6966bd1b0 Thread added: 0x000001f6b23458d0
Event: 0.376 Thread 0x000001f6966bd1b0 Thread added: 0x000001f6b2346340
Event: 5.442 Thread 0x000001f6966bd1b0 Thread added: 0x000001f6f80874c0


Dynamic libraries:
0x00007ff728a70000 - 0x00007ff728a7e000 	C:\Program Files\Eclipse Adoptium\jdk-21.0.7.6-hotspot\bin\java.exe
0x00007ffb9ac20000 - 0x00007ffb9ae29000 	C:\Windows\SYSTEM32\ntdll.dll
0x00007ffb98fc0000 - 0x00007ffb9907d000 	C:\Windows\System32\KERNEL32.DLL
0x00007ffb980b0000 - 0x00007ffb98434000 	C:\Windows\System32\KERNELBASE.dll
0x00007ffb98620000 - 0x00007ffb98731000 	C:\Windows\System32\ucrtbase.dll
0x00007ffb8c070000 - 0x00007ffb8c088000 	C:\Program Files\Eclipse Adoptium\jdk-21.0.7.6-hotspot\bin\jli.dll
0x00007ffb9aa30000 - 0x00007ffb9abdd000 	C:\Windows\System32\USER32.dll
0x00007ffb98740000 - 0x00007ffb98766000 	C:\Windows\System32\win32u.dll
0x00007ffb9aa00000 - 0x00007ffb9aa2a000 	C:\Windows\System32\GDI32.dll
0x00007ffb98500000 - 0x00007ffb9861e000 	C:\Windows\System32\gdi32full.dll
0x00007ffb98960000 - 0x00007ffb989fd000 	C:\Windows\System32\msvcp_win.dll
0x00007ffb8c050000 - 0x00007ffb8c06e000 	C:\Program Files\Eclipse Adoptium\jdk-21.0.7.6-hotspot\bin\VCRUNTIME140.dll
0x00007ffb8b260000 - 0x00007ffb8b505000 	C:\Windows\WinSxS\amd64_microsoft.windows.common-controls_6595b64144ccf1df_6.0.22000.120_none_9d947278b86cc467\COMCTL32.dll
0x00007ffb98c80000 - 0x00007ffb98d23000 	C:\Windows\System32\msvcrt.dll
0x00007ffb998f0000 - 0x00007ffb99921000 	C:\Windows\System32\IMM32.DLL
0x00007ffb8cc20000 - 0x00007ffb8cc2c000 	C:\Program Files\Eclipse Adoptium\jdk-21.0.7.6-hotspot\bin\vcruntime140_1.dll
0x00007ffb8bea0000 - 0x00007ffb8bf2d000 	C:\Program Files\Eclipse Adoptium\jdk-21.0.7.6-hotspot\bin\msvcp140.dll
0x00007ffb57f80000 - 0x00007ffb58d10000 	C:\Program Files\Eclipse Adoptium\jdk-21.0.7.6-hotspot\bin\server\jvm.dll
0x00007ffb9a2d0000 - 0x00007ffb9a37e000 	C:\Windows\System32\ADVAPI32.dll
0x00007ffb9a5d0000 - 0x00007ffb9a66e000 	C:\Windows\System32\sechost.dll
0x00007ffb98d30000 - 0x00007ffb98e51000 	C:\Windows\System32\RPCRT4.dll
0x00007ffb98f40000 - 0x00007ffb98faf000 	C:\Windows\System32\WS2_32.dll
0x00007ffb97b50000 - 0x00007ffb97b9d000 	C:\Windows\SYSTEM32\POWRPROF.dll
0x00007ffb8fda0000 - 0x00007ffb8fdd3000 	C:\Windows\SYSTEM32\WINMM.dll
0x00007ffb8f430000 - 0x00007ffb8f43a000 	C:\Windows\SYSTEM32\VERSION.dll
0x00007ffb979e0000 - 0x00007ffb979f3000 	C:\Windows\SYSTEM32\UMPDC.dll
0x00007ffb97120000 - 0x00007ffb97138000 	C:\Windows\SYSTEM32\kernel.appcore.dll
0x00007ffb8caa0000 - 0x00007ffb8caaa000 	C:\Program Files\Eclipse Adoptium\jdk-21.0.7.6-hotspot\bin\jimage.dll
0x00007ffb7e650000 - 0x00007ffb7e871000 	C:\Windows\SYSTEM32\DBGHELP.DLL
0x00007ffb7b4f0000 - 0x00007ffb7b521000 	C:\Windows\SYSTEM32\dbgcore.DLL
0x00007ffb988e0000 - 0x00007ffb9895f000 	C:\Windows\System32\bcryptPrimitives.dll
0x00007ffb88910000 - 0x00007ffb8892f000 	C:\Program Files\Eclipse Adoptium\jdk-21.0.7.6-hotspot\bin\java.dll
0x00007ffb99930000 - 0x00007ffb9a0f5000 	C:\Windows\System32\SHELL32.dll
0x00007ffb96180000 - 0x00007ffb969e2000 	C:\Windows\SYSTEM32\windows.storage.dll
0x00007ffb99570000 - 0x00007ffb998e6000 	C:\Windows\System32\combase.dll
0x00007ffb96010000 - 0x00007ffb96177000 	C:\Windows\SYSTEM32\wintypes.dll
0x00007ffb9a6f0000 - 0x00007ffb9a7da000 	C:\Windows\System32\SHCORE.dll
0x00007ffb98e60000 - 0x00007ffb98ebd000 	C:\Windows\System32\shlwapi.dll
0x00007ffb97fe0000 - 0x00007ffb98005000 	C:\Windows\SYSTEM32\profapi.dll
0x00007ffb88830000 - 0x00007ffb88907000 	C:\Program Files\Eclipse Adoptium\jdk-21.0.7.6-hotspot\bin\jsvml.dll
0x00007ffb8c040000 - 0x00007ffb8c050000 	C:\Program Files\Eclipse Adoptium\jdk-21.0.7.6-hotspot\bin\net.dll
0x00007ffb90430000 - 0x00007ffb90544000 	C:\Windows\SYSTEM32\WINHTTP.dll
0x00007ffb975d0000 - 0x00007ffb97637000 	C:\Windows\system32\mswsock.dll
0x00007ffb88810000 - 0x00007ffb88826000 	C:\Program Files\Eclipse Adoptium\jdk-21.0.7.6-hotspot\bin\nio.dll
0x00007ffb887f0000 - 0x00007ffb88808000 	C:\Program Files\Eclipse Adoptium\jdk-21.0.7.6-hotspot\bin\zip.dll
0x00007ffb8b550000 - 0x00007ffb8b560000 	C:\Program Files\Eclipse Adoptium\jdk-21.0.7.6-hotspot\bin\verify.dll
0x00007ffb8abc0000 - 0x00007ffb8abca000 	C:\Program Files\Eclipse Adoptium\jdk-21.0.7.6-hotspot\bin\management.dll
0x00007ffb8a850000 - 0x00007ffb8a85b000 	C:\Program Files\Eclipse Adoptium\jdk-21.0.7.6-hotspot\bin\management_ext.dll
0x00007ffb9a380000 - 0x00007ffb9a388000 	C:\Windows\System32\PSAPI.DLL
0x00007ffb88a30000 - 0x00007ffb88a57000 	C:\Users\Asia\.gradle\native\1def1411415f61bf3af743bc5b6707747c0891f09f0c88961ee8f79bc544acac\windows-amd64\native-platform.dll
0x00007ffb8d010000 - 0x00007ffb8d01a000 	C:\Users\Asia\.gradle\native\jansi\1.18\windows64\jansi.dll
0x00007ffb96c40000 - 0x00007ffb96c6d000 	C:\Windows\SYSTEM32\IPHLPAPI.DLL
0x00007ffb98fb0000 - 0x00007ffb98fb9000 	C:\Windows\System32\NSI.dll
0x00007ffb890b0000 - 0x00007ffb890b9000 	C:\Program Files\Eclipse Adoptium\jdk-21.0.7.6-hotspot\bin\extnet.dll
0x00007ffb97880000 - 0x00007ffb97898000 	C:\Windows\SYSTEM32\CRYPTSP.dll
0x00007ffb97080000 - 0x00007ffb970b5000 	C:\Windows\system32\rsaenh.dll
0x00007ffb97730000 - 0x00007ffb9775c000 	C:\Windows\SYSTEM32\USERENV.dll
0x00007ffb97a30000 - 0x00007ffb97a57000 	C:\Windows\SYSTEM32\bcrypt.dll
0x00007ffb978a0000 - 0x00007ffb978ac000 	C:\Windows\SYSTEM32\CRYPTBASE.dll
0x00007ffb8d030000 - 0x00007ffb8d03e000 	C:\Program Files\Eclipse Adoptium\jdk-21.0.7.6-hotspot\bin\sunmscapi.dll
0x00007ffb98770000 - 0x00007ffb988d2000 	C:\Windows\System32\CRYPT32.dll
0x00007ffb97a00000 - 0x00007ffb97a28000 	C:\Windows\SYSTEM32\ncrypt.dll
0x00007ffb979a0000 - 0x00007ffb979d7000 	C:\Windows\SYSTEM32\NTASN1.dll
0x00007ffb826c0000 - 0x00007ffb826c8000 	C:\Windows\system32\wshunix.dll

dbghelp: loaded successfully - version: 4.0.5 - missing functions: none
symbol engine: initialized successfully - sym options: 0x614 - pdb path: .;C:\Program Files\Eclipse Adoptium\jdk-21.0.7.6-hotspot\bin;C:\Windows\SYSTEM32;C:\Windows\WinSxS\amd64_microsoft.windows.common-controls_6595b64144ccf1df_6.0.22000.120_none_9d947278b86cc467;C:\Program Files\Eclipse Adoptium\jdk-21.0.7.6-hotspot\bin\server;C:\Users\Asia\.gradle\native\1def1411415f61bf3af743bc5b6707747c0891f09f0c88961ee8f79bc544acac\windows-amd64;C:\Users\Asia\.gradle\native\jansi\1.18\windows64

VM Arguments:
jvm_args: -Xmx64m -Xms64m -Dorg.gradle.appname=gradlew 
java_command: org.gradle.wrapper.GradleWrapperMain clean assembleRelease
java_class_path (initial): D:\BodaGo-Apps\DriverApp\android\\gradle\wrapper\gradle-wrapper.jar
Launcher Type: SUN_STANDARD

[Global flags]
     intx CICompilerCount                          = 2                                         {product} {ergonomic}
     uint ConcGCThreads                            = 1                                         {product} {ergonomic}
     uint G1ConcRefinementThreads                  = 2                                         {product} {ergonomic}
   size_t G1HeapRegionSize                         = 1048576                                   {product} {ergonomic}
    uintx GCDrainStackTargetSize                   = 64                                        {product} {ergonomic}
   size_t InitialHeapSize                          = 67108864                                  {product} {command line}
   size_t MarkStackSize                            = 4194304                                   {product} {ergonomic}
   size_t MaxHeapSize                              = 67108864                                  {product} {command line}
   size_t MaxNewSize                               = 39845888                                  {product} {ergonomic}
   size_t MinHeapDeltaBytes                        = 1048576                                   {product} {ergonomic}
   size_t MinHeapSize                              = 67108864                                  {product} {command line}
    uintx NonNMethodCodeHeapSize                   = 5826188                                {pd product} {ergonomic}
    uintx NonProfiledCodeHeapSize                  = 122916026                              {pd product} {ergonomic}
    uintx ProfiledCodeHeapSize                     = 122916026                              {pd product} {ergonomic}
    uintx ReservedCodeCacheSize                    = 251658240                              {pd product} {ergonomic}
     bool SegmentedCodeCache                       = true                                      {product} {ergonomic}
   size_t SoftMaxHeapSize                          = 67108864                               {manageable} {ergonomic}
     bool UseCompressedOops                        = true                           {product lp64_product} {ergonomic}
     bool UseG1GC                                  = true                                      {product} {ergonomic}
     bool UseLargePagesIndividualAllocation        = false                                  {pd product} {ergonomic}

Logging:
Log output configuration:
 #0: stdout all=warning uptime,level,tags foldmultilines=false
 #1: stderr all=off uptime,level,tags foldmultilines=false

Environment Variables:
JAVA_HOME=C:\Program Files\Eclipse Adoptium\jdk-21.0.7.6-hotspot
CLASSPATH=D:\BodaGo-Apps\DriverApp\android\\gradle\wrapper\gradle-wrapper.jar
PATH=C:\Program Files\Eclipse Adoptium\jdk-21.0.7.6-hotspot\bin;C:\Windows\system32;C:\Windows;C:\Windows\System32\Wbem;C:\Windows\System32\WindowsPowerShell\v1.0\;C:\Windows\System32\OpenSSH\;C:\Users\Asia\AppData\Local\nvm;C:\nvm4w\nodejs;C:\Program Files\Eclipse Adoptium\jdk-21.0.7.6-hotspot\bin;C:\Program Files\Git\cmd;C:\Program Files\GitHub CLI\;C:\Program Files\nodejs\;C:\Users\Asia\AppData\Local\Microsoft\WindowsApps;C:\Users\Asia\AppData\Local\Programs\Microsoft VS Code\bin;C:\Users\Asia\AppData\Local\nvm;C:\nvm4w\nodejs;C:\Users\Asia\AppData\Roaming\npm
USERNAME=Asia
OS=Windows_NT
PROCESSOR_IDENTIFIER=AMD64 Family 21 Model 112 Stepping 0, AuthenticAMD
TMP=C:\Users\Asia\AppData\Local\Temp
TEMP=C:\Users\Asia\AppData\Local\Temp




Periodic native trim disabled

---------------  S Y S T E M  ---------------

OS:
 Windows 11 , 64 bit Build 22000 (10.0.22000.2538)
OS uptime: 0 days 19:49 hours

CPU: total 2 (initial active 2) (2 cores per cpu, 1 threads per core) family 21 model 112 stepping 0 microcode 0x0, cx8, cmov, fxsr, mmx, 3dnowpref, sse, sse2, sse3, ssse3, sse4a, sse4.1, sse4.2, popcnt, lzcnt, tsc, tscinvbit, avx, avx2, aes, clmul, bmi1, bmi2, fma, vzeroupper, clflush, rdtscp, f16c
Processor Information for the first 2 processors :
  Max Mhz: 3100, Current Mhz: 2800, Mhz Limit: 2790

Memory: 4k page, system-wide physical 3983M (137M free)
TotalPageFile size 11430M (AvailPageFile size 4M)
current process WorkingSet (physical memory assigned to process): 32M, peak: 100M
current process commit charge ("private bytes"): 157M, peak: 177M

vm_info: OpenJDK 64-Bit Server VM (21.0.7+6-LTS) for windows-amd64 JRE (21.0.7+6-LTS), built on 2025-04-15T00:00:00Z by "admin" with MS VC++ 17.7 (VS2022)

END.
